============================= test session starts ==============================
platform linux -- Python 3.13.5, pytest-8.4.1, pluggy-1.5.0 -- /home/ollie/miniconda3/bin/python3.13
cachedir: .pytest_cache
rootdir: /home/ollie/Documents/tmp/nanoBragg
configfile: pyproject.toml
plugins: anyio-4.9.0
collecting ... collected 12 items

tests/test_at_parallel_013.py::TestATParallel013CrossPlatformConsistency::test_pytorch_determinism_same_seed PASSED [  8%]
tests/test_at_parallel_013.py::TestATParallel013CrossPlatformConsistency::test_pytorch_determinism_different_seeds PASSED [ 16%]
tests/test_at_parallel_013.py::TestATParallel013CrossPlatformConsistency::test_pytorch_consistency_across_runs PASSED [ 25%]
tests/test_at_parallel_013.py::TestATParallel013CrossPlatformConsistency::test_c_pytorch_equivalence SKIPPED [ 33%]
tests/test_at_parallel_013.py::TestATParallel013CrossPlatformConsistency::test_platform_fingerprint PASSED [ 41%]
tests/test_at_parallel_013.py::TestATParallel013CrossPlatformConsistency::test_numerical_precision_float64 PASSED [ 50%]
tests/test_at_parallel_024.py::TestAT_PARALLEL_024::test_pytorch_determinism PASSED [ 58%]
tests/test_at_parallel_024.py::TestAT_PARALLEL_024::test_seed_independence PASSED [ 66%]
tests/test_at_parallel_024.py::TestAT_PARALLEL_024::test_c_pytorch_equivalence SKIPPED [ 75%]
tests/test_at_parallel_024.py::TestAT_PARALLEL_024::test_lcg_compatibility PASSED [ 83%]
tests/test_at_parallel_024.py::TestAT_PARALLEL_024::test_mosaic_rotation_umat_determinism PASSED [ 91%]
tests/test_at_parallel_024.py::TestAT_PARALLEL_024::test_umat2misset_round_trip PASSED [100%]

======================== 10 passed, 2 skipped in 5.52s =========================
