<?xml version="1.0" encoding="utf-8"?><testsuites name="pytest tests"><testsuite name="pytest" errors="0" failures="36" skipped="145" tests="685" time="1867.551" timestamp="2025-10-10T20:34:59.052043-07:00" hostname="ollie-System-Product-Name"><testcase classname="" name="tests.test_at_parallel_009" time="0.000"><skipped message="collection skipped">('/home/ollie/Documents/tmp/nanoBragg/tests/test_at_parallel_009.py', 24, 'Skipped: Skipping parallel validation tests. Set NB_RUN_PARALLEL=1 to run.')</skipped></testcase><testcase classname="tests.test_at_abs_001.TestAT_ABS_001" name="test_absorption_disabled_when_zero[cpu]" time="1.596" /><testcase classname="tests.test_at_abs_001.TestAT_ABS_001" name="test_capture_fraction_calculation[False-cpu]" time="0.002" /><testcase classname="tests.test_at_abs_001.TestAT_ABS_001" name="test_capture_fraction_calculation[True-cpu]" time="0.001" /><testcase classname="tests.test_at_abs_001.TestAT_ABS_001" name="test_last_value_vs_accumulation_semantics[cpu]" time="0.424" /><testcase classname="tests.test_at_abs_001.TestAT_ABS_001" name="test_parallax_dependence[False-cpu]" time="0.281" /><testcase classname="tests.test_at_abs_001.TestAT_ABS_001" name="test_parallax_dependence[True-cpu]" time="0.006" /><testcase classname="tests.test_at_abs_001.TestAT_ABS_001" name="test_absorption_with_tilted_detector[False-cpu]" time="0.007" /><testcase classname="tests.test_at_abs_001.TestAT_ABS_001" name="test_absorption_with_tilted_detector[True-cpu]" time="0.006" /><testcase classname="tests.test_at_bkg_001.TestAT_BKG_001" name="test_water_background_calculation" time="1.115" /><testcase classname="tests.test_at_bkg_001.TestAT_BKG_001" name="test_water_background_zero" time="0.003" /><testcase classname="tests.test_at_bkg_001.TestAT_BKG_001" name="test_water_background_additive" time="0.005" /><testcase classname="tests.test_at_cli_001.TestAT_CLI_001" name="test_cli_help_short_flag" time="1.009" /><testcase classname="tests.test_at_cli_001.TestAT_CLI_001" name="test_cli_help_long_flag" time="0.987" /><testcase classname="tests.test_at_cli_001.TestAT_CLI_001" name="test_cli_invocable" time="0.000" /><testcase classname="tests.test_at_cli_001.TestAT_CLI_001" name="test_cli_help_includes_examples" time="0.992" /><testcase classname="tests.test_at_cli_001.TestAT_CLI_001" name="test_cli_help_includes_wavelength_synonyms" time="0.990" /><testcase classname="tests.test_at_cli_001.TestAT_CLI_001" name="test_cli_help_includes_output_synonyms" time="0.999" /><testcase classname="tests.test_at_cli_002.TestAT_CLI_002" name="test_minimal_render_with_default_F" time="1.000" /><testcase classname="tests.test_at_cli_002.TestAT_CLI_002" name="test_minimal_render_with_hkl_file" time="1.007" /><testcase classname="tests.test_at_cli_002.TestAT_CLI_002" name="test_data_ordering_fast_major" time="0.987" /><testcase classname="tests.test_at_cli_002.TestAT_CLI_002" name="test_error_without_required_inputs" time="0.988" /><testcase classname="tests.test_at_cli_003.TestATCLI003" name="test_mosflm_default_pivot_beam" time="1.008" /><testcase classname="tests.test_at_cli_003.TestATCLI003" name="test_xds_default_pivot_sample" time="1.005" /><testcase classname="tests.test_at_cli_003.TestATCLI003" name="test_pivot_override_mosflm_to_sample" time="1.005" /><testcase classname="tests.test_at_cli_003.TestATCLI003" name="test_pivot_override_xds_to_beam" time="1.000" /><testcase classname="tests.test_at_cli_003.TestATCLI003" name="test_convention_header_keys_consistency" time="3.018" /><testcase classname="tests.test_at_cli_004" name="test_header_precedence_img_then_mask" time="1.009" /><testcase classname="tests.test_at_cli_004" name="test_mask_zeros_are_skipped" time="1.002" /><testcase classname="tests.test_at_cli_004" name="test_mask_beam_center_y_flip" time="1.001" /><testcase classname="tests.test_at_cli_004" name="test_conflicting_detector_size" time="1.002" /><testcase classname="tests.test_at_cli_004" name="test_img_only_no_mask" time="1.004" /><testcase classname="tests.test_at_cli_005" name="test_cli_roi_basic" time="1.012" /><testcase classname="tests.test_at_cli_005" name="test_cli_roi_with_noise" time="1.021" /><testcase classname="tests.test_at_cli_005" name="test_cli_roi_edge_cases" time="2.008" /><testcase classname="tests.test_at_cli_005" name="test_cli_roi_different_conventions" time="2.018" /><testcase classname="tests.test_at_cli_006" name="test_autoscale_without_scale_flag" time="1.010" /><testcase classname="tests.test_at_cli_006" name="test_explicit_scale_flag" time="1.001" /><testcase classname="tests.test_at_cli_006" name="test_pgm_without_pgmscale" time="0.997" /><testcase classname="tests.test_at_cli_006" name="test_pgm_with_explicit_pgmscale" time="1.000" /><testcase classname="tests.test_at_cli_006" name="test_pgm_format_compliance" time="0.998" /><testcase classname="tests.test_at_cli_007.TestATCLI007NoiseDeterminism" name="test_identical_seed_produces_identical_noise" time="2.006" /><testcase classname="tests.test_at_cli_007.TestATCLI007NoiseDeterminism" name="test_different_seed_produces_different_noise" time="2.017" /><testcase classname="tests.test_at_cli_007.TestATCLI007NoiseDeterminism" name="test_seed_determinism_without_roi" time="2.004" /><testcase classname="tests.test_at_cli_007.TestATCLI007NoiseDeterminism" name="test_negative_seed_accepted" time="2.013" /><testcase classname="tests.test_at_cli_007.TestATCLI007NoiseDeterminism" name="test_overload_count_determinism" time="3.038" /><testcase classname="tests.test_at_cli_008.TestATCLI008DminFiltering" name="test_dmin_filtering_reduces_intensity" time="2.033" /><testcase classname="tests.test_at_cli_008.TestATCLI008DminFiltering" name="test_dmin_very_strict_removes_most_intensity" time="1.030" /><testcase classname="tests.test_at_cli_008.TestATCLI008DminFiltering" name="test_dmin_zero_has_no_effect" time="2.019" /><testcase classname="tests.test_at_cli_009.TestATCLI009ErrorHandling" name="test_missing_hkl_and_fdump_with_default_f_zero" time="0.994" /><testcase classname="tests.test_at_cli_009.TestATCLI009ErrorHandling" name="test_missing_hkl_but_has_default_f" time="1.000" /><testcase classname="tests.test_at_cli_009.TestATCLI009ErrorHandling" name="test_missing_cell_parameters" time="0.988" /><testcase classname="tests.test_at_cli_009.TestATCLI009ErrorHandling" name="test_fdump_fallback" time="1.005" /><testcase classname="tests.test_at_cli_009.TestATCLI009ErrorHandling" name="test_help_message" time="0.995" /><testcase classname="tests.test_at_cli_009.TestATCLI009ErrorHandling" name="test_unsupported_flag_dispstep" time="0.993" /><testcase classname="tests.test_at_cli_009.TestATCLI009ErrorHandling" name="test_unsupported_flag_hdiv" time="0.999" /><testcase classname="tests.test_at_cli_009.TestATCLI009ErrorHandling" name="test_unsupported_flag_vdiv" time="0.990" /><testcase classname="tests.test_at_crystal_absolute.TestATCrystalAbsolute" name="test_triclinic_absolute_positions" time="0.268" /><testcase classname="tests.test_at_crystal_absolute.TestATCrystalAbsolute" name="test_cubic_vs_triclinic_systematic_difference" time="0.011" /><testcase classname="tests.test_at_crystal_absolute.TestATCrystalAbsolute" name="test_known_reflection_d_spacings" time="0.003" /><testcase classname="tests.test_at_flu_001.TestAT_FLU_001" name="test_fluence_calculation_from_flux_exposure_beamsize" time="0.000" /><testcase classname="tests.test_at_flu_001.TestAT_FLU_001" name="test_no_fluence_calculation_when_flux_zero" time="0.000" /><testcase classname="tests.test_at_flu_001.TestAT_FLU_001" name="test_no_fluence_calculation_when_exposure_zero" time="0.000" /><testcase classname="tests.test_at_flu_001.TestAT_FLU_001" name="test_fluence_calculation_with_beamsize_zero" time="0.000" /><testcase classname="tests.test_at_flu_001.TestAT_FLU_001" name="test_flux_recomputation_from_fluence_and_exposure" time="0.000" /><testcase classname="tests.test_at_flu_001.TestAT_FLU_001" name="test_sample_clipping_warning" time="0.001" /><testcase classname="tests.test_at_flu_001.TestAT_FLU_001" name="test_no_clipping_when_beamsize_larger" time="0.000" /><testcase classname="tests.test_at_flu_001.TestAT_FLU_001" name="test_no_clipping_when_beamsize_zero" time="0.000" /><testcase classname="tests.test_at_geo_001" name="test_at_geo_001_mosflm_beam_center_mapping" time="0.001" /><testcase classname="tests.test_at_geo_002" name="test_at_geo_002_setup_a_distance_only" time="0.000" /><testcase classname="tests.test_at_geo_002" name="test_at_geo_002_setup_b_close_distance_only" time="0.000" /><testcase classname="tests.test_at_geo_002" name="test_at_geo_002_setup_c_explicit_override" time="0.000" /><testcase classname="tests.test_at_geo_002" name="test_at_geo_002_setup_c_beam_override" time="0.000" /><testcase classname="tests.test_at_geo_002" name="test_at_geo_002_direct_instantiation" time="0.000" /><testcase classname="tests.test_at_geo_003.TestATGEO003RFactorAndBeamCenter" name="test_r_factor_calculation" time="0.001" /><testcase classname="tests.test_at_geo_003.TestATGEO003RFactorAndBeamCenter" name="test_distance_update_with_close_distance" time="0.001" /><testcase classname="tests.test_at_geo_003.TestATGEO003RFactorAndBeamCenter" name="test_beam_center_preservation_beam_pivot" time="0.001" /><testcase classname="tests.test_at_geo_003.TestATGEO003RFactorAndBeamCenter" name="test_beam_center_preservation_sample_pivot" time="0.001" /><testcase classname="tests.test_at_geo_003.TestATGEO003RFactorAndBeamCenter" name="test_no_rotations_r_factor_equals_one" time="0.001" /><testcase classname="tests.test_at_geo_003.TestATGEO003RFactorAndBeamCenter" name="test_beam_center_with_various_rotations[DetectorPivot.BEAM]" time="0.003" /><testcase classname="tests.test_at_geo_003.TestATGEO003RFactorAndBeamCenter" name="test_beam_center_with_various_rotations[DetectorPivot.SAMPLE]" time="0.004" /><testcase classname="tests.test_at_geo_003.TestATGEO003RFactorAndBeamCenter" name="test_gradients_flow_through_r_factor" time="0.001" /><testcase classname="tests.test_at_geo_004" name="test_twotheta_axis_defaults" time="0.000" /><testcase classname="tests.test_at_geo_004" name="test_twotheta_axis_override" time="0.000" /><testcase classname="tests.test_at_geo_004" name="test_twotheta_rotation_applied" time="0.001" /><testcase classname="tests.test_at_geo_004" name="test_twotheta_value_preserved" time="0.001" /><testcase classname="tests.test_at_geo_004" name="test_mosflm_twotheta_rotation" time="0.001" /><testcase classname="tests.test_at_geo_004" name="test_dials_twotheta_rotation" time="0.000" /><testcase classname="tests.test_at_geo_005.TestATGEO005CurvedDetector" name="test_curved_detector_equal_distance" time="0.001" /><testcase classname="tests.test_at_geo_005.TestATGEO005CurvedDetector" name="test_curved_vs_planar_difference" time="0.002" /><testcase classname="tests.test_at_geo_005.TestATGEO005CurvedDetector" name="test_small_angle_rotation_consistency" time="0.001" /><testcase classname="tests.test_at_geo_005.TestATGEO005CurvedDetector" name="test_gradient_flow_curved_detector" time="0.001" /><testcase classname="tests.test_at_geo_005.TestATGEO005CurvedDetector" name="test_beam_center_affects_curvature" time="0.002" /><testcase classname="tests.test_at_geo_006.TestATGEO006PointPixelSolidAngle" name="test_point_pixel_solid_angle" time="0.001" /><testcase classname="tests.test_at_geo_006.TestATGEO006PointPixelSolidAngle" name="test_default_solid_angle_with_obliquity" time="0.001" /><testcase classname="tests.test_at_geo_006.TestATGEO006PointPixelSolidAngle" name="test_off_center_pixel_comparison" time="0.002" /><testcase classname="tests.test_at_geo_006.TestATGEO006PointPixelSolidAngle" name="test_gradient_flow" time="0.001" /><testcase classname="tests.test_at_geo_006.TestATGEO006PointPixelSolidAngle" name="test_corner_pixel_values" time="0.001" /><testcase classname="tests.test_at_io_001.TestAT_IO_001" name="test_smv_header_required_keys" time="0.001" /><testcase classname="tests.test_at_io_001.TestAT_IO_001" name="test_smv_data_ordering" time="0.000" /><testcase classname="tests.test_at_io_001.TestAT_IO_001" name="test_smv_convention_specific_headers" time="0.001" /><testcase classname="tests.test_at_io_001.TestAT_IO_001" name="test_smv_torch_tensor_input" time="0.001" /><testcase classname="tests.test_at_io_001.TestAT_IO_001" name="test_smv_byte_order" time="0.001" /><testcase classname="tests.test_at_io_002.TestAT_IO_002" name="test_pgm_header_format" time="0.000" /><testcase classname="tests.test_at_io_002.TestAT_IO_002" name="test_pgm_pixel_scaling" time="0.000" /><testcase classname="tests.test_at_io_002.TestAT_IO_002" name="test_pgm_with_default_scale" time="0.000" /><testcase classname="tests.test_at_io_002.TestAT_IO_002" name="test_pgm_torch_tensor_input" time="0.000" /><testcase classname="tests.test_at_io_002.TestAT_IO_002" name="test_pgm_clipping_behavior" time="0.000" /><testcase classname="tests.test_at_io_003.TestAT_IO_003" name="test_fdump_write_and_read" time="0.001" /><testcase classname="tests.test_at_io_003.TestAT_IO_003" name="test_fdump_cache_behavior" time="0.001" /><testcase classname="tests.test_at_io_003.TestAT_IO_003" name="test_fdump_no_files_with_default_F" time="0.000" /><testcase classname="tests.test_at_io_003.TestAT_IO_003" name="test_fdump_no_files_zero_default" time="0.000" /><testcase classname="tests.test_at_io_003.TestAT_IO_003" name="test_fdump_preserves_default_F" time="0.001" /><testcase classname="tests.test_at_io_003.TestAT_IO_003" name="test_fdump_header_structure" time="0.001" /><testcase classname="tests.test_at_io_004.TestAT_IO_004" name="test_minimal_hkl_format" time="0.001" /><testcase classname="tests.test_at_io_004.TestAT_IO_004" name="test_five_column_with_phase" time="0.001" /><testcase classname="tests.test_at_io_004.TestAT_IO_004" name="test_six_column_with_sigma_and_phase" time="0.001" /><testcase classname="tests.test_at_io_004.TestAT_IO_004" name="test_negative_indices_handling" time="0.001" /><testcase classname="tests.test_at_io_004.TestAT_IO_004" name="test_all_formats_produce_same_pattern" time="0.011" /><testcase classname="tests.test_at_io_004.TestAT_IO_004" name="test_fdump_caching_for_all_formats" time="0.002" /><testcase classname="tests.test_at_io_004.TestAT_IO_004" name="test_comment_and_blank_line_handling" time="0.001" /><testcase classname="tests.test_at_noise_001.TestATNoise001" name="test_small_mean_exact_poisson" time="0.659" /><testcase classname="tests.test_at_noise_001.TestATNoise001" name="test_medium_mean_rejection_sampling" time="0.070" /><testcase classname="tests.test_at_noise_001.TestATNoise001" name="test_large_mean_gaussian_approximation" time="0.008" /><testcase classname="tests.test_at_noise_001.TestATNoise001" name="test_seed_reproducibility" time="0.001" /><testcase classname="tests.test_at_noise_001.TestATNoise001" name="test_adc_and_clipping" time="0.000" /><testcase classname="tests.test_at_noise_001.TestATNoise001" name="test_all_regimes_in_single_image" time="0.000" /><testcase classname="tests.test_at_noise_001.TestATNoise001" name="test_noise_config_integration" time="0.000" /><testcase classname="tests.test_at_parallel_001.TestATParallel001" name="test_beam_center_scales_with_detector_size[64]" time="0.000" /><testcase classname="tests.test_at_parallel_001.TestATParallel001" name="test_beam_center_scales_with_detector_size[128]" time="0.000" /><testcase classname="tests.test_at_parallel_001.TestATParallel001" name="test_beam_center_scales_with_detector_size[256]" time="0.000" /><testcase classname="tests.test_at_parallel_001.TestATParallel001" name="test_beam_center_scales_with_detector_size[512]" time="0.000" /><testcase classname="tests.test_at_parallel_001.TestATParallel001" name="test_beam_center_scales_with_detector_size[1024]" time="0.000" /><testcase classname="tests.test_at_parallel_001.TestATParallel001" name="test_peak_position_at_beam_center" time="0.004" /><testcase classname="tests.test_at_parallel_001.TestATParallel001" name="test_cli_beam_center_calculation" time="3.042" /><testcase classname="tests.test_at_parallel_001.TestATParallel001" name="test_intensity_scaling_with_solid_angle" time="0.009" /><testcase classname="tests.test_at_parallel_002.TestATParallel002" name="test_beam_center_scales_with_pixel_size" time="0.003" /><testcase classname="tests.test_at_parallel_002.TestATParallel002" name="test_peak_position_scales_inversely_with_pixel_size" time="0.027" /><testcase classname="tests.test_at_parallel_002.TestATParallel002" name="test_pattern_correlation_across_pixel_sizes" time="0.142" /><testcase classname="tests.test_at_parallel_002.TestATParallel002" name="test_beam_center_parameter_consistency" time="0.003" /><testcase classname="tests.test_at_parallel_003.TestATParallel003" name="test_detector_offset_preservation" time="0.006" /><testcase classname="tests.test_at_parallel_003.TestATParallel003" name="test_peak_position_at_offset_beam_centers" time="0.018" /><testcase classname="tests.test_at_parallel_003.TestATParallel003" name="test_offset_ratio_preservation" time="0.000" /><testcase classname="tests.test_at_parallel_004.TestAT_PARALLEL_004" name="test_mosflm_adds_half_pixel_offset" time="0.001" /><testcase classname="tests.test_at_parallel_004.TestAT_PARALLEL_004" name="test_xds_has_no_pixel_offset" time="0.001" /><testcase classname="tests.test_at_parallel_004.TestAT_PARALLEL_004" name="test_peak_position_difference" time="0.391" /><testcase classname="tests.test_at_parallel_004.TestAT_PARALLEL_004" name="test_pattern_correlation_when_aligned" time="0.012" /><testcase classname="tests.test_at_parallel_004.TestAT_PARALLEL_004" name="test_beam_center_calculation_consistency" time="0.001" /><testcase classname="tests.test_at_parallel_005.TestAT_PARALLEL_005_BeamCenterMapping" name="test_mosflm_xbeam_ybeam_mapping" time="0.000"><skipped type="pytest.skip" message="Parallel validation tests only run with NB_RUN_PARALLEL=1">/home/ollie/Documents/tmp/nanoBragg/tests/test_at_parallel_005.py:39: Parallel validation tests only run with NB_RUN_PARALLEL=1</skipped></testcase><testcase classname="tests.test_at_parallel_005.TestAT_PARALLEL_005_BeamCenterMapping" name="test_xds_orgx_orgy_mapping" time="0.000"><skipped type="pytest.skip" message="Parallel validation tests only run with NB_RUN_PARALLEL=1">/home/ollie/Documents/tmp/nanoBragg/tests/test_at_parallel_005.py:64: Parallel validation tests only run with NB_RUN_PARALLEL=1</skipped></testcase><testcase classname="tests.test_at_parallel_005.TestAT_PARALLEL_005_BeamCenterMapping" name="test_pivot_mode_consistency" time="0.000"><skipped type="pytest.skip" message="Parallel validation tests only run with NB_RUN_PARALLEL=1">/home/ollie/Documents/tmp/nanoBragg/tests/test_at_parallel_005.py:90: Parallel validation tests only run with NB_RUN_PARALLEL=1</skipped></testcase><testcase classname="tests.test_at_parallel_005.TestAT_PARALLEL_005_BeamCenterMapping" name="test_equivalent_configurations_produce_same_pattern" time="0.000"><skipped type="pytest.skip" message="Parallel validation tests only run with NB_RUN_PARALLEL=1">/home/ollie/Documents/tmp/nanoBragg/tests/test_at_parallel_005.py:131: Parallel validation tests only run with NB_RUN_PARALLEL=1</skipped></testcase><testcase classname="tests.test_at_parallel_006.TestATParallel006SingleReflection" name="test_bragg_angle_prediction_single_distance" time="0.180" /><testcase classname="tests.test_at_parallel_006.TestATParallel006SingleReflection" name="test_distance_scaling" time="0.089" /><testcase classname="tests.test_at_parallel_006.TestATParallel006SingleReflection" name="test_combined_wavelength_and_distance" time="0.072" /><testcase classname="tests.test_at_parallel_007.TestATParallel007PeakPositionWithRotations" name="test_peak_positions_with_rotations" time="0.000"><skipped type="pytest.skip" message="Parallel C-PyTorch tests disabled (set NB_RUN_PARALLEL=1)">/home/ollie/Documents/tmp/nanoBragg/tests/test_at_parallel_007.py:244: Parallel C-PyTorch tests disabled (set NB_RUN_PARALLEL=1)</skipped></testcase><testcase classname="tests.test_at_parallel_007.TestATParallel007PeakPositionWithRotations" name="test_peak_intensity_ordering" time="0.000"><skipped type="pytest.skip" message="Parallel C-PyTorch tests disabled">/home/ollie/Documents/tmp/nanoBragg/tests/test_at_parallel_007.py:303: Parallel C-PyTorch tests disabled</skipped></testcase><testcase classname="tests.test_at_parallel_007.TestATParallel007PeakPositionWithRotations" name="test_rotation_effect_on_pattern" time="0.000"><skipped type="pytest.skip" message="Parallel C-PyTorch tests disabled">/home/ollie/Documents/tmp/nanoBragg/tests/test_at_parallel_007.py:335: Parallel C-PyTorch tests disabled</skipped></testcase><testcase classname="tests.test_at_parallel_008.TestAT_PARALLEL_008" name="test_triclinic_multi_peak_pattern" time="0.000"><skipped type="pytest.skip" message="Requires NB_RUN_PARALLEL=1">/home/ollie/Documents/tmp/nanoBragg/tests/test_at_parallel_008.py:187: Requires NB_RUN_PARALLEL=1</skipped></testcase><testcase classname="tests.test_at_parallel_008.TestAT_PARALLEL_008" name="test_peak_intensity_ordering" time="0.000"><skipped type="pytest.skip" message="Requires NB_RUN_PARALLEL=1">/home/ollie/Documents/tmp/nanoBragg/tests/test_at_parallel_008.py:324: Requires NB_RUN_PARALLEL=1</skipped></testcase><testcase classname="tests.test_at_parallel_008.TestAT_PARALLEL_008" name="test_non_max_suppression" time="0.000"><skipped type="pytest.skip" message="Requires NB_RUN_PARALLEL=1">/home/ollie/Documents/tmp/nanoBragg/tests/test_at_parallel_008.py:368: Requires NB_RUN_PARALLEL=1</skipped></testcase><testcase classname="tests.test_at_parallel_010.TestATParallel010SolidAngleCorrections" name="test_point_pixel_distance_scaling" time="0.000"><skipped type="pytest.skip" message="AT-PARALLEL tests require NB_RUN_PARALLEL=1 and C binary">/home/ollie/Documents/tmp/nanoBragg/tests/test_at_parallel_010.py:152: AT-PARALLEL tests require NB_RUN_PARALLEL=1 and C binary</skipped></testcase><testcase classname="tests.test_at_parallel_010.TestATParallel010SolidAngleCorrections" name="test_obliquity_distance_scaling" time="0.000"><skipped type="pytest.skip" message="AT-PARALLEL tests require NB_RUN_PARALLEL=1 and C binary">/home/ollie/Documents/tmp/nanoBragg/tests/test_at_parallel_010.py:228: AT-PARALLEL tests require NB_RUN_PARALLEL=1 and C binary</skipped></testcase><testcase classname="tests.test_at_parallel_010.TestATParallel010SolidAngleCorrections" name="test_obliquity_with_tilts" time="0.000"><skipped type="pytest.skip" message="AT-PARALLEL tests require NB_RUN_PARALLEL=1 and C binary">/home/ollie/Documents/tmp/nanoBragg/tests/test_at_parallel_010.py:285: AT-PARALLEL tests require NB_RUN_PARALLEL=1 and C binary</skipped></testcase><testcase classname="tests.test_at_parallel_010.TestATParallel010SolidAngleCorrections" name="test_combined_distance_and_tilt" time="0.000"><skipped type="pytest.skip" message="AT-PARALLEL tests require NB_RUN_PARALLEL=1 and C binary">/home/ollie/Documents/tmp/nanoBragg/tests/test_at_parallel_010.py:340: AT-PARALLEL tests require NB_RUN_PARALLEL=1 and C binary</skipped></testcase><testcase classname="tests.test_at_parallel_011.TestATParallel011PolarizationFactor" name="test_unpolarized_theory" time="0.008" /><testcase classname="tests.test_at_parallel_011.TestATParallel011PolarizationFactor" name="test_polarized_kahn_model" time="0.007" /><testcase classname="tests.test_at_parallel_011.TestATParallel011PolarizationFactor" name="test_c_pytorch_equivalence" time="0.000"><skipped type="pytest.skip" message="Parallel validation requires NB_RUN_PARALLEL=1 environment variable">/home/ollie/Documents/tmp/nanoBragg/tests/test_at_parallel_011.py:360: Parallel validation requires NB_RUN_PARALLEL=1 environment variable</skipped></testcase><testcase classname="tests.test_at_parallel_012.TestATParallel012ReferencePatternCorrelation" name="test_simple_cubic_correlation" time="0.165" /><testcase classname="tests.test_at_parallel_012.TestATParallel012ReferencePatternCorrelation" name="test_triclinic_P1_correlation" time="0.094" /><testcase classname="tests.test_at_parallel_012.TestATParallel012ReferencePatternCorrelation" name="test_cubic_tilted_detector_correlation" time="0.180" /><testcase classname="tests.test_at_parallel_012.TestATParallel012ReferencePatternCorrelation" name="test_high_resolution_variant" time="2.323" /><testcase classname="tests.test_at_parallel_013.TestATParallel013CrossPlatformConsistency" name="test_pytorch_determinism_same_seed" time="1.069"><failure message="AssertionError: Correlation 0.9999873042106628 &lt; 0.9999999 for same-seed runs&#10;assert np.float32(0.9999873) &gt;= 0.9999999">self = &lt;tests.test_at_parallel_013.TestATParallel013CrossPlatformConsistency object at 0x7ab044e3de50&gt;

    def test_pytorch_determinism_same_seed(self):
        """Test that PyTorch produces identical results with same seed."""
        # Run simulation twice with same seed
        result1 = run_simulation_deterministic(seed=42)
        result2 = run_simulation_deterministic(seed=42)
    
        # Should be exactly identical (bit-for-bit)
        assert np.array_equal(result1, result2), (
            "PyTorch not deterministic - results differ with same seed"
        )
    
        # Also check with allclose for numerical precision
        np.testing.assert_allclose(
            result1, result2,
            rtol=1e-7,
            atol=1e-12,
            err_msg="PyTorch determinism: tolerance check failed"
        )
    
        # Correlation should be perfect (1.0)
        corr, _ = pearsonr(result1.flatten(), result2.flatten())
&gt;       assert corr &gt;= 0.9999999, f"Correlation {corr} &lt; 0.9999999 for same-seed runs"
E       AssertionError: Correlation 0.9999873042106628 &lt; 0.9999999 for same-seed runs
E       assert np.float32(0.9999873) &gt;= 0.9999999

/home/ollie/Documents/tmp/nanoBragg/tests/test_at_parallel_013.py:164: AssertionError</failure></testcase><testcase classname="tests.test_at_parallel_013.TestATParallel013CrossPlatformConsistency" name="test_pytorch_determinism_different_seeds" time="0.350"><failure message="AssertionError: Correlation 0.9999873042106628 &lt; 0.9999999 for identical physics&#10;assert np.float32(0.9999873) &gt;= 0.9999999">self = &lt;tests.test_at_parallel_013.TestATParallel013CrossPlatformConsistency object at 0x7ab044e3df90&gt;

    def test_pytorch_determinism_different_seeds(self):
        """Test that PyTorch produces different results with different seeds."""
        # Note: This test configuration uses fixed misset angles and no mosaic/noise,
        # so different seeds won't affect the result. We expect identical results.
    
        # Run simulation with different seeds
        result1 = run_simulation_deterministic(seed=42)
        result2 = run_simulation_deterministic(seed=123)
    
        # With no random components (fixed misset, no mosaic, no noise),
        # results should be identical regardless of seed
        np.testing.assert_allclose(
            result1, result2,
            rtol=1e-7,
            atol=1e-12,
            err_msg="Results differ despite no random components"
        )
    
        # Correlation should be perfect
        corr, _ = pearsonr(result1.flatten(), result2.flatten())
&gt;       assert corr &gt;= 0.9999999, f"Correlation {corr} &lt; 0.9999999 for identical physics"
E       AssertionError: Correlation 0.9999873042106628 &lt; 0.9999999 for identical physics
E       assert np.float32(0.9999873) &gt;= 0.9999999

/home/ollie/Documents/tmp/nanoBragg/tests/test_at_parallel_013.py:191: AssertionError</failure></testcase><testcase classname="tests.test_at_parallel_013.TestATParallel013CrossPlatformConsistency" name="test_pytorch_consistency_across_runs" time="0.886" /><testcase classname="tests.test_at_parallel_013.TestATParallel013CrossPlatformConsistency" name="test_c_pytorch_equivalence" time="0.000"><skipped type="pytest.skip" message="Requires NB_RUN_PARALLEL=1 and C binary">/home/ollie/Documents/tmp/nanoBragg/tests/test_at_parallel_013.py:218: Requires NB_RUN_PARALLEL=1 and C binary</skipped></testcase><testcase classname="tests.test_at_parallel_013.TestATParallel013CrossPlatformConsistency" name="test_platform_fingerprint" time="0.002" /><testcase classname="tests.test_at_parallel_013.TestATParallel013CrossPlatformConsistency" name="test_numerical_precision_float64" time="0.713" /><testcase classname="tests.test_at_parallel_014.TestATParallel014NoiseRobustness" name="test_mean_preservation_after_scaling" time="0.546" /><testcase classname="tests.test_at_parallel_014.TestATParallel014NoiseRobustness" name="test_peak_centroid_stability" time="0.033" /><testcase classname="tests.test_at_parallel_014.TestATParallel014NoiseRobustness" name="test_overload_count_consistency" time="0.023" /><testcase classname="tests.test_at_parallel_014.TestATParallel014NoiseRobustness" name="test_noise_statistics" time="1.462" /><testcase classname="tests.test_at_parallel_014.TestATParallel014NoiseRobustness" name="test_deterministic_noise_with_seed" time="0.016" /><testcase classname="tests.test_at_parallel_015.TestATParallel015MixedUnits" name="test_distance_units_consistency" time="0.010" /><testcase classname="tests.test_at_parallel_015.TestATParallel015MixedUnits" name="test_wavelength_units_consistency" time="0.018" /><testcase classname="tests.test_at_parallel_015.TestATParallel015MixedUnits" name="test_angle_units_consistency" time="0.014" /><testcase classname="tests.test_at_parallel_015.TestATParallel015MixedUnits" name="test_mixed_units_comprehensive" time="0.341"><failure message="AssertionError: Zero maximum intensity&#10;assert tensor(0., dtype=torch.float32) &gt; 0&#10; +  where tensor(0., dtype=torch.float32) = &lt;built-in method max of Tensor object at 0x7ab034cd4d20&gt;()&#10; +    where &lt;built-in method max of Tensor object at 0x7ab034cd4d20&gt; = tensor([[0., 0., 0.,  ..., 0., 0., 0.],\n        [0., 0., 0.,  ..., 0., 0., 0.],\n        [0., 0., 0.,  ..., 0., 0., 0.],\n        ...,\n        [0., 0., 0.,  ..., 0., 0., 0.],\n        [0., 0., 0.,  ..., 0., 0., 0.],\n        [0., 0., 0.,  ..., 0., 0., 0.]], dtype=torch.float32).max">self = &lt;tests.test_at_parallel_015.TestATParallel015MixedUnits object at 0x7ab044de3950&gt;

    def test_mixed_units_comprehensive(self):
        """Test comprehensive mixed unit scenario."""
        # Configuration with explicit units
        crystal_config = CrystalConfig(
            cell_a=75.5,      # Angstroms
            cell_b=82.3,      # Angstroms
            cell_c=91.7,      # Angstroms
            cell_alpha=87.5,  # degrees
            cell_beta=92.3,   # degrees
            cell_gamma=95.8,  # degrees
            default_F=100.0,
            N_cells=(3, 3, 3),
            phi_start_deg=0.0,    # degrees
            osc_range_deg=1.0,    # degrees
            phi_steps=1,
        )
    
        detector_config = DetectorConfig(
            distance_mm=150.5,      # millimeters
            pixel_size_mm=0.172,    # millimeters
            spixels=128,
            fpixels=128,
            detector_convention=DetectorConvention.XDS,
            detector_rotx_deg=5.0,  # degrees
            detector_roty_deg=3.0,  # degrees
            detector_rotz_deg=2.0,  # degrees
            detector_twotheta_deg=10.0,  # degrees
        )
    
        beam_config = BeamConfig(
            wavelength_A=1.54,  # Angstroms (Cu K-alpha)
            fluence=1e23,
            polarization_factor=0.95,  # dimensionless
            dmin=2.0,          # Angstroms
        )
    
        # Create models
        det = Detector(detector_config)
        crystal = Crystal(crystal_config)
    
        # Verify unit conversions happened correctly
        # Detector distance should be in meters internally
        assert np.isclose(det.distance, 0.1505, rtol=1e-6), \
            f"Distance conversion error: {det.distance} != 0.1505"
    
        # Pixel size should be in meters internally
        assert np.isclose(det.pixel_size, 0.000172, rtol=1e-6), \
            f"Pixel size conversion error: {det.pixel_size} != 0.000172"
    
        # Rotations are converted internally but not exposed as attributes
        # We can verify they work correctly by running the simulation
    
        # Wavelength should be in meters internally (used in simulator)
        # Note: BeamConfig stores in Angstroms, conversion happens in simulator
        assert beam_config.wavelength_A == 1.54, "Wavelength storage error"
    
        # Run simulation
        sim = Simulator(detector=det, crystal=crystal, beam_config=beam_config)
        intensity = sim.run(oversample=1)
    
        # Comprehensive checks
        assert intensity.shape == (128, 128), f"Wrong output shape: {intensity.shape}"
&gt;       assert intensity.max() &gt; 0, "Zero maximum intensity"
E       AssertionError: Zero maximum intensity
E       assert tensor(0., dtype=torch.float32) &gt; 0
E        +  where tensor(0., dtype=torch.float32) = &lt;built-in method max of Tensor object at 0x7ab034cd4d20&gt;()
E        +    where &lt;built-in method max of Tensor object at 0x7ab034cd4d20&gt; = tensor([[0., 0., 0.,  ..., 0., 0., 0.],\n        [0., 0., 0.,  ..., 0., 0., 0.],\n        [0., 0., 0.,  ..., 0., 0., 0.],\n        ...,\n        [0., 0., 0.,  ..., 0., 0., 0.],\n        [0., 0., 0.,  ..., 0., 0., 0.],\n        [0., 0., 0.,  ..., 0., 0., 0.]], dtype=torch.float32).max

/home/ollie/Documents/tmp/nanoBragg/tests/test_at_parallel_015.py:274: AssertionError</failure></testcase><testcase classname="tests.test_at_parallel_015.TestATParallel015MixedUnits" name="test_detector_rotation_units" time="0.026" /><testcase classname="tests.test_at_parallel_016.TestATParallel016ExtremeScale" name="test_tiny_scale" time="1.046" /><testcase classname="tests.test_at_parallel_016.TestATParallel016ExtremeScale" name="test_large_cell" time="0.872" /><testcase classname="tests.test_at_parallel_016.TestATParallel016ExtremeScale" name="test_long_distance" time="0.012" /><testcase classname="tests.test_at_parallel_016.TestATParallel016ExtremeScale" name="test_extreme_scale_c_comparison" time="0.000"><skipped type="pytest.skip" message="C-PyTorch parallel tests require NB_RUN_PARALLEL=1">/home/ollie/Documents/tmp/nanoBragg/tests/test_at_parallel_016.py:223: C-PyTorch parallel tests require NB_RUN_PARALLEL=1</skipped></testcase><testcase classname="tests.test_at_parallel_016.TestATParallel016ExtremeScale" name="test_combined_extremes" time="0.012" /><testcase classname="tests.test_at_parallel_016.TestATParallel016ExtremeScale" name="test_numerical_stability_metrics" time="0.004" /><testcase classname="tests.test_at_parallel_017.TestATParallel017GrazingIncidence" name="test_large_detector_tilts" time="0.388" /><testcase classname="tests.test_at_parallel_017.TestATParallel017GrazingIncidence" name="test_large_twotheta" time="0.014" /><testcase classname="tests.test_at_parallel_017.TestATParallel017GrazingIncidence" name="test_combined_extreme_angles" time="0.008" /><testcase classname="tests.test_at_parallel_017.TestATParallel017GrazingIncidence" name="test_near_90_degree_incidence" time="0.007" /><testcase classname="tests.test_at_parallel_017.TestATParallel017GrazingIncidence" name="test_solid_angle_obliquity_corrections" time="0.002" /><testcase classname="tests.test_at_parallel_017.TestATParallel017GrazingIncidence" name="test_extreme_rotation_stability" time="0.005" /><testcase classname="tests.test_at_parallel_018.TestATParallel018CrystalBoundaryConditions" name="test_cubic_crystal_aligned_axes" time="0.005" /><testcase classname="tests.test_at_parallel_018.TestATParallel018CrystalBoundaryConditions" name="test_zero_angle_rotations" time="0.005" /><testcase classname="tests.test_at_parallel_018.TestATParallel018CrystalBoundaryConditions" name="test_near_singular_cell_angles" time="0.010" /><testcase classname="tests.test_at_parallel_018.TestATParallel018CrystalBoundaryConditions" name="test_aligned_spindle_and_beam" time="0.407" /><testcase classname="tests.test_at_parallel_018.TestATParallel018CrystalBoundaryConditions" name="test_very_small_unit_cell" time="0.006" /><testcase classname="tests.test_at_parallel_018.TestATParallel018CrystalBoundaryConditions" name="test_very_large_unit_cell" time="0.005" /><testcase classname="tests.test_at_parallel_018.TestATParallel018CrystalBoundaryConditions" name="test_continuity_near_90_degrees" time="0.036" /><testcase classname="tests.test_at_parallel_018.TestATParallel018CrystalBoundaryConditions" name="test_identity_misset_matrix" time="0.005" /><testcase classname="tests.test_at_parallel_020.TestATParallel020" name="test_comprehensive_integration" time="0.000"><skipped type="pytest.skip" message="NB_RUN_PARALLEL=1 not set (C-PyTorch validation tests disabled)">/home/ollie/Documents/tmp/nanoBragg/tests/test_at_parallel_020.py:280: NB_RUN_PARALLEL=1 not set (C-PyTorch validation tests disabled)</skipped></testcase><testcase classname="tests.test_at_parallel_020.TestATParallel020" name="test_comprehensive_without_absorption" time="0.000"><skipped type="pytest.skip" message="NB_RUN_PARALLEL=1 not set (C-PyTorch validation tests disabled)">/home/ollie/Documents/tmp/nanoBragg/tests/test_at_parallel_020.py:332: NB_RUN_PARALLEL=1 not set (C-PyTorch validation tests disabled)</skipped></testcase><testcase classname="tests.test_at_parallel_020.TestATParallel020" name="test_phi_rotation_only" time="0.000"><skipped type="pytest.skip" message="NB_RUN_PARALLEL=1 not set (C-PyTorch validation tests disabled)">/home/ollie/Documents/tmp/nanoBragg/tests/test_at_parallel_020.py:364: NB_RUN_PARALLEL=1 not set (C-PyTorch validation tests disabled)</skipped></testcase><testcase classname="tests.test_at_parallel_020.TestATParallel020" name="test_comprehensive_minimal_features" time="0.000"><skipped type="pytest.skip" message="NB_RUN_PARALLEL=1 not set (C-PyTorch validation tests disabled)">/home/ollie/Documents/tmp/nanoBragg/tests/test_at_parallel_020.py:399: NB_RUN_PARALLEL=1 not set (C-PyTorch validation tests disabled)</skipped></testcase><testcase classname="tests.test_at_parallel_021.TestCrystalPhiRotation" name="test_single_step_phi_rotation" time="0.000"><skipped type="pytest.skip" message="C binary not available">/home/ollie/Documents/tmp/nanoBragg/tests/test_at_parallel_021.py:114: C binary not available</skipped></testcase><testcase classname="tests.test_at_parallel_021.TestCrystalPhiRotation" name="test_multi_step_phi_rotation" time="0.000"><skipped type="pytest.skip" message="C binary not available">/home/ollie/Documents/tmp/nanoBragg/tests/test_at_parallel_021.py:252: C binary not available</skipped></testcase><testcase classname="tests.test_at_parallel_022.TestATParallel022" name="test_single_step_with_detector_rotations" time="0.000"><skipped type="pytest.skip" message="C binary not available">/home/ollie/Documents/tmp/nanoBragg/tests/test_at_parallel_022.py:188: C binary not available</skipped></testcase><testcase classname="tests.test_at_parallel_022.TestATParallel022" name="test_multi_step_with_detector_rotations" time="0.000"><skipped type="pytest.skip" message="C binary not available">/home/ollie/Documents/tmp/nanoBragg/tests/test_at_parallel_022.py:265: C binary not available</skipped></testcase><testcase classname="tests.test_at_parallel_022.TestATParallel022" name="test_large_detector_rotations" time="0.000"><skipped type="pytest.skip" message="C binary not available">/home/ollie/Documents/tmp/nanoBragg/tests/test_at_parallel_022.py:343: C binary not available</skipped></testcase><testcase classname="tests.test_at_parallel_023.TestAT_PARALLEL_023_MissetAnglesEquivalence" name="test_explicit_misset_equivalence[misset_angles0-cubic-cell_params0]" time="0.000"><skipped type="pytest.skip" message="C binary not available">/home/ollie/Documents/tmp/nanoBragg/tests/test_at_parallel_023.py:194: C binary not available</skipped></testcase><testcase classname="tests.test_at_parallel_023.TestAT_PARALLEL_023_MissetAnglesEquivalence" name="test_explicit_misset_equivalence[misset_angles0-triclinic-cell_params1]" time="0.000"><skipped type="pytest.skip" message="C binary not available">/home/ollie/Documents/tmp/nanoBragg/tests/test_at_parallel_023.py:194: C binary not available</skipped></testcase><testcase classname="tests.test_at_parallel_023.TestAT_PARALLEL_023_MissetAnglesEquivalence" name="test_explicit_misset_equivalence[misset_angles1-cubic-cell_params0]" time="0.000"><skipped type="pytest.skip" message="C binary not available">/home/ollie/Documents/tmp/nanoBragg/tests/test_at_parallel_023.py:194: C binary not available</skipped></testcase><testcase classname="tests.test_at_parallel_023.TestAT_PARALLEL_023_MissetAnglesEquivalence" name="test_explicit_misset_equivalence[misset_angles1-triclinic-cell_params1]" time="0.000"><skipped type="pytest.skip" message="C binary not available">/home/ollie/Documents/tmp/nanoBragg/tests/test_at_parallel_023.py:194: C binary not available</skipped></testcase><testcase classname="tests.test_at_parallel_023.TestAT_PARALLEL_023_MissetAnglesEquivalence" name="test_explicit_misset_equivalence[misset_angles2-cubic-cell_params0]" time="0.000"><skipped type="pytest.skip" message="C binary not available">/home/ollie/Documents/tmp/nanoBragg/tests/test_at_parallel_023.py:194: C binary not available</skipped></testcase><testcase classname="tests.test_at_parallel_023.TestAT_PARALLEL_023_MissetAnglesEquivalence" name="test_explicit_misset_equivalence[misset_angles2-triclinic-cell_params1]" time="0.000"><skipped type="pytest.skip" message="C binary not available">/home/ollie/Documents/tmp/nanoBragg/tests/test_at_parallel_023.py:194: C binary not available</skipped></testcase><testcase classname="tests.test_at_parallel_023.TestAT_PARALLEL_023_MissetAnglesEquivalence" name="test_explicit_misset_equivalence[misset_angles3-cubic-cell_params0]" time="0.000"><skipped type="pytest.skip" message="C binary not available">/home/ollie/Documents/tmp/nanoBragg/tests/test_at_parallel_023.py:194: C binary not available</skipped></testcase><testcase classname="tests.test_at_parallel_023.TestAT_PARALLEL_023_MissetAnglesEquivalence" name="test_explicit_misset_equivalence[misset_angles3-triclinic-cell_params1]" time="0.229"><skipped type="pytest.skip" message="C binary not available">/home/ollie/Documents/tmp/nanoBragg/tests/test_at_parallel_023.py:194: C binary not available</skipped></testcase><testcase classname="tests.test_at_parallel_023.TestAT_PARALLEL_023_MissetAnglesEquivalence" name="test_explicit_misset_equivalence[misset_angles4-cubic-cell_params0]" time="0.000"><skipped type="pytest.skip" message="C binary not available">/home/ollie/Documents/tmp/nanoBragg/tests/test_at_parallel_023.py:194: C binary not available</skipped></testcase><testcase classname="tests.test_at_parallel_023.TestAT_PARALLEL_023_MissetAnglesEquivalence" name="test_explicit_misset_equivalence[misset_angles4-triclinic-cell_params1]" time="0.000"><skipped type="pytest.skip" message="C binary not available">/home/ollie/Documents/tmp/nanoBragg/tests/test_at_parallel_023.py:194: C binary not available</skipped></testcase><testcase classname="tests.test_at_parallel_023.TestAT_PARALLEL_023_MissetAnglesEquivalence" name="test_misset_changes_pattern" time="0.000"><skipped type="pytest.skip" message="C binary not available">/home/ollie/Documents/tmp/nanoBragg/tests/test_at_parallel_023.py:293: C binary not available</skipped></testcase><testcase classname="tests.test_at_parallel_024.TestAT_PARALLEL_024" name="test_pytorch_determinism" time="0.057" /><testcase classname="tests.test_at_parallel_024.TestAT_PARALLEL_024" name="test_seed_independence" time="0.028" /><testcase classname="tests.test_at_parallel_024.TestAT_PARALLEL_024" name="test_c_pytorch_equivalence" time="0.000"><skipped type="pytest.skip" message="Known scaling issue: ~500x difference between C and PyTorch implementations. Interface fix is complete - C code correctly receives misset parameters.">/home/ollie/Documents/tmp/nanoBragg/tests/test_at_parallel_024.py:192: Known scaling issue: ~500x difference between C and PyTorch implementations. Interface fix is complete - C code correctly receives misset parameters.</skipped></testcase><testcase classname="tests.test_at_parallel_024.TestAT_PARALLEL_024" name="test_lcg_compatibility" time="0.000" /><testcase classname="tests.test_at_parallel_024.TestAT_PARALLEL_024" name="test_mosaic_rotation_umat_determinism" time="0.001"><failure message="RuntimeError: Float did not match Double">self = &lt;tests.test_at_parallel_024.TestAT_PARALLEL_024 object at 0x7ab044ebe450&gt;

    def test_mosaic_rotation_umat_determinism(self):
        """Test that mosaic_rotation_umat is deterministic with same seed."""
        seed = 12345
        mosaicity = np.pi / 2.0  # 90 degrees
    
        # Generate two matrices with same seed
        umat1 = mosaic_rotation_umat(mosaicity, seed)
        umat2 = mosaic_rotation_umat(mosaicity, seed)
    
        # They should be identical
        assert torch.allclose(umat1, umat2, rtol=1e-12, atol=1e-15), \
            "Same seed did not produce identical rotation matrices"
    
        # Check that it's unitary (rotation matrix property)
        identity = torch.matmul(umat1, umat1.T)
        expected_identity = torch.eye(3, dtype=torch.float64)
&gt;       assert torch.allclose(identity, expected_identity, rtol=1e-10, atol=1e-12), \
               ^^^^^^^^^^^^^^^^^^^^^^^^^^^^^^^^^^^^^^^^^^^^^^^^^^^^^^^^^^^^^^^^^^^
            "Generated matrix is not unitary"

/home/ollie/Documents/tmp/nanoBragg/tests/test_at_parallel_024.py:356: 
_ _ _ _ _ _ _ _ _ _ _ _ _ _ _ _ _ _ _ _ _ _ _ _ _ _ _ _ _ _ _ _ _ _ _ _ _ _ _ _ 

self = &lt;torch.utils._device.DeviceContext object at 0x7ab03667e150&gt;
func = &lt;built-in method allclose of type object at 0x7ab1c6980fc0&gt;, types = ()
args = (tensor([[ 1.0000e+00,  1.4901e-08,  0.0000e+00],
        [ 1.4901e-08,  1.0000e+00, -2.2352e-08],
        [ 0.0000e+00, -2.2352e-08,  1.0000e+00]], dtype=torch.float32), tensor([[1., 0., 0.],
        [0., 1., 0.],
        [0., 0., 1.]]))
kwargs = {'atol': 1e-12, 'rtol': 1e-10}

    def __torch_function__(self, func, types, args=(), kwargs=None):
        kwargs = kwargs or {}
        if func in _device_constructors() and kwargs.get('device') is None:
            kwargs['device'] = self.device
&gt;       return func(*args, **kwargs)
               ^^^^^^^^^^^^^^^^^^^^^
E       RuntimeError: Float did not match Double

/home/ollie/miniconda3/lib/python3.13/site-packages/torch/utils/_device.py:104: RuntimeError</failure></testcase><testcase classname="tests.test_at_parallel_024.TestAT_PARALLEL_024" name="test_umat2misset_round_trip" time="0.002" /><testcase classname="tests.test_at_parallel_025" name="test_maximum_intensity_simple_case" time="0.000"><skipped type="pytest.skip" message="AT-PARALLEL tests require NB_RUN_PARALLEL=1">/home/ollie/Documents/tmp/nanoBragg/tests/test_at_parallel_025.py:60: AT-PARALLEL tests require NB_RUN_PARALLEL=1</skipped></testcase><testcase classname="tests.test_at_parallel_025" name="test_maximum_intensity_with_offset" time="0.000"><skipped type="pytest.skip" message="AT-PARALLEL tests require NB_RUN_PARALLEL=1">/home/ollie/Documents/tmp/nanoBragg/tests/test_at_parallel_025.py:126: AT-PARALLEL tests require NB_RUN_PARALLEL=1</skipped></testcase><testcase classname="tests.test_at_parallel_025" name="test_maximum_intensity_triclinic" time="0.000"><skipped type="pytest.skip" message="AT-PARALLEL tests require NB_RUN_PARALLEL=1">/home/ollie/Documents/tmp/nanoBragg/tests/test_at_parallel_025.py:193: AT-PARALLEL tests require NB_RUN_PARALLEL=1</skipped></testcase><testcase classname="tests.test_at_parallel_026.TestAT_PARALLEL_026_TriclinicAbsolutePosition" name="test_triclinic_absolute_peak_position_pytorch_only" time="0.013" /><testcase classname="tests.test_at_parallel_026.TestAT_PARALLEL_026_TriclinicAbsolutePosition" name="test_triclinic_absolute_peak_position_vs_c" time="0.012"><failure message="AssertionError: C reference run failed&#10;assert None is not None">self = &lt;tests.test_at_parallel_026.TestAT_PARALLEL_026_TriclinicAbsolutePosition object at 0x7ab044cf8410&gt;

    @pytest.mark.requires_c_binary
    def test_triclinic_absolute_peak_position_vs_c(self):
        """Test that PyTorch and C produce peaks at the same absolute position"""
    
        from scripts.c_reference_runner import CReferenceRunner
    
        # Setup configuration
        crystal_config, detector_config, beam_config = self.setup_triclinic_config()
    
        # Create models
        crystal = Crystal(crystal_config)
        detector = Detector(detector_config)
    
        # Create PyTorch simulator
        simulator = Simulator(crystal, detector, crystal_config, beam_config)
    
        # Run PyTorch simulation
        pytorch_image = simulator.run()
        pytorch_slow, pytorch_fast, pytorch_intensity = self.find_peak_position(pytorch_image)
    
        # Setup C runner
        runner = CReferenceRunner()
    
        # Run C simulation with same configs
        c_image = runner.run_simulation(
            detector_config,
            crystal_config,
            beam_config,
            label="Triclinic absolute position test"
        )
    
&gt;       assert c_image is not None, "C reference run failed"
E       AssertionError: C reference run failed
E       assert None is not None

/home/ollie/Documents/tmp/nanoBragg/tests/test_at_parallel_026.py:147: AssertionError</failure></testcase><testcase classname="tests.test_at_parallel_026.TestAT_PARALLEL_026_TriclinicAbsolutePosition" name="test_triclinic_vs_cubic_peak_difference" time="0.024" /><testcase classname="tests.test_at_parallel_027.TestAT_PARALLEL_027" name="test_structure_factor_loading" time="0.001" /><testcase classname="tests.test_at_parallel_027.TestAT_PARALLEL_027" name="test_intensity_ratios" time="0.006" /><testcase classname="tests.test_at_parallel_027.TestAT_PARALLEL_027" name="test_pattern_structure" time="0.006" /><testcase classname="tests.test_at_parallel_027.TestAT_PARALLEL_027" name="test_c_pytorch_equivalence" time="0.000"><skipped type="pytest.skip" message="C-PyTorch parallel tests disabled unless NB_RUN_PARALLEL=1">/home/ollie/Documents/tmp/nanoBragg/tests/test_at_parallel_027.py:156: C-PyTorch parallel tests disabled unless NB_RUN_PARALLEL=1</skipped></testcase><testcase classname="tests.test_at_parallel_027.TestAT_PARALLEL_027" name="test_f_squared_scaling" time="0.001" /><testcase classname="tests.test_at_parallel_028.TestATParallel028PerformanceParity" name="test_cpu_performance_parity" time="0.000"><skipped type="pytest.skip" message="Performance tests disabled by default. Set NB_RUN_PERFORMANCE=1 to run.">/home/ollie/Documents/tmp/nanoBragg/tests/test_at_parallel_028.py:171: Performance tests disabled by default. Set NB_RUN_PERFORMANCE=1 to run.</skipped></testcase><testcase classname="tests.test_at_parallel_028.TestATParallel028PerformanceParity" name="test_gpu_performance_superiority" time="0.000"><skipped type="pytest.skip" message="Performance tests disabled by default. Set NB_RUN_PERFORMANCE=1 to run.">/home/ollie/Documents/tmp/nanoBragg/tests/test_at_parallel_028.py:204: Performance tests disabled by default. Set NB_RUN_PERFORMANCE=1 to run.</skipped></testcase><testcase classname="tests.test_at_parallel_028.TestATParallel028PerformanceParity" name="test_performance_measurement_validity" time="0.795" /><testcase classname="tests.test_at_parallel_029.TestSubpixelSamplingAT029" name="test_pytorch_aliasing_reduction" time="1.024" /><testcase classname="tests.test_at_parallel_029.TestSubpixelSamplingAT029" name="test_pytorch_peak_stability" time="1.024" /><testcase classname="tests.test_at_parallel_029.TestSubpixelSamplingAT029" name="test_pytorch_fwhm_convergence" time="1.025" /><testcase classname="tests.test_at_parallel_029.TestSubpixelSamplingAT029" name="test_c_pytorch_oversample_equivalence" time="0.000"><skipped type="pytest.skip" message="Parallel validation requires C binary and NB_RUN_PARALLEL=1">/home/ollie/Documents/tmp/nanoBragg/tests/test_at_parallel_029.py:271: Parallel validation requires C binary and NB_RUN_PARALLEL=1</skipped></testcase><testcase classname="tests.test_at_parallel_029.TestSubpixelSamplingAT029" name="test_issue_subpixel_aliasing" time="0.000"><skipped type="pytest.skip" message="Parallel validation requires C binary and NB_RUN_PARALLEL=1">/home/ollie/Documents/tmp/nanoBragg/tests/test_at_parallel_029.py:326: Parallel validation requires C binary and NB_RUN_PARALLEL=1</skipped></testcase><testcase classname="tests.test_at_perf_001.TestATPERF001VectorizationPerformance" name="test_vectorization_scaling" time="3.002" /><testcase classname="tests.test_at_perf_001.TestATPERF001VectorizationPerformance" name="test_performance_parity_with_c" time="0.035"><skipped type="pytest.skip" message="C binary not found at ./nanoBragg">/home/ollie/Documents/tmp/nanoBragg/tests/test_at_perf_001.py:99: C binary not found at ./nanoBragg</skipped></testcase><testcase classname="tests.test_at_perf_001.TestATPERF001VectorizationPerformance" name="test_memory_scaling" time="0.137" /><testcase classname="tests.test_at_perf_002.TestATPERF002ParallelExecution" name="test_cpu_thread_scaling" time="2.065" /><testcase classname="tests.test_at_perf_002.TestATPERF002ParallelExecution" name="test_pytorch_cpu_vs_c_performance" time="0.393"><skipped type="pytest.skip" message="C binary not found at ./nanoBragg">/home/ollie/Documents/tmp/nanoBragg/tests/test_at_perf_002.py:87: C binary not found at ./nanoBragg</skipped></testcase><testcase classname="tests.test_at_perf_002.TestATPERF002ParallelExecution" name="test_gpu_acceleration" time="0.000"><skipped type="pytest.skip" message="CUDA not available">/home/ollie/Documents/tmp/nanoBragg/tests/test_at_perf_002.py:183: CUDA not available</skipped></testcase><testcase classname="tests.test_at_perf_002.TestATPERF002ParallelExecution" name="test_thread_efficiency" time="1.917" /><testcase classname="tests.test_at_perf_003.TestATPERF003MemoryBandwidth" name="test_peak_memory_usage" time="5.408" /><testcase classname="tests.test_at_perf_003.TestATPERF003MemoryBandwidth" name="test_float32_vs_float64_performance" time="7.789" /><testcase classname="tests.test_at_perf_003.TestATPERF003MemoryBandwidth" name="test_cache_friendly_access" time="0.629" /><testcase classname="tests.test_at_perf_003.TestATPERF003MemoryBandwidth" name="test_memory_bandwidth_utilization" time="2.172" /><testcase classname="tests.test_at_perf_003.TestATPERF003MemoryBandwidth" name="test_intermediate_tensor_optimization" time="0.024" /><testcase classname="tests.test_at_perf_004.TestATPERF004HotPathOptimization" name="test_sincg_throughput" time="0.572" /><testcase classname="tests.test_at_perf_004.TestATPERF004HotPathOptimization" name="test_dot_product_throughput" time="0.106" /><testcase classname="tests.test_at_perf_004.TestATPERF004HotPathOptimization" name="test_profile_hot_paths" time="0.082" /><testcase classname="tests.test_at_perf_004.TestATPERF004HotPathOptimization" name="test_vectorization_efficiency" time="0.052" /><testcase classname="tests.test_at_perf_004.TestATPERF004HotPathOptimization" name="test_critical_operations_performance" time="0.283" /><testcase classname="tests.test_at_perf_005.TestATPERF005CompilationOptimization" name="test_torch_compile_speedup" time="11.774" /><testcase classname="tests.test_at_perf_005.TestATPERF005CompilationOptimization" name="test_hot_function_compilation" time="0.150" /><testcase classname="tests.test_at_perf_005.TestATPERF005CompilationOptimization" name="test_compilation_amortization" time="7.420" /><testcase classname="tests.test_at_perf_005.TestATPERF005CompilationOptimization" name="test_gpu_kernel_compilation" time="0.000"><skipped type="pytest.skip" message="CUDA required for GPU compilation test">/home/ollie/Documents/tmp/nanoBragg/tests/test_at_perf_005.py:281: CUDA required for GPU compilation test</skipped></testcase><testcase classname="tests.test_at_perf_005.TestATPERF005CompilationOptimization" name="test_dtype_optimization_impact" time="0.589" /><testcase classname="tests.test_at_perf_006.TestATPERF006TensorVectorization" name="test_no_python_loops_in_core_path" time="0.002" /><testcase classname="tests.test_at_perf_006.TestATPERF006TensorVectorization" name="test_profile_tensor_operations_ratio" time="0.022" /><testcase classname="tests.test_at_perf_006.TestATPERF006TensorVectorization" name="test_vectorized_speedup" time="0.120" /><testcase classname="tests.test_at_perf_006.TestATPERF006TensorVectorization" name="test_tensor_shapes_include_all_dimensions" time="0.002"><skipped type="pytest.skip" message="Cannot verify tensor shapes without access to intermediate values">/home/ollie/Documents/tmp/nanoBragg/tests/test_at_perf_006.py:218: Cannot verify tensor shapes without access to intermediate values</skipped></testcase><testcase classname="tests.test_at_perf_006" name="test_oversample_performance_scaling[1]" time="0.007" /><testcase classname="tests.test_at_perf_006" name="test_oversample_performance_scaling[2]" time="0.009" /><testcase classname="tests.test_at_perf_006" name="test_oversample_performance_scaling[3]" time="0.012" /><testcase classname="tests.test_at_perf_006" name="test_oversample_performance_scaling[4]" time="0.018" /><testcase classname="tests.test_at_perf_006" name="test_detector_thickness_vectorization" time="0.024" /><testcase classname="tests.test_at_perf_007.TestATPerf007ComprehensiveBenchmark" name="test_benchmark_suite_execution" time="0.000"><skipped type="pytest.skip" message="Set NB_RUN_BENCHMARKS=1 to run comprehensive benchmarks">/home/ollie/Documents/tmp/nanoBragg/tests/test_at_perf_007.py:376: Set NB_RUN_BENCHMARKS=1 to run comprehensive benchmarks</skipped></testcase><testcase classname="tests.test_at_perf_007.TestATPerf007ComprehensiveBenchmark" name="test_pytorch_performance_basic" time="0.030" /><testcase classname="tests.test_at_perf_007.TestATPerf007ComprehensiveBenchmark" name="test_memory_scaling" time="0.077" /><testcase classname="tests.test_at_perf_007.TestATPerf007ComprehensiveBenchmark" name="test_gpu_performance" time="0.000"><skipped type="pytest.skip" message="CUDA not available">/home/ollie/Documents/tmp/nanoBragg/tests/test_at_perf_007.py:465: CUDA not available</skipped></testcase><testcase classname="tests.test_at_perf_007.TestATPerf007ComprehensiveBenchmark" name="test_benchmark_output_format" time="0.001" /><testcase classname="tests.test_at_perf_008.TestATPERF008CUDATensorResidency" name="test_large_tensor_gpu_residency" time="0.000"><skipped type="pytest.skip" message="CUDA not available">/home/ollie/Documents/tmp/nanoBragg/tests/test_at_perf_008.py:141: CUDA not available</skipped></testcase><testcase classname="tests.test_at_perf_008.TestATPERF008CUDATensorResidency" name="test_auto_device_selection_uses_cuda" time="0.000"><skipped type="pytest.skip" message="CUDA not available">/home/ollie/Documents/tmp/nanoBragg/tests/test_at_perf_008.py:212: CUDA not available</skipped></testcase><testcase classname="tests.test_at_perf_008.TestATPERF008CUDATensorResidency" name="test_skip_when_cuda_unavailable" time="0.006" /><testcase classname="tests.test_at_perf_008.TestATPERF008CUDATensorResidency" name="test_memory_efficient_gpu_usage" time="0.000"><skipped type="pytest.skip" message="CUDA not available">/home/ollie/Documents/tmp/nanoBragg/tests/test_at_perf_008.py:283: CUDA not available</skipped></testcase><testcase classname="tests.test_at_pol_001.TestATPOL001KahnModel" name="test_polarization_factor_calculation" time="0.001" /><testcase classname="tests.test_at_pol_001.TestATPOL001KahnModel" name="test_nopolar_toggle" time="0.010" /><testcase classname="tests.test_at_pol_001.TestATPOL001KahnModel" name="test_oversample_polar_last_value_semantics" time="0.014" /><testcase classname="tests.test_at_pol_001.TestATPOL001KahnModel" name="test_polarization_with_tilted_detector" time="0.010" /><testcase classname="tests.test_at_pol_001.TestATPOL001KahnModel" name="test_polarization_factor_range" time="0.120" /><testcase classname="tests.test_at_pre_001" name="test_header_precedence_img_then_mask" time="0.985" /><testcase classname="tests.test_at_pre_001" name="test_mask_beam_center_y_flip" time="0.992" /><testcase classname="tests.test_at_pre_001" name="test_img_only_no_mask" time="0.977" /><testcase classname="tests.test_at_pre_002" name="test_xbeam_ybeam_forces_beam_pivot" time="0.981" /><testcase classname="tests.test_at_pre_002" name="test_xclose_yclose_forces_sample_pivot" time="0.988" /><testcase classname="tests.test_at_pre_002" name="test_orgx_orgy_forces_sample_pivot" time="0.979" /><testcase classname="tests.test_at_pre_002" name="test_explicit_pivot_override" time="1.949" /><testcase classname="tests.test_at_pre_002" name="test_distance_vs_close_distance_pivot_defaults" time="1.962" /><testcase classname="tests.test_at_pre_002" name="test_convention_default_pivots" time="1.964" /><testcase classname="tests.test_at_roi_001.TestAT_ROI_001" name="test_roi_bounds_default_to_full_detector" time="0.000" /><testcase classname="tests.test_at_roi_001.TestAT_ROI_001" name="test_roi_bounds_validation" time="0.000" /><testcase classname="tests.test_at_roi_001.TestAT_ROI_001" name="test_roi_limits_rendering_area" time="0.007" /><testcase classname="tests.test_at_roi_001.TestAT_ROI_001" name="test_mask_array_filtering" time="0.006" /><testcase classname="tests.test_at_roi_001.TestAT_ROI_001" name="test_roi_and_mask_combination" time="0.006" /><testcase classname="tests.test_at_roi_001.TestAT_ROI_001" name="test_mask_array_dimension_validation" time="0.000" /><testcase classname="tests.test_at_roi_001.TestAT_ROI_001" name="test_statistics_exclude_masked_pixels" time="0.011" /><testcase classname="tests.test_at_sam_001" name="test_at_sam_001_steps_normalization" time="0.685" /><testcase classname="tests.test_at_sam_002.TestAT_SAM_002_OversampleLastValue" name="test_oversample_omega_last_value_semantics" time="0.323" /><testcase classname="tests.test_at_sam_002.TestAT_SAM_002_OversampleLastValue" name="test_oversample_without_subpixel_flags" time="0.961" /><testcase classname="tests.test_at_sam_002.TestAT_SAM_002_OversampleLastValue" name="test_oversample_flag_precedence" time="0.005" /><testcase classname="tests.test_at_sam_003" name="test_dmin_culling_basic" time="0.014" /><testcase classname="tests.test_at_sam_003" name="test_dmin_culling_exact_threshold" time="0.006" /><testcase classname="tests.test_at_sam_003" name="test_dmin_zero_no_culling" time="0.006" /><testcase classname="tests.test_at_src_001.TestAT_SRC_001_SourcefileAndWeighting" name="test_sourcefile_with_all_columns" time="0.001"><failure message="AssertionError: The values for attribute 'dtype' do not match: torch.float32 != torch.float64.">self = &lt;tests.test_at_src_001.TestAT_SRC_001_SourcefileAndWeighting object at 0x7ab044b73610&gt;

        def test_sourcefile_with_all_columns(self):
            """Test reading sourcefile with all 5 columns specified."""
            with tempfile.TemporaryDirectory() as tmpdir:
                sourcefile = Path(tmpdir) / "test_sources.txt"
    
                # Write test source file with two sources
                # X, Y, Z, weight, wavelength (in meters)
                content = """# Test source file
    -10.0  0.0  0.0  2.0  1.0e-10
    0.0  -10.0  0.0  3.0  1.5e-10
    """
                sourcefile.write_text(content)
    
                # Read source file
                default_wavelength_m = 6.2e-10  # 6.2 Angstroms
                directions, weights, wavelengths = read_sourcefile(
                    sourcefile,
                    default_wavelength_m=default_wavelength_m,
                    default_source_distance_m=10.0
                )
    
                # Check we got 2 sources
                assert directions.shape == (2, 3)
                assert weights.shape == (2,)
                assert wavelengths.shape == (2,)
    
                # Check directions are normalized (unit vectors)
                norms = torch.linalg.norm(directions, dim=1)
&gt;               torch.testing.assert_close(norms, torch.ones(2, dtype=torch.float64))
E               AssertionError: The values for attribute 'dtype' do not match: torch.float32 != torch.float64.

/home/ollie/Documents/tmp/nanoBragg/tests/test_at_src_001.py:64: AssertionError</failure></testcase><testcase classname="tests.test_at_src_001.TestAT_SRC_001_SourcefileAndWeighting" name="test_sourcefile_with_missing_columns" time="0.001"><failure message="assert 6.199999957878788e-10 == 1e-10 ± 1.0e-12&#10;  &#10;  comparison failed&#10;  Obtained: 6.199999957878788e-10&#10;  Expected: 1e-10 ± 1.0e-12">self = &lt;tests.test_at_src_001.TestAT_SRC_001_SourcefileAndWeighting object at 0x7ab044b73750&gt;

        def test_sourcefile_with_missing_columns(self):
            """Test reading sourcefile with missing columns (using defaults)."""
            with tempfile.TemporaryDirectory() as tmpdir:
                sourcefile = Path(tmpdir) / "test_sources.txt"
    
                # Write test source file with varying number of columns
                content = """# Test source file with missing columns
    # Full specification
    -10.0  0.0  0.0  2.0  1.0e-10
    # Only position
    0.0  -10.0  0.0
    # No columns (should use defaults)
    
    # Comment line
    # Only position and weight
    5.0  5.0  0.0  1.5
    """
                sourcefile.write_text(content)
    
                # Read source file
                default_wavelength_m = 6.2e-10  # 6.2 Angstroms
                default_source_distance_m = 10.0
                beam_direction = torch.tensor([0.0, 0.0, 1.0], dtype=torch.float64)
    
                directions, weights, wavelengths = read_sourcefile(
                    sourcefile,
                    default_wavelength_m=default_wavelength_m,
                    default_source_distance_m=default_source_distance_m,
                    beam_direction=beam_direction
                )
    
                # Check we got 3 sources (empty line is skipped)
                assert directions.shape == (3, 3)
                assert weights.shape == (3,)
                assert wavelengths.shape == (3,)
    
                # Check wavelengths
&gt;               assert wavelengths[0].item() == pytest.approx(1.0e-10)  # Specified
                ^^^^^^^^^^^^^^^^^^^^^^^^^^^^^^^^^^^^^^^^^^^^^^^^^^^^^^
E               assert 6.199999957878788e-10 == 1e-10 ± 1.0e-12
E                 
E                 comparison failed
E                 Obtained: 6.199999957878788e-10
E                 Expected: 1e-10 ± 1.0e-12

/home/ollie/Documents/tmp/nanoBragg/tests/test_at_src_001.py:112: AssertionError</failure></testcase><testcase classname="tests.test_at_src_001.TestAT_SRC_001_SourcefileAndWeighting" name="test_sourcefile_default_position" time="0.001"><failure message="AssertionError: The values for attribute 'dtype' do not match: torch.float32 != torch.float64.">self = &lt;tests.test_at_src_001.TestAT_SRC_001_SourcefileAndWeighting object at 0x7ab044c190f0&gt;

        def test_sourcefile_default_position(self):
            """Test that missing X,Y,Z defaults to -source_distance·b position."""
            with tempfile.TemporaryDirectory() as tmpdir:
                sourcefile = Path(tmpdir) / "test_sources.txt"
    
                # Write source file with partial position (X, Y only, no Z)
                # Per spec, columns are: X, Y, Z, weight, wavelength
                # If we provide X=-15, Y=0 (no Z), position should be [-15, 0, 0] -&gt; normalized [-1, 0, 0]
                content = """# Source with only X, Y position
    -15.0  0.0
    """
                sourcefile.write_text(content)
    
                # Read with specific beam direction (not actually used when X,Y provided)
                default_wavelength_m = 6.2e-10
                default_source_distance_m = 15.0  # 15 meters
                beam_direction = torch.tensor([1.0, 0.0, 0.0], dtype=torch.float64)  # Along +X
    
                directions, weights, wavelengths = read_sourcefile(
                    sourcefile,
                    default_wavelength_m=default_wavelength_m,
                    default_source_distance_m=default_source_distance_m,
                    beam_direction=beam_direction
                )
    
                # Position [-15, 0, 0] normalized to unit vector: [-1, 0, 0]
                expected_direction = torch.tensor([[-1.0, 0.0, 0.0]], dtype=torch.float64)
&gt;               torch.testing.assert_close(directions, expected_direction)
E               AssertionError: The values for attribute 'dtype' do not match: torch.float32 != torch.float64.

/home/ollie/Documents/tmp/nanoBragg/tests/test_at_src_001.py:148: AssertionError</failure></testcase><testcase classname="tests.test_at_src_001.TestAT_SRC_001_SourcefileAndWeighting" name="test_multiple_sources_normalization" time="0.001"><failure message="AssertionError: The values for attribute 'dtype' do not match: torch.float32 != torch.float64.">self = &lt;tests.test_at_src_001.TestAT_SRC_001_SourcefileAndWeighting object at 0x7ab044c19220&gt;

        def test_multiple_sources_normalization(self):
            """Test that intensity is properly normalized by number of sources."""
            with tempfile.TemporaryDirectory() as tmpdir:
                sourcefile = Path(tmpdir) / "test_sources.txt"
    
                # Create two sources with same wavelength but different positions
                content = """# Two sources for normalization test
    -10.0  0.0  0.0  1.0  6.2e-10
    10.0  0.0  0.0  1.0  6.2e-10
    """
                sourcefile.write_text(content)
    
                # Read sources
                directions, weights, wavelengths = read_sourcefile(
                    sourcefile,
                    default_wavelength_m=6.2e-10
                )
    
                # Verify we have 2 sources
                assert len(directions) == 2
                assert len(weights) == 2
                assert len(wavelengths) == 2
    
                # Verify directions are opposite (sources on opposite sides)
                torch.testing.assert_close(directions[0], -directions[1])
    
                # Both sources have weight 1.0 specified in the file
&gt;               torch.testing.assert_close(weights, torch.ones(2, dtype=torch.float64))
E               AssertionError: The values for attribute 'dtype' do not match: torch.float32 != torch.float64.

/home/ollie/Documents/tmp/nanoBragg/tests/test_at_src_001.py:180: AssertionError</failure></testcase><testcase classname="tests.test_at_src_001.TestAT_SRC_001_SourcefileAndWeighting" name="test_empty_sourcefile" time="0.001" /><testcase classname="tests.test_at_src_001.TestAT_SRC_001_SourcefileAndWeighting" name="test_weighted_sources_integration" time="0.001"><failure message="assert 6.199999957878788e-10 == 8e-10 ± 1.0e-12&#10;  &#10;  comparison failed&#10;  Obtained: 6.199999957878788e-10&#10;  Expected: 8e-10 ± 1.0e-12">self = &lt;tests.test_at_src_001.TestAT_SRC_001_SourcefileAndWeighting object at 0x7ab044dc2cf0&gt;

        def test_weighted_sources_integration(self):
            """Test that sources with weights can be loaded and simulated (AT-SRC-001)."""
            with tempfile.TemporaryDirectory() as tmpdir:
                sourcefile = Path(tmpdir) / "weighted_sources.txt"
    
                # Create two sources with different weights as specified in AT-SRC-001
                # "Setup: -sourcefile with two sources having distinct weights and λ"
                content = """# Two sources with different weights and wavelengths
    # X Y Z weight wavelength
    0.0  0.0  -10.0  2.0  6.2e-10
    0.0  0.0  -10.0  3.0  8.0e-10
    """
                sourcefile.write_text(content)
    
                # Read sources
                directions, weights, wavelengths = read_sourcefile(
                    sourcefile,
                    default_wavelength_m=6.2e-10
                )
    
                # Verify weights are preserved per AT-SRC-001
                # "intensity contributions SHALL sum with per-source λ and weight"
                assert weights[0].item() == pytest.approx(2.0)
                assert weights[1].item() == pytest.approx(3.0)
    
                # Verify wavelengths are preserved
                assert wavelengths[0].item() == pytest.approx(6.2e-10)
&gt;               assert wavelengths[1].item() == pytest.approx(8.0e-10)
E               assert 6.199999957878788e-10 == 8e-10 ± 1.0e-12
E                 
E                 comparison failed
E                 Obtained: 6.199999957878788e-10
E                 Expected: 8e-10 ± 1.0e-12

/home/ollie/Documents/tmp/nanoBragg/tests/test_at_src_001.py:224: AssertionError</failure></testcase><testcase classname="tests.test_at_src_001_cli.TestAT_SRC_001_CLI" name="test_sourcefile_loading_via_cli" time="0.979" /><testcase classname="tests.test_at_src_001_cli.TestAT_SRC_001_CLI" name="test_sourcefile_with_missing_columns" time="0.974" /><testcase classname="tests.test_at_src_001_cli.TestAT_SRC_001_CLI" name="test_sourcefile_takes_precedence_over_divergence" time="0.972" /><testcase classname="tests.test_at_src_001_simple" name="test_sourcefile_parsing" time="0.001"><failure message="AssertionError: The values for attribute 'dtype' do not match: torch.float32 != torch.float64.">def test_sourcefile_parsing():
        """Basic test of source file parsing."""
        with tempfile.TemporaryDirectory() as tmpdir:
            sourcefile = Path(tmpdir) / "test_sources.txt"
    
            # Write test source file with two sources
            content = """# Test source file
    -10.0  0.0  0.0  2.0  1.0e-10
    0.0  -10.0  0.0  3.0  1.5e-10
    """
            sourcefile.write_text(content)
    
            # Read source file
            default_wavelength_m = 6.2e-10
            directions, weights, wavelengths = read_sourcefile(
                sourcefile,
                default_wavelength_m=default_wavelength_m
            )
    
            # Check results
            assert directions.shape == (2, 3)
            assert weights.shape == (2,)
            assert wavelengths.shape == (2,)
    
            # Check directions are normalized
            norms = torch.linalg.norm(directions, dim=1)
&gt;           torch.testing.assert_close(norms, torch.ones(2, dtype=torch.float64))
E           AssertionError: The values for attribute 'dtype' do not match: torch.float32 != torch.float64.

/home/ollie/Documents/tmp/nanoBragg/tests/test_at_src_001_simple.py:41: AssertionError</failure></testcase><testcase classname="tests.test_at_src_002.TestAT_SRC_002" name="test_no_parameters_provided" time="0.000" /><testcase classname="tests.test_at_src_002.TestAT_SRC_002" name="test_only_step_provided" time="0.000" /><testcase classname="tests.test_at_src_002.TestAT_SRC_002" name="test_only_range_provided" time="0.000" /><testcase classname="tests.test_at_src_002.TestAT_SRC_002" name="test_only_count_provided_angles" time="0.000" /><testcase classname="tests.test_at_src_002.TestAT_SRC_002" name="test_only_count_provided_thickness" time="0.000" /><testcase classname="tests.test_at_src_002.TestAT_SRC_002" name="test_range_and_step_provided" time="0.000" /><testcase classname="tests.test_at_src_002.TestAT_SRC_002" name="test_count_and_range_provided" time="0.000" /><testcase classname="tests.test_at_src_002.TestAT_SRC_002" name="test_divergence_auto_selection" time="0.000" /><testcase classname="tests.test_at_src_002.TestAT_SRC_002" name="test_dispersion_auto_selection" time="0.000" /><testcase classname="tests.test_at_src_002.TestAT_SRC_002" name="test_thickness_auto_selection" time="0.000" /><testcase classname="tests.test_at_src_002.TestAT_SRC_002" name="test_all_parameters_provided" time="0.000" /><testcase classname="tests.test_at_src_002.TestAT_SRC_002" name="test_conflicting_parameters" time="0.000" /><testcase classname="tests.test_at_src_003.TestSourcefileLambdaOverride" name="test_lambda_override_single_source" time="0.001" /><testcase classname="tests.test_at_src_003.TestSourcefileLambdaOverride" name="test_lambda_override_multiple_sources" time="0.001" /><testcase classname="tests.test_at_src_003.TestSourcefileWarningEmission" name="test_warning_emitted_on_mismatch" time="0.000" /><testcase classname="tests.test_at_src_003.TestSourcefileWarningEmission" name="test_no_warning_when_matching" time="0.000" /><testcase classname="tests.test_at_src_003.TestSourcefileWarningEmission" name="test_no_warning_when_column_missing" time="0.000" /><testcase classname="tests.test_at_src_003.TestStepsNormalizationParity" name="test_steps_count_includes_zero_weight_sources" time="0.000" /><testcase classname="tests.test_at_src_003.TestStepsNormalizationParity" name="test_equal_weighting_preserved" time="0.000" /><testcase classname="tests.test_at_sta_001.TestAT_STA_001" name="test_statistics_basic" time="0.007" /><testcase classname="tests.test_at_sta_001.TestAT_STA_001" name="test_statistics_with_roi" time="0.005" /><testcase classname="tests.test_at_sta_001.TestAT_STA_001" name="test_statistics_with_mask" time="0.002" /><testcase classname="tests.test_at_sta_001.TestAT_STA_001" name="test_statistics_empty_roi" time="0.005" /><testcase classname="tests.test_at_sta_001.TestAT_STA_001" name="test_statistics_last_max_location" time="0.005" /><testcase classname="tests.test_at_str_001" name="test_at_str_001_nearest_neighbor_lookup" time="0.002" /><testcase classname="tests.test_at_str_002" name="test_tricubic_interpolation_enabled" time="0.007" /><testcase classname="tests.test_at_str_002" name="test_tricubic_out_of_bounds_fallback" time="0.001" /><testcase classname="tests.test_at_str_002" name="test_auto_enable_interpolation" time="0.001" /><testcase classname="tests.test_at_str_003.TestAT_STR_003_LatticeShapeModels" name="test_square_shape_model" time="0.001" /><testcase classname="tests.test_at_str_003.TestAT_STR_003_LatticeShapeModels" name="test_round_shape_model" time="0.160" /><testcase classname="tests.test_at_str_003.TestAT_STR_003_LatticeShapeModels" name="test_gauss_shape_model" time="0.001"><failure message="AttributeError: 'NoneType' object has no attribute 'get_pixel_coords'">self = &lt;tests.test_at_str_003.TestAT_STR_003_LatticeShapeModels object at 0x7ab044c19f30&gt;

    def test_gauss_shape_model(self):
        """Test GAUSS (Gaussian in reciprocal space) lattice shape model."""
        # Configure for GAUSS shape
        self.crystal_config.shape = CrystalShape.GAUSS
        self.crystal_config.fudge = 1.0
    
        # Create simulator to test the full implementation
&gt;       simulator = Simulator(
            crystal=Crystal(self.crystal_config),
            detector=None,  # Not needed for this test
            crystal_config=self.crystal_config,
            beam_config=self.beam_config,
        )

/home/ollie/Documents/tmp/nanoBragg/tests/test_at_str_003.py:132: 
_ _ _ _ _ _ _ _ _ _ _ _ _ _ _ _ _ _ _ _ _ _ _ _ _ _ _ _ _ _ _ _ _ _ _ _ _ _ _ _ 

self = &lt;nanobrag_torch.simulator.Simulator object at 0x7ab03b66f0b0&gt;
crystal = &lt;nanobrag_torch.models.crystal.Crystal object at 0x7ab040a76e40&gt;
detector = None
crystal_config = CrystalConfig(cell_a=100.0, cell_b=100.0, cell_c=100.0, cell_alpha=90.0, cell_beta=90.0, cell_gamma=90.0, misset_deg=(...'gauss'&gt;, fudge=1.0, sample_x=1.0000000000000001e-07, sample_y=1.0000000000000001e-07, sample_z=1.0000000000000001e-07)
[...]
    
        # Move beam center tensors
&gt;       self.beam_center_s = self.beam_center_s.to(device=self.device, dtype=self.dtype)
                             ^^^^^^^^^^^^^^^^^^^^^
E       AttributeError: 'float' object has no attribute 'to'

/home/ollie/Documents/tmp/nanoBragg/src/nanobrag_torch/models/detector.py:232: AttributeError</failure></testcase><testcase classname="tests.test_suite.TestTier1TranslationCorrectness" name="test_rotation_compatibility" time="0.001"><failure message="AttributeError: 'float' object has no attribute 'to'">self = &lt;tests.test_suite.TestTier1TranslationCorrectness object at 0x7ab0449b3e30&gt;

    def test_rotation_compatibility(self):
        """Test that dynamic geometry works with crystal rotations."""
        import os
    
        os.environ["KMP_DUPLICATE_LIB_OK"] = "TRUE"
    
        device = torch.device("cpu")
        dtype = torch.float64
    
        print("\n=== Testing Rotation Compatibility ===")
    
        # Create triclinic crystal with proper parameters
        config = CrystalConfig(
            cell_a=70.0,
            cell_b=80.0,
            cell_c=90.0,
            cell_alpha=75.0,
            cell_beta=85.0,
            cell_gamma=95.0,
            N_cells=[3, 3, 3],
            default_F=100.0,  # Add non-zero structure factor
        )
    
        crystal = Crystal(config=config, device=device, dtype=dtype)
        detector = Detector(device=device, dtype=dtype)
        detector.spixels = 128
        detector.fpixels = 128
        detector.beam_center_f = 64.5
        detector.beam_center_s = 64.5
    
        # Test with phi rotation and mosaic spread
        rot_config = CrystalConfig(
            phi_start_deg=torch.tensor(10.0, device=device, dtype=dtype),
            osc_range_deg=torch.tensor(20.0, device=device, dtype=dtype),
            phi_steps=5,
            mosaic_spread_deg=torch.tensor(0.5, device=device, dtype=dtype),
            mosaic_domains=10,
        )
    
        # Create beam config with proper wavelength
        from nanobrag_torch.config import BeamConfig
        beam_config = BeamConfig(wavelength_A=1.0)
    
&gt;       simulator = Simulator(
            crystal, detector, beam_config=beam_config, crystal_config=rot_config, device=device, dtype=dtype
        )

/home/ollie/Documents/tmp/nanoBragg/tests/test_suite.py:1247: 
_ _ _ _ _ _ _ _ _ _ _ _ _ _ _ _ _ _ _ _ _ _ _ _ _ _ _ _ _ _ _ _ _ _ _ _ _ _ _ _ 
/home/ollie/Documents/tmp/nanoBragg/src/nanobrag_torch/simulator.py:492: in __init__
    self.detector = self.detector.to(device=self.device, dtype=self.dtype)
                    ^^^^^^^^^^^^^^^^^^^^^^^^^^^^^^^^^^^^^^^^^^^^^^^^^^^^^^
_ _ _ _ _ _ _ _ _ _ _ _ _ _ _ _ _ _ _ _ _ _ _ _ _ _ _ _ _ _ _ _ _ _ _ _ _ _ _ _ 

self = &lt;nanobrag_torch.models.detector.Detector object at 0x7ab039330950&gt;
device = device(type='cpu'), dtype = torch.float64

    def to(self, device=None, dtype=None):
        """Move detector to specified device and/or dtype."""
        if device is not None:
            self.device = device
        if dtype is not None:
            self.dtype = dtype
    
        # Move basis vectors to new device/dtype
        self.fdet_vec = self.fdet_vec.to(device=self.device, dtype=self.dtype)
        self.sdet_vec = self.sdet_vec.to(device=self.device, dtype=self.dtype)
        self.odet_vec = self.odet_vec.to(device=self.device, dtype=self.dtype)
    
        # Move beam center tensors
&gt;       self.beam_center_s = self.beam_center_s.to(device=self.device, dtype=self.dtype)
                             ^^^^^^^^^^^^^^^^^^^^^
E       AttributeError: 'float' object has no attribute 'to'

/home/ollie/Documents/tmp/nanoBragg/src/nanobrag_torch/models/detector.py:232: AttributeError</failure></testcase><testcase classname="tests.test_suite.TestTier1TranslationCorrectness" name="test_simple_cubic_mosaic_reproduction" time="1.963" /><testcase classname="tests.test_suite.TestTier1TranslationCorrectness" name="test_simulator_phi_rotation" time="0.417" /><testcase classname="tests.test_suite.TestTier2GradientCorrectness" name="test_gradcheck_crystal_params" time="0.064" /><testcase classname="tests.test_suite.TestTier2GradientCorrectness" name="test_gradcheck_detector_params" time="0.008" /><testcase classname="tests.test_suite.TestTier2GradientCorrectness" name="test_gradcheck_phi_rotation" time="0.005"><skipped type="pytest.skip" message="Phi gradient check not yet working: not enough values to unpack (expected 3, got 2)">/home/ollie/Documents/tmp/nanoBragg/tests/test_suite.py:1821: Phi gradient check not yet working: not enough values to unpack (expected 3, got 2)</skipped></testcase><testcase classname="tests.test_suite.TestTier2GradientCorrectness" name="test_gradcheck_mosaic_spread" time="0.005"><skipped type="pytest.skip" message="Mosaic spread gradient check not yet working: not enough values to unpack (expected 3, got 2)">/home/ollie/Documents/tmp/nanoBragg/tests/test_suite.py:1879: Mosaic spread gradient check not yet working: not enough values to unpack (expected 3, got 2)</skipped></testcase><testcase classname="tests.test_suite.TestTier2GradientCorrectness" name="test_gradient_numerical_stability" time="0.005"><skipped type="pytest.skip" message="Gradient stability test not yet working: not enough values to unpack (expected 3, got 2)">/home/ollie/Documents/tmp/nanoBragg/tests/test_suite.py:1954: Gradient stability test not yet working: not enough values to unpack (expected 3, got 2)</skipped></testcase><testcase classname="tests.test_suite.TestTier3ScientificValidation" name="test_bragg_spot_position" time="0.000"><skipped type="pytest.skip" message="Requires implementation of simulation">/home/ollie/Documents/tmp/nanoBragg/tests/test_suite.py:1960: Requires implementation of simulation</skipped></testcase><testcase classname="tests.test_suite.TestTier3ScientificValidation" name="test_polarization_limits" time="0.000"><skipped type="pytest.skip" message="Requires implementation of simulation">/home/ollie/Documents/tmp/nanoBragg/tests/test_suite.py:1966: Requires implementation of simulation</skipped></testcase><testcase classname="tests.test_suite" name="test_import" time="0.000" /><testcase classname="tests.test_trace_pixel.TestScalingTrace" name="test_scaling_trace_matches_physics[dtype0-cpu]" time="0.010" /><testcase classname="tests.test_trace_pixel.TestScalingTrace" name="test_scaling_trace_matches_physics[dtype0-cuda]" time="0.000"><skipped type="pytest.skip" message="CUDA not available">/home/ollie/Documents/tmp/nanoBragg/tests/test_trace_pixel.py:25: CUDA not available</skipped></testcase><testcase classname="tests.test_trace_pixel.TestScalingTrace" name="test_scaling_trace_matches_physics[dtype1-cpu]" time="0.011" /><testcase classname="tests.test_trace_pixel.TestScalingTrace" name="test_scaling_trace_matches_physics[dtype1-cuda]" time="0.000"><skipped type="pytest.skip" message="CUDA not available">/home/ollie/Documents/tmp/nanoBragg/tests/test_trace_pixel.py:25: CUDA not available</skipped></testcase><testcase classname="tests.test_trace_pixel.TestScalingTrace" name="test_scaling_trace_with_absorption[cpu]" time="0.011" /><testcase classname="tests.test_tricubic_vectorized.TestTricubicGather" name="test_vectorized_matches_scalar" time="0.016"><failure message="RuntimeError: Float did not match Double">self = &lt;tests.test_tricubic_vectorized.TestTricubicGather object at 0x7ab0448e0190&gt;
crystal_with_data = &lt;nanobrag_torch.models.crystal.Crystal object at 0x7ab0393899a0&gt;

    def test_vectorized_matches_scalar(self, crystal_with_data):
        """
        Verify that batched gather produces correct neighborhoods.
    
        Phase C1 requirement: Build (B, 4, 4, 4) neighborhoods via advanced indexing.
        This test validates the gather mechanism by comparing:
        1. Scalar interpolation (existing path, B=1)
        2. Shape assertions on batched gather output
        3. Neighborhood contents match expected HKL data
    
        Reference: design_notes.md Section 2.2, Section 5.1
        """
        crystal = crystal_with_data
    
        # Test case 1: Single query point (scalar path, B=1)
        h_scalar = torch.tensor([1.5], dtype=torch.float32)
        k_scalar = torch.tensor([2.3], dtype=torch.float32)
        l_scalar = torch.tensor([0.5], dtype=torch.float32)
    
        # This should use the scalar path (B=1)
        F_scalar = crystal._tricubic_interpolation(h_scalar, k_scalar, l_scalar)
    
        assert F_scalar.shape == h_scalar.shape, f"Scalar output shape mismatch: {F_scalar.shape} vs {h_scalar.shape}"
        assert not torch.isnan(F_scalar).any(), "Scalar output contains NaNs"
        assert not torch.isinf(F_scalar).any(), "Scalar output contains Infs"
    
        # Test case 2: Batched query points (gather path, B&gt;1)
        # Use a small batch to verify neighborhood gathering
        h_batch = torch.tensor([1.5, 2.3, -1.2], dtype=torch.float32)
        k_batch = torch.tensor([2.3, -0.5, 3.1], dtype=torch.float32)
        l_batch = torch.tensor([0.5, 1.8, -2.0], dtype=torch.float32)
    
        # This triggers the batched gather path (B=3)
        # Currently falls back to nearest-neighbor but builds neighborhoods internally
        F_batch = crystal._tricubic_interpolation(h_batch, k_batch, l_batch)
    
        assert F_batch.shape == h_batch.shape, f"Batch output shape mismatch: {F_batch.shape} vs {h_batch.shape}"
        assert not torch.isnan(F_batch).any(), "Batch output contains NaNs"
        assert not torch.isinf(F_batch).any(), "Batch output contains Infs"
    
        # Test case 3: Multi-dimensional batch (detector grid simulation)
        # Simulate a small detector region: (S=2, F=3)
        h_grid = torch.tensor([[1.5, 2.3, 0.8], [-1.2, 3.1, 1.9]], dtype=torch.float32)
        k_grid = torch.tensor([[2.3, -0.5, 1.2], [3.1, -2.0, 0.5]], dtype=torch.float32)
        l_grid = torch.tensor([[0.5, 1.8, -1.0], [-2.0, 0.3, 2.5]], dtype=torch.float32)
    
        # Flatten to (B=6) internally
        F_grid = crystal._tricubic_interpolation(h_grid, k_grid, l_grid)
    
        assert F_grid.shape == h_grid.shape, f"Grid output shape mismatch: {F_grid.shape} vs {h_grid.shape}"
        assert not torch.isnan(F_grid).any(), "Grid output contains NaNs"
        assert not torch.isinf(F_grid).any(), "Grid output contains Infs"
    
        # Test case 4: Verify neighborhood bounds checking still works
        # Query point near edge (h=4.5 → floor=4 → needs neighbors 3,4,5,6; 6&gt;h_max=5)
        h_edge = torch.tensor([4.5], dtype=torch.float32)
        k_edge = torch.tensor([0.0], dtype=torch.float32)
        l_edge = torch.tensor([0.0], dtype=torch.float32)
    
        # Capture warning state before test
        warning_shown_before = crystal._interpolation_warning_shown
    
        # This should trigger OOB fallback and return default_F
        F_edge = crystal._tricubic_interpolation(h_edge, k_edge, l_edge)
    
        # Should fallback to default_F due to OOB
        expected_default = crystal.config.default_F
        # Allow small tolerance due to potential floating point ops
&gt;       assert torch.allclose(F_edge, torch.tensor(expected_default), atol=1e-5), \
               ^^^^^^^^^^^^^^^^^^^^^^^^^^^^^^^^^^^^^^^^^^^^^^^^^^^^^^^^^^^^^^^^^
            f"OOB fallback failed: expected {expected_default}, got {F_edge.item()}"

/home/ollie/Documents/tmp/nanoBragg/tests/test_tricubic_vectorized.py:144: 
_ _ _ _ _ _ _ _ _ _ _ _ _ _ _ _ _ _ _ _ _ _ _ _ _ _ _ _ _ _ _ _ _ _ _ _ _ _ _ _ 

self = &lt;torch.utils._device.DeviceContext object at 0x7ab03667e150&gt;
func = &lt;built-in method allclose of type object at 0x7ab1c6980fc0&gt;, types = ()
args = (tensor([100.], dtype=torch.float32), tensor(100.))
kwargs = {'atol': 1e-05}

    def __torch_function__(self, func, types, args=(), kwargs=None):
        kwargs = kwargs or {}
        if func in _device_constructors() and kwargs.get('device') is None:
            kwargs['device'] = self.device
&gt;       return func(*args, **kwargs)
               ^^^^^^^^^^^^^^^^^^^^^
E       RuntimeError: Float did not match Double

/home/ollie/miniconda3/lib/python3.13/site-packages/torch/utils/_device.py:104: RuntimeError</failure></testcase><testcase classname="tests.test_tricubic_vectorized.TestTricubicGather" name="test_neighborhood_gathering_internals" time="0.007" /><testcase classname="tests.test_tricubic_vectorized.TestTricubicGather" name="test_oob_warning_single_fire" time="0.001"><failure message="RuntimeError: Float did not match Double">self = &lt;tests.test_tricubic_vectorized.TestTricubicGather object at 0x7ab044a06650&gt;
simple_crystal_config = CrystalConfig(cell_a=100.0, cell_b=100.0, cell_c=100.0, cell_alpha=90.0, cell_beta=90.0, cell_gamma=90.0, misset_deg=[...square'&gt;, fudge=1.0, sample_x=5.0000000000000004e-08, sample_y=5.0000000000000004e-08, sample_z=5.0000000000000004e-08)

    def test_oob_warning_single_fire(self, simple_crystal_config):
        """
        Verify that out-of-bounds warning fires exactly once and disables interpolation.
    
        Phase C2 requirement: Lock the single-warning behavior for OOB fallback.
        When tricubic interpolation encounters an out-of-bounds neighborhood query:
        1. First occurrence triggers warning message (printed once only)
        2. Interpolation is permanently disabled (self.interpolate = False)
        3. Subsequent OOB queries return default_F without additional warnings
    
        Reference: plans/active/vectorization.md Phase C2
        """
        # Create crystal with small HKL data range to easily trigger OOB
        crystal = Crystal(simple_crystal_config)
    
        h_range, k_range, l_range = 11, 11, 11  # covers h,k,l ∈ [-5, 5]
        hkl_data = torch.ones((h_range, k_range, l_range), dtype=torch.float32) * 50.0
        crystal.hkl_data = hkl_data
        crystal.hkl_metadata = {
            'h_min': -5, 'h_max': 5,
            'k_min': -5, 'k_max': 5,
            'l_min': -5, 'l_max': 5,
            'h_range': 10, 'k_range': 10, 'l_range': 10
        }
    
        # Enable interpolation explicitly
        crystal.interpolate = True
        initial_warning_state = crystal._interpolation_warning_shown
        assert not initial_warning_state, "Warning flag should start False"
        assert crystal.interpolate, "Interpolation should start enabled"
    
        # First OOB query: h=4.8 → floor=4 → needs neighbors [3,4,5,6]
        # Since h_max=5, neighbor h=6 is out of range
        h_oob = torch.tensor([4.8], dtype=torch.float32)
        k_oob = torch.tensor([0.0], dtype=torch.float32)
        l_oob = torch.tensor([0.0], dtype=torch.float32)
    
        # Capture stdout to verify warning message
        import io
        import sys
        captured_output = io.StringIO()
        sys.stdout = captured_output
    
        # First call: should trigger warning
        F_first = crystal._tricubic_interpolation(h_oob, k_oob, l_oob)
    
        # Restore stdout
        sys.stdout = sys.__stdout__
        warning_text = captured_output.getvalue()
    
        # Verify warning was printed
        assert "WARNING: out of range for three point interpolation" in warning_text, \
            "First OOB call should print warning"
        assert "further warnings will not be printed" in warning_text, \
            "Warning should indicate no further warnings"
    
        # Verify state changes
        assert crystal._interpolation_warning_shown, "Warning flag should be set"
        assert not crystal.interpolate, "Interpolation should be disabled"
    
        # Verify fallback to default_F
        expected_default = crystal.config.default_F
&gt;       assert torch.allclose(F_first, torch.tensor(expected_default), atol=1e-5), \
               ^^^^^^^^^^^^^^^^^^^^^^^^^^^^^^^^^^^^^^^^^^^^^^^^^^^^^^^^^^^^^^^^^^
            f"First OOB call should return default_F={expected_default}, got {F_first.item()}"

/home/ollie/Documents/tmp/nanoBragg/tests/test_tricubic_vectorized.py:261: 
_ _ _ _ _ _ _ _ _ _ _ _ _ _ _ _ _ _ _ _ _ _ _ _ _ _ _ _ _ _ _ _ _ _ _ _ _ _ _ _ 

self = &lt;torch.utils._device.DeviceContext object at 0x7ab03667e150&gt;
func = &lt;built-in method allclose of type object at 0x7ab1c6980fc0&gt;, types = ()
args = (tensor([100.], dtype=torch.float32), tensor(100.))
kwargs = {'atol': 1e-05}

    def __torch_function__(self, func, types, args=(), kwargs=None):
        kwargs = kwargs or {}
        if func in _device_constructors() and kwargs.get('device') is None:
            kwargs['device'] = self.device
&gt;       return func(*args, **kwargs)
               ^^^^^^^^^^^^^^^^^^^^^
E       RuntimeError: Float did not match Double

/home/ollie/miniconda3/lib/python3.13/site-packages/torch/utils/_device.py:104: RuntimeError</failure></testcase><testcase classname="tests.test_tricubic_vectorized.TestTricubicGather" name="test_device_neutrality[cpu]" time="0.004" /><testcase classname="tests.test_tricubic_vectorized.TestTricubicGather" name="test_device_neutrality[cuda]" time="0.000"><skipped type="pytest.skip" message="CUDA not available">/home/ollie/Documents/tmp/nanoBragg/tests/test_tricubic_vectorized.py:316: CUDA not available</skipped></testcase><testcase classname="tests.test_tricubic_vectorized.TestTricubicPoly" name="test_polint_matches_scalar_batched" time="0.002" /><testcase classname="tests.test_tricubic_vectorized.TestTricubicPoly" name="test_polint_gradient_flow" time="0.006" /><testcase classname="tests.test_tricubic_vectorized.TestTricubicPoly" name="test_polin2_matches_scalar_batched" time="0.003" /><testcase classname="tests.test_tricubic_vectorized.TestTricubicPoly" name="test_polin2_gradient_flow" time="0.007" /><testcase classname="tests.test_tricubic_vectorized.TestTricubicPoly" name="test_polin3_matches_scalar_batched" time="0.010" /><testcase classname="tests.test_tricubic_vectorized.TestTricubicPoly" name="test_polin3_gradient_flow" time="0.021" /><testcase classname="tests.test_tricubic_vectorized.TestTricubicPoly" name="test_polin3_batch_shape_preserved" time="0.004" /><testcase classname="tests.test_tricubic_vectorized.TestTricubicPoly" name="test_polynomials_support_float64[dtype0]" time="0.001" /><testcase classname="tests.test_tricubic_vectorized.TestTricubicPoly" name="test_polynomials_support_float64[dtype1]" time="0.001" /><testcase classname="tests.test_tricubic_vectorized.TestTricubicPoly" name="test_polynomials_device_neutral[cpu]" time="0.004" /><testcase classname="tests.test_tricubic_vectorized.TestTricubicPoly" name="test_polynomials_device_neutral[cuda]" time="0.000"><skipped type="pytest.skip" message="CUDA not available">/home/ollie/Documents/tmp/nanoBragg/tests/test_tricubic_vectorized.py:726: CUDA not available</skipped></testcase><testcase classname="tests.test_units.TestUnitConversions" name="test_mm_to_angstroms_scalar" time="0.000" /><testcase classname="tests.test_units.TestUnitConversions" name="test_mm_to_angstroms_tensor" time="0.000" /><testcase classname="tests.test_units.TestUnitConversions" name="test_mm_to_angstroms_gradient" time="0.000" /><testcase classname="tests.test_units.TestUnitConversions" name="test_meters_to_angstroms_scalar" time="0.000" /><testcase classname="tests.test_units.TestUnitConversions" name="test_meters_to_angstroms_tensor" time="0.000" /><testcase classname="tests.test_units.TestUnitConversions" name="test_degrees_to_radians_scalar" time="0.000" /><testcase classname="tests.test_units.TestUnitConversions" name="test_degrees_to_radians_tensor" time="0.000" /><testcase classname="tests.test_units.TestUnitConversions" name="test_degrees_to_radians_gradient" time="0.000" /><testcase classname="tests.test_units.TestUnitConversions" name="test_inverse_conversions" time="0.000" /><testcase classname="tests.test_units.TestUnitConversions" name="test_batch_tensor_conversions" time="0.000" /></testsuite></testsuites>