============================= test session starts ==============================
platform linux -- Python 3.13.5, pytest-8.4.1, pluggy-1.5.0 -- /home/ollie/miniconda3/bin/python3.13
cachedir: .pytest_cache
rootdir: /home/ollie/Documents/tmp/nanoBragg
configfile: pyproject.toml
plugins: timeout-2.4.0, anyio-4.9.0
timeout: 300.0s
timeout method: signal
timeout func_only: True
collecting ... collected 31 items / 28 deselected / 3 selected

tests/test_cli_flags.py::TestCLIPix0Override::test_pix0_vector_mm_beam_pivot[cpu] PASSED [ 33%]
tests/test_cli_flags.py::TestCLIPix0Override::test_pix0_vector_mm_beam_pivot[cuda] PASSED [ 66%]
tests/test_cli_flags.py::TestHKLFdumpParity::test_scaled_hkl_roundtrip PASSED [100%]

======================= 3 passed, 28 deselected in 2.72s =======================
