<?xml version="1.0" encoding="utf-8"?><testsuites name="pytest tests"><testsuite name="pytest" errors="0" failures="0" skipped="8" tests="78" time="27.902" timestamp="2025-10-14T18:26:55.326277-07:00" hostname="ollie-System-Product-Name"><testcase classname="tests.test_at_geo_006.TestATGEO006PointPixelSolidAngle" name="test_point_pixel_solid_angle" time="0.002" /><testcase classname="tests.test_at_geo_006.TestATGEO006PointPixelSolidAngle" name="test_default_solid_angle_with_obliquity" time="0.001" /><testcase classname="tests.test_at_geo_006.TestATGEO006PointPixelSolidAngle" name="test_off_center_pixel_comparison" time="0.002" /><testcase classname="tests.test_at_geo_006.TestATGEO006PointPixelSolidAngle" name="test_gradient_flow" time="0.001" /><testcase classname="tests.test_at_geo_006.TestATGEO006PointPixelSolidAngle" name="test_corner_pixel_values" time="0.001" /><testcase classname="tests.test_at_src_001_cli.TestAT_SRC_001_CLI" name="test_sourcefile_loading_via_cli" time="4.638" /><testcase classname="tests.test_at_src_001_cli.TestAT_SRC_001_CLI" name="test_sourcefile_with_missing_columns" time="4.615" /><testcase classname="tests.test_at_src_001_cli.TestAT_SRC_001_CLI" name="test_sourcefile_takes_precedence_over_divergence" time="4.599" /><testcase classname="tests.test_at_src_001_simple" name="test_sourcefile_dtype_propagation[dtype0]" time="0.001" /><testcase classname="tests.test_at_src_001_simple" name="test_sourcefile_dtype_propagation[dtype1]" time="0.001" /><testcase classname="tests.test_at_src_001_simple" name="test_sourcefile_dtype_propagation[None]" time="0.001" /><testcase classname="tests.test_at_src_001_simple" name="test_sourcefile_parsing" time="0.002" /><testcase classname="tests.test_beam_center_source.TestBeamCenterSource" name="test_mosflm_auto_calculated_applies_offset" time="0.001" /><testcase classname="tests.test_beam_center_source.TestBeamCenterSource" name="test_mosflm_explicit_no_offset" time="0.001" /><testcase classname="tests.test_beam_center_source.TestBeamCenterSource" name="test_xds_no_offset_regardless_of_source" time="0.001" /><testcase classname="tests.test_beam_center_source.TestBeamCenterSource" name="test_explicit_matches_default_value" time="0.001" /><testcase classname="tests.test_beam_center_source.TestBeamCenterSource" name="test_default_beam_center_source_is_auto" time="0.001" /><testcase classname="tests.test_cli_flags.TestPix0VectorAlias" name="test_pix0_meters_alias" time="0.002" /><testcase classname="tests.test_cli_flags.TestPix0VectorAlias" name="test_pix0_millimeter_alias" time="0.001" /><testcase classname="tests.test_cli_flags.TestPix0VectorAlias" name="test_pix0_meters_and_mm_equivalence" time="0.003" /><testcase classname="tests.test_cli_flags.TestPix0VectorAlias" name="test_dual_pix0_flag_rejection" time="0.001" /><testcase classname="tests.test_cli_flags.TestPix0VectorAlias" name="test_pix0_signed_combinations[pix0_m0-pix0_mm0]" time="0.003" /><testcase classname="tests.test_cli_flags.TestPix0VectorAlias" name="test_pix0_signed_combinations[pix0_m1-pix0_mm1]" time="0.003" /><testcase classname="tests.test_cli_flags.TestPix0VectorAlias" name="test_pix0_signed_combinations[pix0_m2-pix0_mm2]" time="0.003" /><testcase classname="tests.test_cli_flags.TestDetectorOverridePersistence" name="test_detector_override_persistence_cpu" time="0.001" /><testcase classname="tests.test_cli_flags.TestDetectorOverridePersistence" name="test_detector_override_persistence_cuda" time="0.000"><skipped type="pytest.skip" message="CUDA not available">/home/ollie/Documents/tmp/nanoBragg/tests/test_cli_flags.py:158: CUDA not available</skipped></testcase><testcase classname="tests.test_cli_flags.TestDetectorOverridePersistence" name="test_detector_override_dtype_preservation" time="0.001" /><testcase classname="tests.test_cli_flags.TestNoiseSuppressionFlag" name="test_nonoise_suppresses_noise_output" time="0.001" /><testcase classname="tests.test_cli_flags.TestNoiseSuppressionFlag" name="test_noisefile_without_nonoise" time="0.001" /><testcase classname="tests.test_cli_flags.TestNoiseSuppressionFlag" name="test_nonoise_preserves_seed" time="0.002" /><testcase classname="tests.test_cli_flags.TestNoiseSuppressionFlag" name="test_nonoise_without_noisefile" time="0.001" /><testcase classname="tests.test_cli_flags.TestCLIIntegrationSanity" name="test_pix0_does_not_alter_beam_vector" time="0.001" /><testcase classname="tests.test_cli_flags.TestCLIIntegrationSanity" name="test_pix0_triggers_custom_convention" time="0.002" /><testcase classname="tests.test_cli_flags.TestCLIIntegrationSanity" name="test_roi_unaffected_by_new_flags" time="0.001" /><testcase classname="tests.test_cli_flags.TestCLIIntegrationSanity" name="test_convention_preserved_without_pix0" time="0.001" /><testcase classname="tests.test_cli_flags.TestCLIBeamVector" name="test_custom_beam_vector_propagates" time="0.003" /><testcase classname="tests.test_cli_flags.TestCLIPix0Override" name="test_pix0_override_beam_pivot_transform[cpu-dtype0]" time="0.001" /><testcase classname="tests.test_cli_flags.TestCLIPix0Override" name="test_pix0_override_beam_pivot_transform[cuda-dtype1]" time="0.000"><skipped type="pytest.skip" message="CUDA not available">/home/ollie/Documents/tmp/nanoBragg/tests/test_cli_flags.py:399: CUDA not available</skipped></testcase><testcase classname="tests.test_cli_flags.TestCLIPix0Override" name="test_pix0_vector_mm_beam_pivot[cpu]" time="0.003" /><testcase classname="tests.test_cli_flags.TestCLIPix0Override" name="test_pix0_vector_mm_beam_pivot[cuda]" time="0.000"><skipped type="pytest.skip" message="CUDA not available">/home/ollie/Documents/tmp/nanoBragg/tests/test_cli_flags.py:452: CUDA not available</skipped></testcase><testcase classname="tests.test_cli_flags.TestCLIPolarization" name="test_default_polarization_parity" time="0.001" /><testcase classname="tests.test_cli_flags.TestCLIPolarization" name="test_nopolar_flag" time="0.001" /><testcase classname="tests.test_cli_flags.TestCLIPolarization" name="test_polar_override" time="0.002" /><testcase classname="tests.test_cli_flags.TestCLIPivotSelection" name="test_custom_vectors_force_sample_pivot[float32-cpu]" time="0.001" /><testcase classname="tests.test_cli_flags.TestCLIPivotSelection" name="test_custom_vectors_force_sample_pivot[float32-cuda]" time="0.000"><skipped type="pytest.skip" message="CUDA not available">/home/ollie/Documents/tmp/nanoBragg/tests/test_cli_flags.py:721: CUDA not available</skipped></testcase><testcase classname="tests.test_cli_flags.TestCLIPivotSelection" name="test_custom_vectors_force_sample_pivot[float64-cpu]" time="0.001" /><testcase classname="tests.test_cli_flags.TestCLIPivotSelection" name="test_custom_vectors_force_sample_pivot[float64-cuda]" time="0.000"><skipped type="pytest.skip" message="CUDA not available">/home/ollie/Documents/tmp/nanoBragg/tests/test_cli_flags.py:721: CUDA not available</skipped></testcase><testcase classname="tests.test_cli_flags.TestHKLFdumpParity" name="test_scaled_hkl_roundtrip" time="0.387" /><testcase classname="tests.test_detector_conventions.TestDetectorConventions" name="test_adxv_convention_basis_vectors" time="0.001" /><testcase classname="tests.test_detector_conventions.TestDetectorConventions" name="test_denzo_convention_basis_vectors" time="0.001" /><testcase classname="tests.test_detector_conventions.TestDetectorConventions" name="test_denzo_beam_center_mapping" time="0.001" /><testcase classname="tests.test_detector_conventions.TestDetectorConventions" name="test_adxv_beam_direction" time="0.001" /><testcase classname="tests.test_detector_conventions.TestDetectorConventions" name="test_adxv_twotheta_axis_default" time="0.000" /><testcase classname="tests.test_detector_conventions.TestDetectorConventions" name="test_denzo_twotheta_axis_default" time="0.000" /><testcase classname="tests.test_detector_conventions.TestDetectorConventions" name="test_adxv_default_beam_centers" time="0.000" /><testcase classname="tests.test_detector_conventions.TestDetectorConventions" name="test_all_conventions_orthonormal" time="0.003" /><testcase classname="tests.test_detector_conventions.TestDetectorConventions" name="test_conventions_with_rotations" time="0.003" /><testcase classname="tests.test_detector_geometry.TestDetectorGeometryRegressions" name="test_rotated_basis_vectors_match_c_reference" time="0.001" /><testcase classname="tests.test_detector_geometry.TestDetectorGeometryRegressions" name="test_pix0_vector_matches_c_reference_in_beam_pivot" time="0.000" /><testcase classname="tests.test_detector_geometry.TestDetectorGeometryRegressions" name="test_mosflm_axis_mapping_correctness" time="0.001" /><testcase classname="tests.test_detector_geometry.TestDetectorDifferentiability" name="test_detector_parameter_gradients" time="0.046" /><testcase classname="tests.test_detector_geometry.TestDetectorDifferentiability" name="test_basis_vector_gradients" time="0.007" /><testcase classname="tests.test_detector_geometry.TestDetectorDifferentiability" name="test_pixel_coords_basis_vector_gradients" time="0.011" /><testcase classname="tests.test_detector_geometry.TestDetectorDifferentiability" name="test_comprehensive_gradcheck" time="0.016" /><testcase classname="tests.test_detector_geometry.TestDetectorDifferentiability" name="test_beam_strike_invariant_in_beam_pivot_mode" time="0.006" /><testcase classname="tests.test_detector_geometry.TestDetectorDifferentiability" name="test_xds_convention_basic_geometry" time="0.001" /><testcase classname="tests.test_detector_geometry.TestDetectorDifferentiability" name="test_detector_real_valued_gradients" time="0.003" /><testcase classname="tests.test_detector_geometry.TestDetectorDifferentiability" name="test_detector_complex_gradient_edge_cases" time="0.001" /><testcase classname="tests.test_detector_geometry.TestDetectorDifferentiability" name="test_simulator_real_valued_gradients" time="2.449" /><testcase classname="tests.test_perf_pytorch_005_cudagraphs.TestCUDAGraphsCompatibility" name="test_basic_execution[cpu]" time="0.495" /><testcase classname="tests.test_perf_pytorch_005_cudagraphs.TestCUDAGraphsCompatibility" name="test_basic_execution[cuda]" time="0.000"><skipped type="pytest.skip" message="CUDA not available">/home/ollie/Documents/tmp/nanoBragg/tests/test_perf_pytorch_005_cudagraphs.py:27: CUDA not available</skipped></testcase><testcase classname="tests.test_perf_pytorch_005_cudagraphs.TestCUDAGraphsCompatibility" name="test_cuda_multiple_runs" time="0.000"><skipped type="pytest.skip" message="CUDA not available">/home/ollie/Documents/tmp/nanoBragg/tests/test_perf_pytorch_005_cudagraphs.py:77: CUDA not available</skipped></testcase><testcase classname="tests.test_perf_pytorch_005_cudagraphs.TestCUDAGraphsCompatibility" name="test_gradient_flow_preserved" time="2.457" /><testcase classname="tests.test_perf_pytorch_005_cudagraphs.TestCUDAGraphsCompatibility" name="test_cpu_cuda_correlation[cpu]" time="0.005" /><testcase classname="tests.test_perf_pytorch_005_cudagraphs.TestCUDAGraphsCompatibility" name="test_cpu_cuda_correlation[cuda]" time="0.000"><skipped type="pytest.skip" message="CUDA not available">/home/ollie/Documents/tmp/nanoBragg/tests/test_perf_pytorch_005_cudagraphs.py:175: CUDA not available</skipped></testcase><testcase classname="tests.test_perf_pytorch_006" name="test_dtype_support[dtype0]" time="0.004" /><testcase classname="tests.test_perf_pytorch_006" name="test_dtype_support[dtype1]" time="1.304" /><testcase classname="tests.test_perf_pytorch_006" name="test_float32_float64_correlation" time="4.742" /></testsuite></testsuites>