{
  "timestamp": "20251015T152031Z",
  "tests": 693,
  "passed": 540,
  "failed": 8,
  "skipped": 145,
  "errors": 0,
  "runtime_seconds": 1654.857,
  "pass_rate": 0.7792207792207793,
  "failures": [
    {
      "nodeid": "tests.test_at_parallel_026.TestAT_PARALLEL_026_TriclinicAbsolutePosition::test_triclinic_absolute_peak_position_vs_c",
      "message": "AssertionError: C reference run failed\nassert None is not None"
    },
    {
      "nodeid": "tests.test_at_perf_003.TestATPERF003MemoryBandwidth::test_memory_bandwidth_utilization",
      "message": "AssertionError: Bandwidth utilization decreases too much with size: 0.174 GB/s vs 0.398 GB/s\nassert np.float64(0.17430039493616167) >= (np.float64(0.3976390070192798) * 0.5)"
    },
    {
      "nodeid": "tests.test_at_tools_001.TestAT_TOOLS_001_DualRunnerComparison::test_script_integration",
      "message": "assert 2 in [0, 3]\n +  where 2 = CompletedProcess(args=['python', 'scripts/nb_compare.py', '--outdir', 'test_comparison', '--', '-default_F', '100', '-cell', '100', '100', '100', '90', '90', '90', '-l"
    },
    {
      "nodeid": "tests.test_cli_flags.TestCLIPix0Override::test_pix0_vector_mm_beam_pivot[cpu]",
      "message": "FileNotFoundError: [Errno 2] No such file or directory: 'reports/2025-10-cli-flags/phase_h/implementation/pix0_expected.json'"
    },
    {
      "nodeid": "tests.test_cli_flags.TestHKLFdumpParity::test_scaled_hkl_roundtrip",
      "message": "AssertionError: Missing scaled.hkl\nassert False\n +  where False = exists()\n +    where exists = PosixPath('scaled.hkl').exists\n +      where PosixPath('scaled.hkl') = <class 'pathlib._local.Path'>('sc"
    },
    {
      "nodeid": "tests.test_gradients.TestPropertyBasedGradients::test_property_gradient_stability",
      "message": "Failed: Timeout (>905.0s) from pytest-timeout."
    },
    {
      "nodeid": "tests.test_tricubic_vectorized.TestTricubicGather::test_vectorized_matches_scalar",
      "message": "RuntimeError: Float did not match Double"
    },
    {
      "nodeid": "tests.test_tricubic_vectorized.TestTricubicGather::test_oob_warning_single_fire",
      "message": "RuntimeError: Float did not match Double"
    }
  ]
}