============================= test session starts ==============================
platform linux -- Python 3.13.5, pytest-8.4.1, pluggy-1.5.0 -- /home/ollie/miniconda3/bin/python3.13
cachedir: .pytest_cache
rootdir: /home/ollie/Documents/tmp/nanoBragg
configfile: pyproject.toml
plugins: timeout-2.4.0, anyio-4.9.0
timeout: 900.0s
timeout method: signal
timeout func_only: True
collecting ... collected 1 item

tests/test_at_perf_003.py::TestATPERF003MemoryBandwidth::test_memory_bandwidth_utilization PASSED [100%]

============================== slowest durations ===============================
1.84s call     tests/test_at_perf_003.py::TestATPERF003MemoryBandwidth::test_memory_bandwidth_utilization
0.00s setup    tests/test_at_perf_003.py::TestATPERF003MemoryBandwidth::test_memory_bandwidth_utilization
0.00s teardown tests/test_at_perf_003.py::TestATPERF003MemoryBandwidth::test_memory_bandwidth_utilization
============================== 1 passed in 2.72s ===============================
	Command being timed: "timeout 900 env CUDA_VISIBLE_DEVICES=-1 KMP_DUPLICATE_LIB_OK=TRUE NANOBRAGG_DISABLE_COMPILE=1 PYTEST_ADDOPTS=--maxfail=1 --timeout=900 --durations=0 pytest -vv tests/test_at_perf_003.py::TestATPERF003MemoryBandwidth::test_memory_bandwidth_utilization"
	User time (seconds): 8.08
	System time (seconds): 2.57
	Percent of CPU this job got: 337%
	Elapsed (wall clock) time (h:mm:ss or m:ss): 0:03.15
	Average shared text size (kbytes): 0
	Average unshared data size (kbytes): 0
	Average stack size (kbytes): 0
	Average total size (kbytes): 0
	Maximum resident set size (kbytes): 1327840
	Average resident set size (kbytes): 0
	Major (requiring I/O) page faults: 0
	Minor (reclaiming a frame) page faults: 1294536
	Voluntary context switches: 131
	Involuntary context switches: 160
	Swaps: 0
	File system inputs: 0
	File system outputs: 192
	Socket messages sent: 0
	Socket messages received: 0
	Signals delivered: 0
	Page size (bytes): 4096
	Exit status: 0
