<?xml version="1.0" encoding="utf-8"?><testsuites name="pytest tests"><testsuite name="pytest" errors="0" failures="0" skipped="6" tests="39" time="56.431" timestamp="2025-10-14T17:48:55.602015-07:00" hostname="ollie-System-Product-Name"><testcase classname="tests.test_at_cli_007.TestATCLI007NoiseDeterminism" name="test_identical_seed_produces_identical_noise" time="9.275" /><testcase classname="tests.test_at_cli_007.TestATCLI007NoiseDeterminism" name="test_different_seed_produces_different_noise" time="9.172" /><testcase classname="tests.test_at_cli_007.TestATCLI007NoiseDeterminism" name="test_seed_determinism_without_roi" time="9.190" /><testcase classname="tests.test_at_cli_007.TestATCLI007NoiseDeterminism" name="test_negative_seed_accepted" time="9.225" /><testcase classname="tests.test_at_cli_007.TestATCLI007NoiseDeterminism" name="test_overload_count_determinism" time="13.775" /><testcase classname="tests.test_at_geo_006.TestATGEO006PointPixelSolidAngle" name="test_point_pixel_solid_angle" time="0.002" /><testcase classname="tests.test_at_geo_006.TestATGEO006PointPixelSolidAngle" name="test_default_solid_angle_with_obliquity" time="0.001" /><testcase classname="tests.test_at_geo_006.TestATGEO006PointPixelSolidAngle" name="test_off_center_pixel_comparison" time="0.002" /><testcase classname="tests.test_at_geo_006.TestATGEO006PointPixelSolidAngle" name="test_gradient_flow" time="0.001" /><testcase classname="tests.test_at_geo_006.TestATGEO006PointPixelSolidAngle" name="test_corner_pixel_values" time="0.001" /><testcase classname="tests.test_at_parallel_005.TestAT_PARALLEL_005_BeamCenterMapping" name="test_mosflm_xbeam_ybeam_mapping" time="0.000"><skipped type="pytest.skip" message="Parallel validation tests only run with NB_RUN_PARALLEL=1">/home/ollie/Documents/tmp/nanoBragg/tests/test_at_parallel_005.py:39: Parallel validation tests only run with NB_RUN_PARALLEL=1</skipped></testcase><testcase classname="tests.test_at_parallel_005.TestAT_PARALLEL_005_BeamCenterMapping" name="test_xds_orgx_orgy_mapping" time="0.000"><skipped type="pytest.skip" message="Parallel validation tests only run with NB_RUN_PARALLEL=1">/home/ollie/Documents/tmp/nanoBragg/tests/test_at_parallel_005.py:64: Parallel validation tests only run with NB_RUN_PARALLEL=1</skipped></testcase><testcase classname="tests.test_at_parallel_005.TestAT_PARALLEL_005_BeamCenterMapping" name="test_pivot_mode_consistency" time="0.000"><skipped type="pytest.skip" message="Parallel validation tests only run with NB_RUN_PARALLEL=1">/home/ollie/Documents/tmp/nanoBragg/tests/test_at_parallel_005.py:90: Parallel validation tests only run with NB_RUN_PARALLEL=1</skipped></testcase><testcase classname="tests.test_at_parallel_005.TestAT_PARALLEL_005_BeamCenterMapping" name="test_equivalent_configurations_produce_same_pattern" time="0.000"><skipped type="pytest.skip" message="Parallel validation tests only run with NB_RUN_PARALLEL=1">/home/ollie/Documents/tmp/nanoBragg/tests/test_at_parallel_005.py:131: Parallel validation tests only run with NB_RUN_PARALLEL=1</skipped></testcase><testcase classname="tests.test_at_parallel_015.TestATParallel015MixedUnits" name="test_distance_units_consistency" time="1.802" /><testcase classname="tests.test_at_parallel_015.TestATParallel015MixedUnits" name="test_wavelength_units_consistency" time="0.015" /><testcase classname="tests.test_at_parallel_015.TestATParallel015MixedUnits" name="test_angle_units_consistency" time="0.012" /><testcase classname="tests.test_at_parallel_015.TestATParallel015MixedUnits" name="test_mixed_units_comprehensive" time="0.709" /><testcase classname="tests.test_at_parallel_015.TestATParallel015MixedUnits" name="test_detector_rotation_units" time="0.021" /><testcase classname="tests.test_at_parallel_026.TestAT_PARALLEL_026_TriclinicAbsolutePosition" name="test_triclinic_absolute_peak_position_pytorch_only" time="0.544" /><testcase classname="tests.test_at_parallel_026.TestAT_PARALLEL_026_TriclinicAbsolutePosition" name="test_triclinic_absolute_peak_position_vs_c" time="0.021" /><testcase classname="tests.test_at_parallel_026.TestAT_PARALLEL_026_TriclinicAbsolutePosition" name="test_triclinic_vs_cubic_peak_difference" time="0.019" /><testcase classname="tests.test_at_perf_007.TestATPerf007ComprehensiveBenchmark" name="test_benchmark_suite_execution" time="0.000"><skipped type="pytest.skip" message="Set NB_RUN_BENCHMARKS=1 to run comprehensive benchmarks">/home/ollie/Documents/tmp/nanoBragg/tests/test_at_perf_007.py:376: Set NB_RUN_BENCHMARKS=1 to run comprehensive benchmarks</skipped></testcase><testcase classname="tests.test_at_perf_007.TestATPerf007ComprehensiveBenchmark" name="test_pytorch_performance_basic" time="0.534" /><testcase classname="tests.test_at_perf_007.TestATPerf007ComprehensiveBenchmark" name="test_memory_scaling" time="0.042" /><testcase classname="tests.test_at_perf_007.TestATPerf007ComprehensiveBenchmark" name="test_gpu_performance" time="0.000"><skipped type="pytest.skip" message="CUDA not available">/home/ollie/Documents/tmp/nanoBragg/tests/test_at_perf_007.py:465: CUDA not available</skipped></testcase><testcase classname="tests.test_at_perf_007.TestATPerf007ComprehensiveBenchmark" name="test_benchmark_output_format" time="0.001" /><testcase classname="tests.test_at_src_002.TestAT_SRC_002" name="test_no_parameters_provided" time="0.000" /><testcase classname="tests.test_at_src_002.TestAT_SRC_002" name="test_only_step_provided" time="0.000" /><testcase classname="tests.test_at_src_002.TestAT_SRC_002" name="test_only_range_provided" time="0.000" /><testcase classname="tests.test_at_src_002.TestAT_SRC_002" name="test_only_count_provided_angles" time="0.000" /><testcase classname="tests.test_at_src_002.TestAT_SRC_002" name="test_only_count_provided_thickness" time="0.000" /><testcase classname="tests.test_at_src_002.TestAT_SRC_002" name="test_range_and_step_provided" time="0.000" /><testcase classname="tests.test_at_src_002.TestAT_SRC_002" name="test_count_and_range_provided" time="0.000" /><testcase classname="tests.test_at_src_002.TestAT_SRC_002" name="test_divergence_auto_selection" time="0.000" /><testcase classname="tests.test_at_src_002.TestAT_SRC_002" name="test_dispersion_auto_selection" time="0.000" /><testcase classname="tests.test_at_src_002.TestAT_SRC_002" name="test_thickness_auto_selection" time="0.000" /><testcase classname="tests.test_at_src_002.TestAT_SRC_002" name="test_all_parameters_provided" time="0.000" /><testcase classname="tests.test_at_src_002.TestAT_SRC_002" name="test_conflicting_parameters" time="0.000" /></testsuite></testsuites>