============================= test session starts ==============================
platform linux -- Python 3.11.13, pytest-8.4.1, pluggy-1.6.0 -- /home/ollie/miniconda3/envs/ptycho311/bin/python3.11
cachedir: .pytest_cache
rootdir: /home/ollie/Documents/nanoBragg
configfile: pyproject.toml
plugins: timeout-2.4.0, mock-3.15.1, typeguard-2.13.3, anyio-4.9.0
timeout: 300.0s
timeout method: signal
timeout func_only: True
collecting ... collected 1 item

tests/test_at_parallel_013.py::TestATParallel013CrossPlatformConsistency::test_pytorch_determinism_same_seed PASSED [100%]

============================== 1 passed in 2.67s ===============================
