[
  {
    "nodeid": "tests/test_at_parallel_026.py::TestAT_PARALLEL_026_TriclinicAbsolutePosition::test_triclinic_absolute_peak_position_vs_c",
    "summary": "- AssertionError: C reference run failed"
  },
  {
    "nodeid": "tests/test_at_perf_003.py::TestATPERF003MemoryBandwidth::test_memory_bandwidth_utilization",
    "summary": "- AssertionError: Bandwidth utilization decreases too much with size: 0.172 GB/s vs 0.396 GB/s"
  },
  {
    "nodeid": "tests/test_at_tools_001.py::TestAT_TOOLS_001_DualRunnerComparison::test_script_integration",
    "summary": "- assert 2 in [0, 3]"
  },
  {
    "nodeid": "tests/test_cli_flags.py::TestCLIPix0Override::test_pix0_vector_mm_beam_pivot[cpu]",
    "summary": "- FileNotFoundError: [Errno 2] No such file or directory: 'reports/2025-10-cli-flags/phase_h/implementation/pix0_expected.json'"
  },
  {
    "nodeid": "tests/test_cli_flags.py::TestHKLFdumpParity::test_scaled_hkl_roundtrip",
    "summary": "- AssertionError: Missing scaled.hkl"
  },
  {
    "nodeid": "tests/test_gradients.py::TestPropertyBasedGradients::test_property_gradient_stability",
    "summary": "- Failed: Timeout (>905.0s) from pytest-timeout."
  },
  {
    "nodeid": "tests/test_tricubic_vectorized.py::TestTricubicGather::test_vectorized_matches_scalar",
    "summary": "- RuntimeError: Float did not match Double"
  },
  {
    "nodeid": "tests/test_tricubic_vectorized.py::TestTricubicGather::test_oob_warning_single_fire",
    "summary": "- RuntimeError: Float did not match Double"
  }
]
