<?xml version="1.0" encoding="utf-8"?><testsuites name="pytest tests"><testsuite name="pytest" errors="0" failures="1" skipped="59" tests="117" time="44.786" timestamp="2025-10-14T18:24:37.003259-07:00" hostname="ollie-System-Product-Name"><testcase classname="tests.test_at_cli_006" name="test_autoscale_without_scale_flag" time="4.613" /><testcase classname="tests.test_at_cli_006" name="test_explicit_scale_flag" time="4.550" /><testcase classname="tests.test_at_cli_006" name="test_pgm_without_pgmscale" time="4.604" /><testcase classname="tests.test_at_cli_006" name="test_pgm_with_explicit_pgmscale" time="4.574" /><testcase classname="tests.test_at_cli_006" name="test_pgm_format_compliance" time="4.564" /><testcase classname="tests.test_at_geo_005.TestATGEO005CurvedDetector" name="test_curved_detector_equal_distance" time="0.003" /><testcase classname="tests.test_at_geo_005.TestATGEO005CurvedDetector" name="test_curved_vs_planar_difference" time="0.002" /><testcase classname="tests.test_at_geo_005.TestATGEO005CurvedDetector" name="test_small_angle_rotation_consistency" time="0.001" /><testcase classname="tests.test_at_geo_005.TestATGEO005CurvedDetector" name="test_gradient_flow_curved_detector" time="0.001" /><testcase classname="tests.test_at_geo_005.TestATGEO005CurvedDetector" name="test_beam_center_affects_curvature" time="0.002" /><testcase classname="tests.test_at_parallel_004.TestAT_PARALLEL_004" name="test_mosflm_adds_half_pixel_offset" time="0.001" /><testcase classname="tests.test_at_parallel_004.TestAT_PARALLEL_004" name="test_xds_has_no_pixel_offset" time="0.001" /><testcase classname="tests.test_at_parallel_004.TestAT_PARALLEL_004" name="test_peak_position_difference" time="1.678" /><testcase classname="tests.test_at_parallel_004.TestAT_PARALLEL_004" name="test_pattern_correlation_when_aligned" time="0.011" /><testcase classname="tests.test_at_parallel_004.TestAT_PARALLEL_004" name="test_beam_center_calculation_consistency" time="0.001" /><testcase classname="tests.test_at_parallel_014.TestATParallel014NoiseRobustness" name="test_mean_preservation_after_scaling" time="0.335" /><testcase classname="tests.test_at_parallel_014.TestATParallel014NoiseRobustness" name="test_peak_centroid_stability" time="0.031" /><testcase classname="tests.test_at_parallel_014.TestATParallel014NoiseRobustness" name="test_overload_count_consistency" time="0.021" /><testcase classname="tests.test_at_parallel_014.TestATParallel014NoiseRobustness" name="test_noise_statistics" time="1.378" /><testcase classname="tests.test_at_parallel_014.TestATParallel014NoiseRobustness" name="test_deterministic_noise_with_seed" time="0.009" /><testcase classname="tests.test_at_parallel_025" name="test_maximum_intensity_simple_case" time="0.000"><skipped type="pytest.skip" message="AT-PARALLEL tests require NB_RUN_PARALLEL=1">/home/ollie/Documents/tmp/nanoBragg/tests/test_at_parallel_025.py:60: AT-PARALLEL tests require NB_RUN_PARALLEL=1</skipped></testcase><testcase classname="tests.test_at_parallel_025" name="test_maximum_intensity_with_offset" time="0.000"><skipped type="pytest.skip" message="AT-PARALLEL tests require NB_RUN_PARALLEL=1">/home/ollie/Documents/tmp/nanoBragg/tests/test_at_parallel_025.py:126: AT-PARALLEL tests require NB_RUN_PARALLEL=1</skipped></testcase><testcase classname="tests.test_at_parallel_025" name="test_maximum_intensity_triclinic" time="0.000"><skipped type="pytest.skip" message="AT-PARALLEL tests require NB_RUN_PARALLEL=1">/home/ollie/Documents/tmp/nanoBragg/tests/test_at_parallel_025.py:193: AT-PARALLEL tests require NB_RUN_PARALLEL=1</skipped></testcase><testcase classname="tests.test_at_perf_006.TestATPERF006TensorVectorization" name="test_no_python_loops_in_core_path" time="0.002" /><testcase classname="tests.test_at_perf_006.TestATPERF006TensorVectorization" name="test_profile_tensor_operations_ratio" time="1.208" /><testcase classname="tests.test_at_perf_006.TestATPERF006TensorVectorization" name="test_vectorized_speedup" time="0.116"><failure message="AssertionError: Scaling factor 15.1× suggests inefficient implementation&#10;assert 15.115885757826037 &lt; 15.0">self = &lt;tests.test_at_perf_006.TestATPERF006TensorVectorization object at 0x7d5205a97360&gt;
config = (CrystalConfig(cell_a=100.0, cell_b=100.0, cell_c=100.0, cell_alpha=90.0, cell_beta=90.0, cell_gamma=90.0, misset_deg=...(0.0, 0.0, 1.0), flux=0.0, exposure=0.0, beamsize_mm=0.0, fluence=1.2593201528622709e+29, dmin=0.0, water_size_um=0.0))

    def test_vectorized_speedup(self, config):
        """Verify vectorized version is ≥5× faster than loop version"""
        crystal_config, detector_config, beam_config = config
    
        # Test with different oversample values
        oversample_values = [1, 2, 3]
        times = []
    
        for oversample in oversample_values:
            detector_config.oversample = oversample
            crystal = Crystal(crystal_config)
            detector = Detector(detector_config)
            simulator = Simulator(crystal, detector, beam_config=beam_config)
    
            # Warmup run to trigger JIT compilation for this specific oversample value
            # This is necessary because torch.compile recompiles for different tensor shapes
            _ = simulator.run()
    
            # Time the execution after warmup
            start = time.perf_counter()
            image = simulator.run()
            elapsed = time.perf_counter() - start
            times.append(elapsed)
    
        # Expected: vectorized should have similar time regardless of oversample
        # Currently: loop version will scale quadratically with oversample
        # Calculate scaling factor
        scaling_1_to_3 = times[2] / times[0]
        expected_loop_scaling = 9.0  # 3^2 for nested loops
        expected_vector_scaling = 3.0  # Linear or better with vectorization
    
        # With full vectorization (2025-09-24), scaling should be much better than quadratic
        # However, torch.compile may not optimize perfectly for different oversample values
        # The code is vectorized (no Python loops), but memory bandwidth and tensor operations
        # still scale with oversample^2 (9x for oversample=3)
        # torch.compile recompilation for different shapes adds overhead
        # Allow up to 15x scaling to account for compilation and memory bandwidth
&gt;       assert scaling_1_to_3 &lt; 15.0, f"Scaling factor {scaling_1_to_3:.1f}× suggests inefficient implementation"
E       AssertionError: Scaling factor 15.1× suggests inefficient implementation
E       assert 15.115885757826037 &lt; 15.0

tests/test_at_perf_006.py:187: AssertionError</failure></testcase><testcase classname="tests.test_at_perf_006.TestATPERF006TensorVectorization" name="test_tensor_shapes_include_all_dimensions" time="0.001"><skipped type="pytest.skip" message="Cannot verify tensor shapes without access to intermediate values">/home/ollie/Documents/tmp/nanoBragg/tests/test_at_perf_006.py:218: Cannot verify tensor shapes without access to intermediate values</skipped></testcase><testcase classname="tests.test_at_perf_006" name="test_oversample_performance_scaling[1]" time="0.618" /><testcase classname="tests.test_at_perf_006" name="test_oversample_performance_scaling[2]" time="0.007" /><testcase classname="tests.test_at_perf_006" name="test_oversample_performance_scaling[3]" time="0.010" /><testcase classname="tests.test_at_perf_006" name="test_oversample_performance_scaling[4]" time="0.019" /><testcase classname="tests.test_at_perf_006" name="test_detector_thickness_vectorization" time="0.019" /><testcase classname="tests.test_at_src_001.TestAT_SRC_001_SourcefileAndWeighting" name="test_sourcefile_with_all_columns" time="0.001" /><testcase classname="tests.test_at_src_001.TestAT_SRC_001_SourcefileAndWeighting" name="test_sourcefile_with_missing_columns" time="0.001" /><testcase classname="tests.test_at_src_001.TestAT_SRC_001_SourcefileAndWeighting" name="test_sourcefile_default_position" time="0.001" /><testcase classname="tests.test_at_src_001.TestAT_SRC_001_SourcefileAndWeighting" name="test_multiple_sources_normalization" time="0.001" /><testcase classname="tests.test_at_src_001.TestAT_SRC_001_SourcefileAndWeighting" name="test_empty_sourcefile" time="0.001" /><testcase classname="tests.test_at_src_001.TestAT_SRC_001_SourcefileAndWeighting" name="test_weighted_sources_integration" time="0.737" /><testcase classname="tests.test_at_tools_001.TestAT_TOOLS_001_DualRunnerComparison" name="test_find_c_binary_resolution" time="0.001" /><testcase classname="tests.test_at_tools_001.TestAT_TOOLS_001_DualRunnerComparison" name="test_find_py_binary_resolution" time="4.027" /><testcase classname="tests.test_at_tools_001.TestAT_TOOLS_001_DualRunnerComparison" name="test_load_float_image" time="0.002" /><testcase classname="tests.test_at_tools_001.TestAT_TOOLS_001_DualRunnerComparison" name="test_resample_image" time="0.001" /><testcase classname="tests.test_at_tools_001.TestAT_TOOLS_001_DualRunnerComparison" name="test_compute_metrics" time="0.003" /><testcase classname="tests.test_at_tools_001.TestAT_TOOLS_001_DualRunnerComparison" name="test_find_peaks" time="0.001" /><testcase classname="tests.test_at_tools_001.TestAT_TOOLS_001_DualRunnerComparison" name="test_script_integration" time="8.872" /><testcase classname="tests.test_at_tools_001.TestAT_TOOLS_001_DualRunnerComparison" name="test_metrics_with_identical_images" time="0.002" /><testcase classname="tests.test_at_tools_001.TestAT_TOOLS_001_DualRunnerComparison" name="test_metrics_with_scaled_images" time="0.002" /><testcase classname="tests.test_detector_config.TestDetectorConfig" name="test_default_values" time="0.001" /><testcase classname="tests.test_detector_config.TestDetectorConfig" name="test_post_init_defaults" time="0.000" /><testcase classname="tests.test_detector_config.TestDetectorConfig" name="test_custom_twotheta_axis" time="0.000" /><testcase classname="tests.test_detector_config.TestDetectorConfig" name="test_xds_convention_defaults" time="0.000" /><testcase classname="tests.test_detector_config.TestDetectorConfig" name="test_invalid_pixel_counts" time="0.000" /><testcase classname="tests.test_detector_config.TestDetectorConfig" name="test_invalid_distance" time="0.000" /><testcase classname="tests.test_detector_config.TestDetectorConfig" name="test_invalid_pixel_size" time="0.000" /><testcase classname="tests.test_detector_config.TestDetectorConfig" name="test_invalid_oversample" time="0.000" /><testcase classname="tests.test_detector_config.TestDetectorConfig" name="test_tensor_parameters" time="0.000" /><testcase classname="tests.test_detector_config.TestDetectorInitialization" name="test_default_initialization" time="0.001" /><testcase classname="tests.test_detector_config.TestDetectorInitialization" name="test_custom_config_initialization" time="0.001" /><testcase classname="tests.test_detector_config.TestDetectorInitialization" name="test_backward_compatibility_check" time="0.001" /><testcase classname="tests.test_detector_config.TestDetectorInitialization" name="test_custom_config_not_default" time="0.001" /><testcase classname="tests.test_detector_config.TestDetectorInitialization" name="test_basis_vectors_initialization" time="0.001" /><testcase classname="tests.test_detector_config.TestDetectorInitialization" name="test_device_and_dtype" time="0.000" /><testcase classname="tests.test_parity_matrix" name="test_parity_case[AT-PARALLEL-001-detpixels-64]" time="0.000"><skipped type="pytest.skip" message="NB_RUN_PARALLEL not set to 1">/home/ollie/Documents/tmp/nanoBragg/tests/test_parity_matrix.py:296: NB_RUN_PARALLEL not set to 1</skipped></testcase><testcase classname="tests.test_parity_matrix" name="test_parity_case[AT-PARALLEL-001-detpixels-128]" time="0.000"><skipped type="pytest.skip" message="NB_RUN_PARALLEL not set to 1">/home/ollie/Documents/tmp/nanoBragg/tests/test_parity_matrix.py:296: NB_RUN_PARALLEL not set to 1</skipped></testcase><testcase classname="tests.test_parity_matrix" name="test_parity_case[AT-PARALLEL-001-detpixels-256]" time="0.000"><skipped type="pytest.skip" message="NB_RUN_PARALLEL not set to 1">/home/ollie/Documents/tmp/nanoBragg/tests/test_parity_matrix.py:296: NB_RUN_PARALLEL not set to 1</skipped></testcase><testcase classname="tests.test_parity_matrix" name="test_parity_case[AT-PARALLEL-001-detpixels-512]" time="0.000"><skipped type="pytest.skip" message="NB_RUN_PARALLEL not set to 1">/home/ollie/Documents/tmp/nanoBragg/tests/test_parity_matrix.py:296: NB_RUN_PARALLEL not set to 1</skipped></testcase><testcase classname="tests.test_parity_matrix" name="test_parity_case[AT-PARALLEL-002-pixel-0.05mm]" time="0.000"><skipped type="pytest.skip" message="NB_RUN_PARALLEL not set to 1">/home/ollie/Documents/tmp/nanoBragg/tests/test_parity_matrix.py:296: NB_RUN_PARALLEL not set to 1</skipped></testcase><testcase classname="tests.test_parity_matrix" name="test_parity_case[AT-PARALLEL-002-pixel-0.1mm]" time="0.000"><skipped type="pytest.skip" message="NB_RUN_PARALLEL not set to 1">/home/ollie/Documents/tmp/nanoBragg/tests/test_parity_matrix.py:296: NB_RUN_PARALLEL not set to 1</skipped></testcase><testcase classname="tests.test_parity_matrix" name="test_parity_case[AT-PARALLEL-002-pixel-0.2mm]" time="0.000"><skipped type="pytest.skip" message="NB_RUN_PARALLEL not set to 1">/home/ollie/Documents/tmp/nanoBragg/tests/test_parity_matrix.py:296: NB_RUN_PARALLEL not set to 1</skipped></testcase><testcase classname="tests.test_parity_matrix" name="test_parity_case[AT-PARALLEL-002-pixel-0.4mm]" time="0.000"><skipped type="pytest.skip" message="NB_RUN_PARALLEL not set to 1">/home/ollie/Documents/tmp/nanoBragg/tests/test_parity_matrix.py:296: NB_RUN_PARALLEL not set to 1</skipped></testcase><testcase classname="tests.test_parity_matrix" name="test_parity_case[AT-PARALLEL-003-beam-20-20-detpixels-256]" time="0.000"><skipped type="pytest.skip" message="NB_RUN_PARALLEL not set to 1">/home/ollie/Documents/tmp/nanoBragg/tests/test_parity_matrix.py:296: NB_RUN_PARALLEL not set to 1</skipped></testcase><testcase classname="tests.test_parity_matrix" name="test_parity_case[AT-PARALLEL-003-beam-30-40-detpixels-256]" time="0.000"><skipped type="pytest.skip" message="NB_RUN_PARALLEL not set to 1">/home/ollie/Documents/tmp/nanoBragg/tests/test_parity_matrix.py:296: NB_RUN_PARALLEL not set to 1</skipped></testcase><testcase classname="tests.test_parity_matrix" name="test_parity_case[AT-PARALLEL-003-beam-45-25-detpixels-512]" time="0.000"><skipped type="pytest.skip" message="NB_RUN_PARALLEL not set to 1">/home/ollie/Documents/tmp/nanoBragg/tests/test_parity_matrix.py:296: NB_RUN_PARALLEL not set to 1</skipped></testcase><testcase classname="tests.test_parity_matrix" name="test_parity_case[AT-PARALLEL-003-beam-60-60-detpixels-1024]" time="0.000"><skipped type="pytest.skip" message="NB_RUN_PARALLEL not set to 1">/home/ollie/Documents/tmp/nanoBragg/tests/test_parity_matrix.py:296: NB_RUN_PARALLEL not set to 1</skipped></testcase><testcase classname="tests.test_parity_matrix" name="test_parity_case[AT-PARALLEL-004-mosflm]" time="0.000"><skipped type="pytest.skip" message="NB_RUN_PARALLEL not set to 1">/home/ollie/Documents/tmp/nanoBragg/tests/test_parity_matrix.py:296: NB_RUN_PARALLEL not set to 1</skipped></testcase><testcase classname="tests.test_parity_matrix" name="test_parity_case[AT-PARALLEL-004-xds]" time="0.000"><skipped type="pytest.skip" message="NB_RUN_PARALLEL not set to 1">/home/ollie/Documents/tmp/nanoBragg/tests/test_parity_matrix.py:296: NB_RUN_PARALLEL not set to 1</skipped></testcase><testcase classname="tests.test_parity_matrix" name="test_parity_case[AT-PARALLEL-005-mosflm-xbeam-ybeam-beam-pivot]" time="0.000"><skipped type="pytest.skip" message="NB_RUN_PARALLEL not set to 1">/home/ollie/Documents/tmp/nanoBragg/tests/test_parity_matrix.py:296: NB_RUN_PARALLEL not set to 1</skipped></testcase><testcase classname="tests.test_parity_matrix" name="test_parity_case[AT-PARALLEL-005-xds-xbeam-ybeam-sample-pivot]" time="0.000"><skipped type="pytest.skip" message="NB_RUN_PARALLEL not set to 1">/home/ollie/Documents/tmp/nanoBragg/tests/test_parity_matrix.py:296: NB_RUN_PARALLEL not set to 1</skipped></testcase><testcase classname="tests.test_parity_matrix" name="test_parity_case[AT-PARALLEL-005-mosflm-close-distance-sample-pivot]" time="0.000"><skipped type="pytest.skip" message="NB_RUN_PARALLEL not set to 1">/home/ollie/Documents/tmp/nanoBragg/tests/test_parity_matrix.py:296: NB_RUN_PARALLEL not set to 1</skipped></testcase><testcase classname="tests.test_parity_matrix" name="test_parity_case[AT-PARALLEL-005-xds-close-distance-sample-pivot]" time="0.000"><skipped type="pytest.skip" message="NB_RUN_PARALLEL not set to 1">/home/ollie/Documents/tmp/nanoBragg/tests/test_parity_matrix.py:296: NB_RUN_PARALLEL not set to 1</skipped></testcase><testcase classname="tests.test_parity_matrix" name="test_parity_case[AT-PARALLEL-006-dist-50mm-lambda-1.0]" time="0.000"><skipped type="pytest.skip" message="NB_RUN_PARALLEL not set to 1">/home/ollie/Documents/tmp/nanoBragg/tests/test_parity_matrix.py:296: NB_RUN_PARALLEL not set to 1</skipped></testcase><testcase classname="tests.test_parity_matrix" name="test_parity_case[AT-PARALLEL-006-dist-100mm-lambda-1.5]" time="0.000"><skipped type="pytest.skip" message="NB_RUN_PARALLEL not set to 1">/home/ollie/Documents/tmp/nanoBragg/tests/test_parity_matrix.py:296: NB_RUN_PARALLEL not set to 1</skipped></testcase><testcase classname="tests.test_parity_matrix" name="test_parity_case[AT-PARALLEL-006-dist-200mm-lambda-2.0]" time="0.000"><skipped type="pytest.skip" message="NB_RUN_PARALLEL not set to 1">/home/ollie/Documents/tmp/nanoBragg/tests/test_parity_matrix.py:296: NB_RUN_PARALLEL not set to 1</skipped></testcase><testcase classname="tests.test_parity_matrix" name="test_parity_case[AT-PARALLEL-007-rot-0-0-0]" time="0.000"><skipped type="pytest.skip" message="NB_RUN_PARALLEL not set to 1">/home/ollie/Documents/tmp/nanoBragg/tests/test_parity_matrix.py:296: NB_RUN_PARALLEL not set to 1</skipped></testcase><testcase classname="tests.test_parity_matrix" name="test_parity_case[AT-PARALLEL-007-rot-5-3-2]" time="0.000"><skipped type="pytest.skip" message="NB_RUN_PARALLEL not set to 1">/home/ollie/Documents/tmp/nanoBragg/tests/test_parity_matrix.py:296: NB_RUN_PARALLEL not set to 1</skipped></testcase><testcase classname="tests.test_parity_matrix" name="test_parity_case[AT-PARALLEL-007-rot-10-5-3]" time="0.000"><skipped type="pytest.skip" message="NB_RUN_PARALLEL not set to 1">/home/ollie/Documents/tmp/nanoBragg/tests/test_parity_matrix.py:296: NB_RUN_PARALLEL not set to 1</skipped></testcase><testcase classname="tests.test_parity_matrix" name="test_parity_case[AT-PARALLEL-012-simple_cubic]" time="0.000"><skipped type="pytest.skip" message="NB_RUN_PARALLEL not set to 1">/home/ollie/Documents/tmp/nanoBragg/tests/test_parity_matrix.py:296: NB_RUN_PARALLEL not set to 1</skipped></testcase><testcase classname="tests.test_parity_matrix" name="test_parity_case[AT-PARALLEL-011-unpolarized]" time="0.000"><skipped type="pytest.skip" message="NB_RUN_PARALLEL not set to 1">/home/ollie/Documents/tmp/nanoBragg/tests/test_parity_matrix.py:296: NB_RUN_PARALLEL not set to 1</skipped></testcase><testcase classname="tests.test_parity_matrix" name="test_parity_case[AT-PARALLEL-011-polarized]" time="0.000"><skipped type="pytest.skip" message="NB_RUN_PARALLEL not set to 1">/home/ollie/Documents/tmp/nanoBragg/tests/test_parity_matrix.py:296: NB_RUN_PARALLEL not set to 1</skipped></testcase><testcase classname="tests.test_parity_matrix" name="test_parity_case[AT-PARALLEL-020-comprehensive]" time="0.000"><skipped type="pytest.skip" message="NB_RUN_PARALLEL not set to 1">/home/ollie/Documents/tmp/nanoBragg/tests/test_parity_matrix.py:296: NB_RUN_PARALLEL not set to 1</skipped></testcase><testcase classname="tests.test_parity_matrix" name="test_parity_case[AT-PARALLEL-021-single_step_phi]" time="0.000"><skipped type="pytest.skip" message="NB_RUN_PARALLEL not set to 1">/home/ollie/Documents/tmp/nanoBragg/tests/test_parity_matrix.py:296: NB_RUN_PARALLEL not set to 1</skipped></testcase><testcase classname="tests.test_parity_matrix" name="test_parity_case[AT-PARALLEL-021-multi_step_phi]" time="0.000"><skipped type="pytest.skip" message="NB_RUN_PARALLEL not set to 1">/home/ollie/Documents/tmp/nanoBragg/tests/test_parity_matrix.py:296: NB_RUN_PARALLEL not set to 1</skipped></testcase><testcase classname="tests.test_parity_matrix" name="test_parity_case[AT-PARALLEL-022-single_step_phi]" time="0.000"><skipped type="pytest.skip" message="NB_RUN_PARALLEL not set to 1">/home/ollie/Documents/tmp/nanoBragg/tests/test_parity_matrix.py:296: NB_RUN_PARALLEL not set to 1</skipped></testcase><testcase classname="tests.test_parity_matrix" name="test_parity_case[AT-PARALLEL-022-multi_step_phi]" time="0.000"><skipped type="pytest.skip" message="NB_RUN_PARALLEL not set to 1">/home/ollie/Documents/tmp/nanoBragg/tests/test_parity_matrix.py:296: NB_RUN_PARALLEL not set to 1</skipped></testcase><testcase classname="tests.test_parity_matrix" name="test_parity_case[AT-PARALLEL-023-cubic-misset-0-0-0]" time="0.000"><skipped type="pytest.skip" message="NB_RUN_PARALLEL not set to 1">/home/ollie/Documents/tmp/nanoBragg/tests/test_parity_matrix.py:296: NB_RUN_PARALLEL not set to 1</skipped></testcase><testcase classname="tests.test_parity_matrix" name="test_parity_case[AT-PARALLEL-023-cubic-misset-10p5-0-0]" time="0.000"><skipped type="pytest.skip" message="NB_RUN_PARALLEL not set to 1">/home/ollie/Documents/tmp/nanoBragg/tests/test_parity_matrix.py:296: NB_RUN_PARALLEL not set to 1</skipped></testcase><testcase classname="tests.test_parity_matrix" name="test_parity_case[AT-PARALLEL-023-cubic-misset-0-10p25-0]" time="0.000"><skipped type="pytest.skip" message="NB_RUN_PARALLEL not set to 1">/home/ollie/Documents/tmp/nanoBragg/tests/test_parity_matrix.py:296: NB_RUN_PARALLEL not set to 1</skipped></testcase><testcase classname="tests.test_parity_matrix" name="test_parity_case[AT-PARALLEL-023-cubic-misset-0-0-9p75]" time="0.000"><skipped type="pytest.skip" message="NB_RUN_PARALLEL not set to 1">/home/ollie/Documents/tmp/nanoBragg/tests/test_parity_matrix.py:296: NB_RUN_PARALLEL not set to 1</skipped></testcase><testcase classname="tests.test_parity_matrix" name="test_parity_case[AT-PARALLEL-023-cubic-misset-15-20p5-30p25]" time="0.000"><skipped type="pytest.skip" message="NB_RUN_PARALLEL not set to 1">/home/ollie/Documents/tmp/nanoBragg/tests/test_parity_matrix.py:296: NB_RUN_PARALLEL not set to 1</skipped></testcase><testcase classname="tests.test_parity_matrix" name="test_parity_case[AT-PARALLEL-023-triclinic-misset-0-0-0]" time="0.000"><skipped type="pytest.skip" message="NB_RUN_PARALLEL not set to 1">/home/ollie/Documents/tmp/nanoBragg/tests/test_parity_matrix.py:296: NB_RUN_PARALLEL not set to 1</skipped></testcase><testcase classname="tests.test_parity_matrix" name="test_parity_case[AT-PARALLEL-023-triclinic-misset-10p5-0-0]" time="0.000"><skipped type="pytest.skip" message="NB_RUN_PARALLEL not set to 1">/home/ollie/Documents/tmp/nanoBragg/tests/test_parity_matrix.py:296: NB_RUN_PARALLEL not set to 1</skipped></testcase><testcase classname="tests.test_parity_matrix" name="test_parity_case[AT-PARALLEL-023-triclinic-misset-0-10p25-0]" time="0.000"><skipped type="pytest.skip" message="NB_RUN_PARALLEL not set to 1">/home/ollie/Documents/tmp/nanoBragg/tests/test_parity_matrix.py:296: NB_RUN_PARALLEL not set to 1</skipped></testcase><testcase classname="tests.test_parity_matrix" name="test_parity_case[AT-PARALLEL-023-triclinic-misset-0-0-9p75]" time="0.000"><skipped type="pytest.skip" message="NB_RUN_PARALLEL not set to 1">/home/ollie/Documents/tmp/nanoBragg/tests/test_parity_matrix.py:296: NB_RUN_PARALLEL not set to 1</skipped></testcase><testcase classname="tests.test_parity_matrix" name="test_parity_case[AT-PARALLEL-023-triclinic-misset-15-20p5-30p25]" time="0.000"><skipped type="pytest.skip" message="NB_RUN_PARALLEL not set to 1">/home/ollie/Documents/tmp/nanoBragg/tests/test_parity_matrix.py:296: NB_RUN_PARALLEL not set to 1</skipped></testcase><testcase classname="tests.test_parity_matrix" name="test_parity_case[AT-PARALLEL-024-random-misset-seed-12345]" time="0.000"><skipped type="pytest.skip" message="NB_RUN_PARALLEL not set to 1">/home/ollie/Documents/tmp/nanoBragg/tests/test_parity_matrix.py:296: NB_RUN_PARALLEL not set to 1</skipped></testcase><testcase classname="tests.test_parity_matrix" name="test_parity_case[AT-PARALLEL-024-random-misset-seed-54321]" time="0.000"><skipped type="pytest.skip" message="NB_RUN_PARALLEL not set to 1">/home/ollie/Documents/tmp/nanoBragg/tests/test_parity_matrix.py:296: NB_RUN_PARALLEL not set to 1</skipped></testcase><testcase classname="tests.test_parity_matrix" name="test_parity_case[AT-PARALLEL-010-point-pixel-distance-50mm]" time="0.000"><skipped type="pytest.skip" message="NB_RUN_PARALLEL not set to 1">/home/ollie/Documents/tmp/nanoBragg/tests/test_parity_matrix.py:296: NB_RUN_PARALLEL not set to 1</skipped></testcase><testcase classname="tests.test_parity_matrix" name="test_parity_case[AT-PARALLEL-010-point-pixel-distance-100mm]" time="0.000"><skipped type="pytest.skip" message="NB_RUN_PARALLEL not set to 1">/home/ollie/Documents/tmp/nanoBragg/tests/test_parity_matrix.py:296: NB_RUN_PARALLEL not set to 1</skipped></testcase><testcase classname="tests.test_parity_matrix" name="test_parity_case[AT-PARALLEL-010-point-pixel-distance-200mm]" time="0.000"><skipped type="pytest.skip" message="NB_RUN_PARALLEL not set to 1">/home/ollie/Documents/tmp/nanoBragg/tests/test_parity_matrix.py:296: NB_RUN_PARALLEL not set to 1</skipped></testcase><testcase classname="tests.test_parity_matrix" name="test_parity_case[AT-PARALLEL-010-point-pixel-distance-400mm]" time="0.000"><skipped type="pytest.skip" message="NB_RUN_PARALLEL not set to 1">/home/ollie/Documents/tmp/nanoBragg/tests/test_parity_matrix.py:296: NB_RUN_PARALLEL not set to 1</skipped></testcase><testcase classname="tests.test_parity_matrix" name="test_parity_case[AT-PARALLEL-010-obliquity-distance-100mm-tilt-0deg]" time="0.000"><skipped type="pytest.skip" message="NB_RUN_PARALLEL not set to 1">/home/ollie/Documents/tmp/nanoBragg/tests/test_parity_matrix.py:296: NB_RUN_PARALLEL not set to 1</skipped></testcase><testcase classname="tests.test_parity_matrix" name="test_parity_case[AT-PARALLEL-010-obliquity-distance-100mm-tilt-10deg]" time="0.000"><skipped type="pytest.skip" message="NB_RUN_PARALLEL not set to 1">/home/ollie/Documents/tmp/nanoBragg/tests/test_parity_matrix.py:296: NB_RUN_PARALLEL not set to 1</skipped></testcase><testcase classname="tests.test_parity_matrix" name="test_parity_case[AT-PARALLEL-010-obliquity-distance-100mm-tilt-20deg]" time="0.000"><skipped type="pytest.skip" message="NB_RUN_PARALLEL not set to 1">/home/ollie/Documents/tmp/nanoBragg/tests/test_parity_matrix.py:296: NB_RUN_PARALLEL not set to 1</skipped></testcase><testcase classname="tests.test_parity_matrix" name="test_parity_case[AT-PARALLEL-010-obliquity-distance-100mm-tilt-30deg]" time="0.000"><skipped type="pytest.skip" message="NB_RUN_PARALLEL not set to 1">/home/ollie/Documents/tmp/nanoBragg/tests/test_parity_matrix.py:296: NB_RUN_PARALLEL not set to 1</skipped></testcase><testcase classname="tests.test_parity_matrix" name="test_parity_case[AT-PARALLEL-016-extreme-tiny]" time="0.000"><skipped type="pytest.skip" message="NB_RUN_PARALLEL not set to 1">/home/ollie/Documents/tmp/nanoBragg/tests/test_parity_matrix.py:296: NB_RUN_PARALLEL not set to 1</skipped></testcase><testcase classname="tests.test_parity_matrix" name="test_parity_case[AT-PARALLEL-016-extreme-large-cell]" time="0.000"><skipped type="pytest.skip" message="NB_RUN_PARALLEL not set to 1">/home/ollie/Documents/tmp/nanoBragg/tests/test_parity_matrix.py:296: NB_RUN_PARALLEL not set to 1</skipped></testcase><testcase classname="tests.test_parity_matrix" name="test_parity_case[AT-PARALLEL-016-extreme-long-distance]" time="0.000"><skipped type="pytest.skip" message="NB_RUN_PARALLEL not set to 1">/home/ollie/Documents/tmp/nanoBragg/tests/test_parity_matrix.py:296: NB_RUN_PARALLEL not set to 1</skipped></testcase></testsuite></testsuites>