============================= test session starts ==============================
platform linux -- Python 3.13.5, pytest-8.4.1, pluggy-1.5.0 -- /home/ollie/miniconda3/bin/python3.13
cachedir: .pytest_cache
rootdir: /home/ollie/Documents/tmp/nanoBragg
configfile: pyproject.toml
plugins: anyio-4.9.0
collecting ... collected 5 items

tests/test_at_parallel_015.py::TestATParallel015MixedUnits::test_distance_units_consistency PASSED [ 20%]
tests/test_at_parallel_015.py::TestATParallel015MixedUnits::test_wavelength_units_consistency PASSED [ 40%]
tests/test_at_parallel_015.py::TestATParallel015MixedUnits::test_angle_units_consistency PASSED [ 60%]
tests/test_at_parallel_015.py::TestATParallel015MixedUnits::test_mixed_units_comprehensive PASSED [ 80%]
tests/test_at_parallel_015.py::TestATParallel015MixedUnits::test_detector_rotation_units PASSED [100%]

============================== 5 passed in 4.49s ===============================
