<?xml version="1.0" encoding="utf-8"?><testsuites name="pytest tests"><testsuite name="pytest" errors="0" failures="0" skipped="5" tests="51" time="7.189" timestamp="2025-10-15T01:31:15.538743-07:00" hostname="ollie-System-Product-Name"><testcase classname="tests.test_at_bkg_001.TestAT_BKG_001" name="test_water_background_calculation" time="0.006" /><testcase classname="tests.test_at_bkg_001.TestAT_BKG_001" name="test_water_background_zero" time="0.003" /><testcase classname="tests.test_at_bkg_001.TestAT_BKG_001" name="test_water_background_additive" time="0.005" /><testcase classname="tests.test_at_crystal_absolute.TestATCrystalAbsolute" name="test_triclinic_absolute_positions" time="0.032" /><testcase classname="tests.test_at_crystal_absolute.TestATCrystalAbsolute" name="test_cubic_vs_triclinic_systematic_difference" time="0.023" /><testcase classname="tests.test_at_crystal_absolute.TestATCrystalAbsolute" name="test_known_reflection_d_spacings" time="0.004" /><testcase classname="tests.test_at_io_003.TestAT_IO_003" name="test_fdump_write_and_read" time="0.001" /><testcase classname="tests.test_at_io_003.TestAT_IO_003" name="test_fdump_cache_behavior" time="0.001" /><testcase classname="tests.test_at_io_003.TestAT_IO_003" name="test_fdump_no_files_with_default_F" time="0.000" /><testcase classname="tests.test_at_io_003.TestAT_IO_003" name="test_fdump_no_files_zero_default" time="0.000" /><testcase classname="tests.test_at_io_003.TestAT_IO_003" name="test_fdump_preserves_default_F" time="0.001" /><testcase classname="tests.test_at_io_003.TestAT_IO_003" name="test_fdump_header_structure" time="0.001" /><testcase classname="tests.test_at_parallel_008.TestAT_PARALLEL_008" name="test_triclinic_multi_peak_pattern" time="0.000"><skipped type="pytest.skip" message="Requires NB_RUN_PARALLEL=1">/home/ollie/Documents/tmp/nanoBragg/tests/test_at_parallel_008.py:187: Requires NB_RUN_PARALLEL=1</skipped></testcase><testcase classname="tests.test_at_parallel_008.TestAT_PARALLEL_008" name="test_peak_intensity_ordering" time="0.000"><skipped type="pytest.skip" message="Requires NB_RUN_PARALLEL=1">/home/ollie/Documents/tmp/nanoBragg/tests/test_at_parallel_008.py:324: Requires NB_RUN_PARALLEL=1</skipped></testcase><testcase classname="tests.test_at_parallel_008.TestAT_PARALLEL_008" name="test_non_max_suppression" time="0.000"><skipped type="pytest.skip" message="Requires NB_RUN_PARALLEL=1">/home/ollie/Documents/tmp/nanoBragg/tests/test_at_parallel_008.py:368: Requires NB_RUN_PARALLEL=1</skipped></testcase><testcase classname="tests.test_at_parallel_018.TestATParallel018CrystalBoundaryConditions" name="test_cubic_crystal_aligned_axes" time="0.006" /><testcase classname="tests.test_at_parallel_018.TestATParallel018CrystalBoundaryConditions" name="test_zero_angle_rotations" time="0.006" /><testcase classname="tests.test_at_parallel_018.TestATParallel018CrystalBoundaryConditions" name="test_near_singular_cell_angles" time="0.010" /><testcase classname="tests.test_at_parallel_018.TestATParallel018CrystalBoundaryConditions" name="test_aligned_spindle_and_beam" time="0.006" /><testcase classname="tests.test_at_parallel_018.TestATParallel018CrystalBoundaryConditions" name="test_very_small_unit_cell" time="0.004" /><testcase classname="tests.test_at_parallel_018.TestATParallel018CrystalBoundaryConditions" name="test_very_large_unit_cell" time="0.004" /><testcase classname="tests.test_at_parallel_018.TestATParallel018CrystalBoundaryConditions" name="test_continuity_near_90_degrees" time="0.025" /><testcase classname="tests.test_at_parallel_018.TestATParallel018CrystalBoundaryConditions" name="test_identity_misset_matrix" time="0.004" /><testcase classname="tests.test_at_parallel_029.TestSubpixelSamplingAT029" name="test_pytorch_aliasing_reduction" time="0.578" /><testcase classname="tests.test_at_parallel_029.TestSubpixelSamplingAT029" name="test_pytorch_peak_stability" time="0.645" /><testcase classname="tests.test_at_parallel_029.TestSubpixelSamplingAT029" name="test_pytorch_fwhm_convergence" time="0.593" /><testcase classname="tests.test_at_parallel_029.TestSubpixelSamplingAT029" name="test_c_pytorch_oversample_equivalence" time="0.000"><skipped type="pytest.skip" message="Parallel validation requires C binary and NB_RUN_PARALLEL=1">/home/ollie/Documents/tmp/nanoBragg/tests/test_at_parallel_029.py:271: Parallel validation requires C binary and NB_RUN_PARALLEL=1</skipped></testcase><testcase classname="tests.test_at_parallel_029.TestSubpixelSamplingAT029" name="test_issue_subpixel_aliasing" time="0.000"><skipped type="pytest.skip" message="Parallel validation requires C binary and NB_RUN_PARALLEL=1">/home/ollie/Documents/tmp/nanoBragg/tests/test_at_parallel_029.py:326: Parallel validation requires C binary and NB_RUN_PARALLEL=1</skipped></testcase><testcase classname="tests.test_at_pre_001" name="test_header_precedence_img_then_mask" time="1.218" /><testcase classname="tests.test_at_pre_001" name="test_mask_beam_center_y_flip" time="1.223" /><testcase classname="tests.test_at_pre_001" name="test_img_only_no_mask" time="1.248" /><testcase classname="tests.test_at_src_003.TestSourcefileLambdaOverride" name="test_lambda_override_single_source" time="0.001" /><testcase classname="tests.test_at_src_003.TestSourcefileLambdaOverride" name="test_lambda_override_multiple_sources" time="0.001" /><testcase classname="tests.test_at_src_003.TestSourcefileWarningEmission" name="test_warning_emitted_on_mismatch" time="0.000" /><testcase classname="tests.test_at_src_003.TestSourcefileWarningEmission" name="test_no_warning_when_matching" time="0.000" /><testcase classname="tests.test_at_src_003.TestSourcefileWarningEmission" name="test_no_warning_when_column_missing" time="0.000" /><testcase classname="tests.test_at_src_003.TestStepsNormalizationParity" name="test_steps_count_includes_zero_weight_sources" time="0.000" /><testcase classname="tests.test_at_src_003.TestStepsNormalizationParity" name="test_equal_weighting_preserved" time="0.000" /><testcase classname="tests.test_cli_scaling_phi0.TestPhiZeroParity" name="test_rot_b_matches_c" time="0.003" /><testcase classname="tests.test_cli_scaling_phi0.TestPhiZeroParity" name="test_k_frac_phi0_matches_c" time="0.053" /><testcase classname="tests.test_divergence_culling.TestDivergenceCullingModes" name="test_round_div_applies_elliptical_trimming" time="0.001" /><testcase classname="tests.test_divergence_culling.TestDivergenceCullingModes" name="test_square_div_uses_full_grid" time="0.001" /><testcase classname="tests.test_divergence_culling.TestDivergenceCullingModes" name="test_round_vs_square_source_count_difference" time="0.001" /><testcase classname="tests.test_divergence_culling.TestDivergenceCullingModes" name="test_single_divergence_point_unaffected" time="0.000" /><testcase classname="tests.test_divergence_culling.TestDivergenceCullingModes" name="test_elliptical_trimming_threshold" time="0.001" /><testcase classname="tests.test_divergence_culling.TestDivergenceCullingModes" name="test_combined_divergence_and_dispersion" time="0.001" /><testcase classname="tests.test_pivot_mode_selection.TestPivotModeSelection" name="test_twotheta_zero_uses_config_pivot" time="0.000" /><testcase classname="tests.test_pivot_mode_selection.TestPivotModeSelection" name="test_twotheta_nonzero_forces_sample_pivot" time="0.000" /><testcase classname="tests.test_pivot_mode_selection.TestPivotModeSelection" name="test_small_twotheta_values" time="0.000" /><testcase classname="tests.test_pivot_mode_selection.TestPivotModeSelection" name="test_negative_twotheta_forces_sample_pivot" time="0.000" /><testcase classname="tests.test_pivot_mode_selection.TestPivotModeSelection" name="test_pivot_fix_integration" time="0.000" /></testsuite></testsuites>