============================= test session starts ==============================
platform linux -- Python 3.13.5, pytest-8.4.1, pluggy-1.5.0 -- /home/ollie/miniconda3/bin/python3.13
cachedir: .pytest_cache
rootdir: /home/ollie/Documents/tmp/nanoBragg
configfile: pyproject.toml
plugins: anyio-4.9.0
collecting ... collected 1 item

tests/test_gradients.py::TestPropertyBasedGradients::test_property_gradient_stability PASSED [100%]

- generated xml file: /home/ollie/Documents/tmp/nanoBragg/reports/2026-01-test-suite-triage/phase_p/chunk_03_rerun/pytest.xml -
============================= slowest 25 durations =============================
839.12s call     tests/test_gradients.py::TestPropertyBasedGradients::test_property_gradient_stability
0.00s setup    tests/test_gradients.py::TestPropertyBasedGradients::test_property_gradient_stability
0.00s teardown tests/test_gradients.py::TestPropertyBasedGradients::test_property_gradient_stability
======================== 1 passed in 839.95s (0:13:59) =========================
