<?xml version="1.0" encoding="utf-8"?><testsuites name="pytest tests"><testsuite name="pytest" errors="0" failures="0" skipped="10" tests="76" time="17.059" timestamp="2025-10-15T01:33:47.546033-07:00" hostname="ollie-System-Product-Name"><testcase classname="tests.test_at_cli_008.TestATCLI008DminFiltering" name="test_dmin_filtering_reduces_intensity" time="2.657" /><testcase classname="tests.test_at_cli_008.TestATCLI008DminFiltering" name="test_dmin_very_strict_removes_most_intensity" time="1.326" /><testcase classname="tests.test_at_cli_008.TestATCLI008DminFiltering" name="test_dmin_zero_has_no_effect" time="2.655" /><testcase classname="tests.test_at_io_001.TestAT_IO_001" name="test_smv_header_required_keys" time="0.005" /><testcase classname="tests.test_at_io_001.TestAT_IO_001" name="test_smv_data_ordering" time="0.001" /><testcase classname="tests.test_at_io_001.TestAT_IO_001" name="test_smv_convention_specific_headers" time="0.001" /><testcase classname="tests.test_at_io_001.TestAT_IO_001" name="test_smv_torch_tensor_input" time="0.001" /><testcase classname="tests.test_at_io_001.TestAT_IO_001" name="test_smv_byte_order" time="0.001" /><testcase classname="tests.test_at_parallel_006.TestATParallel006SingleReflection" name="test_bragg_angle_prediction_single_distance" time="0.091" /><testcase classname="tests.test_at_parallel_006.TestATParallel006SingleReflection" name="test_distance_scaling" time="0.128" /><testcase classname="tests.test_at_parallel_006.TestATParallel006SingleReflection" name="test_combined_wavelength_and_distance" time="0.498" /><testcase classname="tests.test_at_parallel_016.TestATParallel016ExtremeScale" name="test_tiny_scale" time="1.309" /><testcase classname="tests.test_at_parallel_016.TestATParallel016ExtremeScale" name="test_large_cell" time="1.607" /><testcase classname="tests.test_at_parallel_016.TestATParallel016ExtremeScale" name="test_long_distance" time="1.428" /><testcase classname="tests.test_at_parallel_016.TestATParallel016ExtremeScale" name="test_extreme_scale_c_comparison" time="0.000"><skipped type="pytest.skip" message="C-PyTorch parallel tests require NB_RUN_PARALLEL=1">/home/ollie/Documents/tmp/nanoBragg/tests/test_at_parallel_016.py:223: C-PyTorch parallel tests require NB_RUN_PARALLEL=1</skipped></testcase><testcase classname="tests.test_at_parallel_016.TestATParallel016ExtremeScale" name="test_combined_extremes" time="1.028" /><testcase classname="tests.test_at_parallel_016.TestATParallel016ExtremeScale" name="test_numerical_stability_metrics" time="0.005" /><testcase classname="tests.test_at_parallel_027.TestAT_PARALLEL_027" name="test_structure_factor_loading" time="0.002" /><testcase classname="tests.test_at_parallel_027.TestAT_PARALLEL_027" name="test_intensity_ratios" time="0.313" /><testcase classname="tests.test_at_parallel_027.TestAT_PARALLEL_027" name="test_pattern_structure" time="0.220" /><testcase classname="tests.test_at_parallel_027.TestAT_PARALLEL_027" name="test_c_pytorch_equivalence" time="0.000"><skipped type="pytest.skip" message="C-PyTorch parallel tests disabled unless NB_RUN_PARALLEL=1">/home/ollie/Documents/tmp/nanoBragg/tests/test_at_parallel_027.py:156: C-PyTorch parallel tests disabled unless NB_RUN_PARALLEL=1</skipped></testcase><testcase classname="tests.test_at_parallel_027.TestAT_PARALLEL_027" name="test_f_squared_scaling" time="0.004" /><testcase classname="tests.test_at_perf_008.TestATPERF008CUDATensorResidency" name="test_large_tensor_gpu_residency" time="0.000"><skipped type="pytest.skip" message="CUDA not available">/home/ollie/Documents/tmp/nanoBragg/tests/test_at_perf_008.py:141: CUDA not available</skipped></testcase><testcase classname="tests.test_at_perf_008.TestATPERF008CUDATensorResidency" name="test_auto_device_selection_uses_cuda" time="0.000"><skipped type="pytest.skip" message="CUDA not available">/home/ollie/Documents/tmp/nanoBragg/tests/test_at_perf_008.py:212: CUDA not available</skipped></testcase><testcase classname="tests.test_at_perf_008.TestATPERF008CUDATensorResidency" name="test_skip_when_cuda_unavailable" time="0.129" /><testcase classname="tests.test_at_perf_008.TestATPERF008CUDATensorResidency" name="test_memory_efficient_gpu_usage" time="0.000"><skipped type="pytest.skip" message="CUDA not available">/home/ollie/Documents/tmp/nanoBragg/tests/test_at_perf_008.py:283: CUDA not available</skipped></testcase><testcase classname="tests.test_at_src_001_simple" name="test_sourcefile_dtype_propagation[dtype0]" time="0.001" /><testcase classname="tests.test_at_src_001_simple" name="test_sourcefile_dtype_propagation[dtype1]" time="0.001" /><testcase classname="tests.test_at_src_001_simple" name="test_sourcefile_dtype_propagation[None]" time="0.001" /><testcase classname="tests.test_at_src_001_simple" name="test_sourcefile_parsing" time="0.003" /><testcase classname="tests.test_cli_flags.TestPix0VectorAlias" name="test_pix0_meters_alias" time="0.002" /><testcase classname="tests.test_cli_flags.TestPix0VectorAlias" name="test_pix0_millimeter_alias" time="0.002" /><testcase classname="tests.test_cli_flags.TestPix0VectorAlias" name="test_pix0_meters_and_mm_equivalence" time="0.004" /><testcase classname="tests.test_cli_flags.TestPix0VectorAlias" name="test_dual_pix0_flag_rejection" time="0.002" /><testcase classname="tests.test_cli_flags.TestPix0VectorAlias" name="test_pix0_signed_combinations[pix0_m0-pix0_mm0]" time="0.004" /><testcase classname="tests.test_cli_flags.TestPix0VectorAlias" name="test_pix0_signed_combinations[pix0_m1-pix0_mm1]" time="0.004" /><testcase classname="tests.test_cli_flags.TestPix0VectorAlias" name="test_pix0_signed_combinations[pix0_m2-pix0_mm2]" time="0.004" /><testcase classname="tests.test_cli_flags.TestDetectorOverridePersistence" name="test_detector_override_persistence_cpu" time="0.001" /><testcase classname="tests.test_cli_flags.TestDetectorOverridePersistence" name="test_detector_override_persistence_cuda" time="0.000"><skipped type="pytest.skip" message="CUDA not available">/home/ollie/Documents/tmp/nanoBragg/tests/test_cli_flags.py:158: CUDA not available</skipped></testcase><testcase classname="tests.test_cli_flags.TestDetectorOverridePersistence" name="test_detector_override_dtype_preservation" time="0.002" /><testcase classname="tests.test_cli_flags.TestNoiseSuppressionFlag" name="test_nonoise_suppresses_noise_output" time="0.002" /><testcase classname="tests.test_cli_flags.TestNoiseSuppressionFlag" name="test_noisefile_without_nonoise" time="0.002" /><testcase classname="tests.test_cli_flags.TestNoiseSuppressionFlag" name="test_nonoise_preserves_seed" time="0.002" /><testcase classname="tests.test_cli_flags.TestNoiseSuppressionFlag" name="test_nonoise_without_noisefile" time="0.002" /><testcase classname="tests.test_cli_flags.TestCLIIntegrationSanity" name="test_pix0_does_not_alter_beam_vector" time="0.004" /><testcase classname="tests.test_cli_flags.TestCLIIntegrationSanity" name="test_pix0_triggers_custom_convention" time="0.002" /><testcase classname="tests.test_cli_flags.TestCLIIntegrationSanity" name="test_roi_unaffected_by_new_flags" time="0.002" /><testcase classname="tests.test_cli_flags.TestCLIIntegrationSanity" name="test_convention_preserved_without_pix0" time="0.002" /><testcase classname="tests.test_cli_flags.TestCLIBeamVector" name="test_custom_beam_vector_propagates" time="0.002" /><testcase classname="tests.test_cli_flags.TestCLIPix0Override" name="test_pix0_override_beam_pivot_transform[cpu-dtype0]" time="0.001" /><testcase classname="tests.test_cli_flags.TestCLIPix0Override" name="test_pix0_override_beam_pivot_transform[cuda-dtype1]" time="0.000"><skipped type="pytest.skip" message="CUDA not available">/home/ollie/Documents/tmp/nanoBragg/tests/test_cli_flags.py:399: CUDA not available</skipped></testcase><testcase classname="tests.test_cli_flags.TestCLIPix0Override" name="test_pix0_vector_mm_beam_pivot[cpu]" time="0.004" /><testcase classname="tests.test_cli_flags.TestCLIPix0Override" name="test_pix0_vector_mm_beam_pivot[cuda]" time="0.000"><skipped type="pytest.skip" message="CUDA not available">/home/ollie/Documents/tmp/nanoBragg/tests/test_cli_flags.py:452: CUDA not available</skipped></testcase><testcase classname="tests.test_cli_flags.TestCLIPolarization" name="test_default_polarization_parity" time="0.002" /><testcase classname="tests.test_cli_flags.TestCLIPolarization" name="test_nopolar_flag" time="0.002" /><testcase classname="tests.test_cli_flags.TestCLIPolarization" name="test_polar_override" time="0.002" /><testcase classname="tests.test_cli_flags.TestCLIPivotSelection" name="test_custom_vectors_force_sample_pivot[float32-cpu]" time="0.001" /><testcase classname="tests.test_cli_flags.TestCLIPivotSelection" name="test_custom_vectors_force_sample_pivot[float32-cuda]" time="0.000"><skipped type="pytest.skip" message="CUDA not available">/home/ollie/Documents/tmp/nanoBragg/tests/test_cli_flags.py:721: CUDA not available</skipped></testcase><testcase classname="tests.test_cli_flags.TestCLIPivotSelection" name="test_custom_vectors_force_sample_pivot[float64-cpu]" time="0.001" /><testcase classname="tests.test_cli_flags.TestCLIPivotSelection" name="test_custom_vectors_force_sample_pivot[float64-cuda]" time="0.001"><skipped type="pytest.skip" message="CUDA not available">/home/ollie/Documents/tmp/nanoBragg/tests/test_cli_flags.py:721: CUDA not available</skipped></testcase><testcase classname="tests.test_cli_flags.TestHKLFdumpParity" name="test_scaled_hkl_roundtrip" time="0.562" /><testcase classname="tests.test_detector_geometry.TestDetectorGeometryRegressions" name="test_rotated_basis_vectors_match_c_reference" time="0.003" /><testcase classname="tests.test_detector_geometry.TestDetectorGeometryRegressions" name="test_pix0_vector_matches_c_reference_in_beam_pivot" time="0.001" /><testcase classname="tests.test_detector_geometry.TestDetectorGeometryRegressions" name="test_mosflm_axis_mapping_correctness" time="0.001" /><testcase classname="tests.test_detector_geometry.TestDetectorDifferentiability" name="test_detector_parameter_gradients" time="0.207" /><testcase classname="tests.test_detector_geometry.TestDetectorDifferentiability" name="test_basis_vector_gradients" time="0.200" /><testcase classname="tests.test_detector_geometry.TestDetectorDifferentiability" name="test_pixel_coords_basis_vector_gradients" time="0.013" /><testcase classname="tests.test_detector_geometry.TestDetectorDifferentiability" name="test_comprehensive_gradcheck" time="0.806" /><testcase classname="tests.test_detector_geometry.TestDetectorDifferentiability" name="test_beam_strike_invariant_in_beam_pivot_mode" time="0.021" /><testcase classname="tests.test_detector_geometry.TestDetectorDifferentiability" name="test_xds_convention_basic_geometry" time="0.001" /><testcase classname="tests.test_detector_geometry.TestDetectorDifferentiability" name="test_detector_real_valued_gradients" time="0.005" /><testcase classname="tests.test_detector_geometry.TestDetectorDifferentiability" name="test_detector_complex_gradient_edge_cases" time="0.001" /><testcase classname="tests.test_detector_geometry.TestDetectorDifferentiability" name="test_simulator_real_valued_gradients" time="0.131" /><testcase classname="tests.test_perf_pytorch_006" name="test_dtype_support[dtype0]" time="0.094" /><testcase classname="tests.test_perf_pytorch_006" name="test_dtype_support[dtype1]" time="0.104" /><testcase classname="tests.test_perf_pytorch_006" name="test_float32_float64_correlation" time="0.285" /></testsuite></testsuites>