<?xml version="1.0" encoding="utf-8"?><testsuites name="pytest tests"><testsuite name="pytest" errors="0" failures="0" skipped="5" tests="23" time="17.579" timestamp="2025-10-14T21:10:33.500909-07:00" hostname="ollie-System-Product-Name"><testcase classname="tests.test_at_perf_001.TestATPERF001VectorizationPerformance" name="test_vectorization_scaling" time="2.595" /><testcase classname="tests.test_at_perf_001.TestATPERF001VectorizationPerformance" name="test_performance_parity_with_c" time="0.770" /><testcase classname="tests.test_at_perf_001.TestATPERF001VectorizationPerformance" name="test_memory_scaling" time="0.127" /><testcase classname="tests.test_at_pre_002" name="test_xbeam_ybeam_forces_beam_pivot" time="1.007" /><testcase classname="tests.test_at_pre_002" name="test_xclose_yclose_forces_sample_pivot" time="0.996" /><testcase classname="tests.test_at_pre_002" name="test_orgx_orgy_forces_sample_pivot" time="1.006" /><testcase classname="tests.test_at_pre_002" name="test_explicit_pivot_override" time="2.008" /><testcase classname="tests.test_at_pre_002" name="test_distance_vs_close_distance_pivot_defaults" time="2.014" /><testcase classname="tests.test_at_pre_002" name="test_convention_default_pivots" time="2.003" /><testcase classname="tests.test_at_sta_001.TestAT_STA_001" name="test_statistics_basic" time="0.013" /><testcase classname="tests.test_at_sta_001.TestAT_STA_001" name="test_statistics_with_roi" time="0.012" /><testcase classname="tests.test_at_sta_001.TestAT_STA_001" name="test_statistics_with_mask" time="0.001" /><testcase classname="tests.test_at_sta_001.TestAT_STA_001" name="test_statistics_empty_roi" time="0.011" /><testcase classname="tests.test_at_sta_001.TestAT_STA_001" name="test_statistics_last_max_location" time="0.011" /><testcase classname="tests.test_configuration_consistency.TestConfigurationConsistency" name="test_explicit_defaults_equal_implicit" time="0.067"><skipped type="pytest.xfail" message="C nanoBragg has known bug: passing default twotheta_axis switches to CUSTOM mode" /></testcase><testcase classname="tests.test_configuration_consistency.TestConfigurationConsistency" name="test_configuration_echo_present" time="0.000"><skipped type="pytest.skip" message="Requires special nanoBragg_config binary with diagnostic output that doesn't exist in standard build">/home/ollie/Documents/tmp/nanoBragg/tests/test_configuration_consistency.py:113: Requires special nanoBragg_config binary with diagnostic output that doesn't exist in standard build</skipped></testcase><testcase classname="tests.test_configuration_consistency.TestConfigurationConsistency" name="test_mode_detection_accuracy" time="0.000"><skipped type="pytest.skip" message="Requires special nanoBragg_config binary with diagnostic output">/home/ollie/Documents/tmp/nanoBragg/tests/test_configuration_consistency.py:147: Requires special nanoBragg_config binary with diagnostic output</skipped></testcase><testcase classname="tests.test_configuration_consistency.TestConfigurationConsistency" name="test_trigger_tracking" time="0.000"><skipped type="pytest.skip" message="Requires special nanoBragg_config binary with diagnostic output">/home/ollie/Documents/tmp/nanoBragg/tests/test_configuration_consistency.py:162: Requires special nanoBragg_config binary with diagnostic output</skipped></testcase><testcase classname="tests.test_configuration_consistency.TestConfigurationConsistency" name="test_all_vector_parameters_trigger_custom" time="0.000"><skipped type="pytest.skip" message="Requires special nanoBragg_config binary with diagnostic output">/home/ollie/Documents/tmp/nanoBragg/tests/test_configuration_consistency.py:177: Requires special nanoBragg_config binary with diagnostic output</skipped></testcase><testcase classname="tests.test_show_config.TestShowConfig" name="test_show_config_basic" time="1.009" /><testcase classname="tests.test_show_config.TestShowConfig" name="test_show_config_with_divergence" time="1.007" /><testcase classname="tests.test_show_config.TestShowConfig" name="test_show_config_with_rotations" time="1.010" /><testcase classname="tests.test_show_config.TestShowConfig" name="test_echo_config_alias" time="1.004" /></testsuite></testsuites>