============================= test session starts ==============================
platform linux -- Python 3.13.5, pytest-8.4.1, pluggy-1.5.0 -- /home/ollie/miniconda3/bin/python3.13
cachedir: .pytest_cache
rootdir: /home/ollie/Documents/tmp/nanoBragg
configfile: pyproject.toml
plugins: anyio-4.9.0
collecting ... collected 14 items / 6 deselected / 8 selected

tests/test_gradients.py::TestCellParameterGradients::test_gradcheck_cell_a PASSED [ 12%]
tests/test_gradients.py::TestCellParameterGradients::test_gradcheck_cell_b PASSED [ 25%]
tests/test_gradients.py::TestCellParameterGradients::test_gradcheck_cell_c PASSED [ 37%]
tests/test_gradients.py::TestCellParameterGradients::test_gradcheck_cell_alpha PASSED [ 50%]
tests/test_gradients.py::TestCellParameterGradients::test_gradcheck_cell_beta PASSED [ 62%]
tests/test_gradients.py::TestCellParameterGradients::test_gradcheck_cell_gamma PASSED [ 75%]
tests/test_gradients.py::TestAdvancedGradients::test_joint_gradcheck PASSED [ 87%]
tests/test_gradients.py::TestAdvancedGradients::test_gradgradcheck_cell_params PASSED [100%]

================= 8 passed, 6 deselected in 491.54s (0:08:11) ==================
