<?xml version="1.0" encoding="utf-8"?><testsuites name="pytest tests"><testsuite name="pytest" errors="0" failures="0" skipped="0" tests="10" time="3.928" timestamp="2025-10-11T02:34:27.594593-07:00" hostname="ollie-System-Product-Name"><testcase classname="tests.test_at_src_001_simple" name="test_sourcefile_dtype_propagation[dtype0]" time="0.001" /><testcase classname="tests.test_at_src_001_simple" name="test_sourcefile_dtype_propagation[dtype1]" time="0.001" /><testcase classname="tests.test_at_src_001_simple" name="test_sourcefile_dtype_propagation[None]" time="0.001" /><testcase classname="tests.test_at_src_001_simple" name="test_sourcefile_parsing" time="0.002" /><testcase classname="tests.test_at_src_001.TestAT_SRC_001_SourcefileAndWeighting" name="test_sourcefile_with_all_columns" time="0.001" /><testcase classname="tests.test_at_src_001.TestAT_SRC_001_SourcefileAndWeighting" name="test_sourcefile_with_missing_columns" time="0.001" /><testcase classname="tests.test_at_src_001.TestAT_SRC_001_SourcefileAndWeighting" name="test_sourcefile_default_position" time="0.001" /><testcase classname="tests.test_at_src_001.TestAT_SRC_001_SourcefileAndWeighting" name="test_multiple_sources_normalization" time="0.001" /><testcase classname="tests.test_at_src_001.TestAT_SRC_001_SourcefileAndWeighting" name="test_empty_sourcefile" time="0.000" /><testcase classname="tests.test_at_src_001.TestAT_SRC_001_SourcefileAndWeighting" name="test_weighted_sources_integration" time="1.890" /></testsuite></testsuites>