============================= test session starts ==============================
platform linux -- Python 3.13.5, pytest-8.4.1, pluggy-1.5.0 -- /home/ollie/miniconda3/bin/python3.13
cachedir: .pytest_cache
rootdir: /home/ollie/Documents/tmp/nanoBragg
configfile: pyproject.toml
plugins: timeout-2.4.0, anyio-4.9.0
timeout: 1200.0s
timeout method: signal
timeout func_only: True
collecting ... collected 1 item

tests/test_gradients.py::TestPropertyBasedGradients::test_property_gradient_stability PASSED [100%]

- generated xml file: /home/ollie/Documents/tmp/nanoBragg/reports/2026-01-test-suite-refresh/phase_f/20251015T160436Z/artifacts/pytest.junit.xml -
============================== slowest durations ===============================
844.15s call     tests/test_gradients.py::TestPropertyBasedGradients::test_property_gradient_stability
0.00s setup    tests/test_gradients.py::TestPropertyBasedGradients::test_property_gradient_stability
0.00s teardown tests/test_gradients.py::TestPropertyBasedGradients::test_property_gradient_stability
======================== 1 passed in 844.99s (0:14:04) =========================
