<?xml version="1.0" encoding="utf-8"?><testsuites name="pytest tests"><testsuite name="pytest" errors="0" failures="0" skipped="9" tests="45" time="23.913" timestamp="2025-10-15T01:33:48.840574-07:00" hostname="ollie-System-Product-Name"><testcase classname="tests.test_at_cli_007.TestATCLI007NoiseDeterminism" name="test_identical_seed_produces_identical_noise" time="2.725" /><testcase classname="tests.test_at_cli_007.TestATCLI007NoiseDeterminism" name="test_different_seed_produces_different_noise" time="2.804" /><testcase classname="tests.test_at_cli_007.TestATCLI007NoiseDeterminism" name="test_seed_determinism_without_roi" time="4.468" /><testcase classname="tests.test_at_cli_007.TestATCLI007NoiseDeterminism" name="test_negative_seed_accepted" time="3.853" /><testcase classname="tests.test_at_cli_007.TestATCLI007NoiseDeterminism" name="test_overload_count_determinism" time="4.569" /><testcase classname="tests.test_at_geo_006.TestATGEO006PointPixelSolidAngle" name="test_point_pixel_solid_angle" time="0.004" /><testcase classname="tests.test_at_geo_006.TestATGEO006PointPixelSolidAngle" name="test_default_solid_angle_with_obliquity" time="0.001" /><testcase classname="tests.test_at_geo_006.TestATGEO006PointPixelSolidAngle" name="test_off_center_pixel_comparison" time="0.003" /><testcase classname="tests.test_at_geo_006.TestATGEO006PointPixelSolidAngle" name="test_gradient_flow" time="0.002" /><testcase classname="tests.test_at_geo_006.TestATGEO006PointPixelSolidAngle" name="test_corner_pixel_values" time="0.002" /><testcase classname="tests.test_at_parallel_005.TestAT_PARALLEL_005_BeamCenterMapping" name="test_mosflm_xbeam_ybeam_mapping" time="0.000"><skipped type="pytest.skip" message="Parallel validation tests only run with NB_RUN_PARALLEL=1">/home/ollie/Documents/tmp/nanoBragg/tests/test_at_parallel_005.py:39: Parallel validation tests only run with NB_RUN_PARALLEL=1</skipped></testcase><testcase classname="tests.test_at_parallel_005.TestAT_PARALLEL_005_BeamCenterMapping" name="test_xds_orgx_orgy_mapping" time="0.000"><skipped type="pytest.skip" message="Parallel validation tests only run with NB_RUN_PARALLEL=1">/home/ollie/Documents/tmp/nanoBragg/tests/test_at_parallel_005.py:64: Parallel validation tests only run with NB_RUN_PARALLEL=1</skipped></testcase><testcase classname="tests.test_at_parallel_005.TestAT_PARALLEL_005_BeamCenterMapping" name="test_pivot_mode_consistency" time="0.000"><skipped type="pytest.skip" message="Parallel validation tests only run with NB_RUN_PARALLEL=1">/home/ollie/Documents/tmp/nanoBragg/tests/test_at_parallel_005.py:90: Parallel validation tests only run with NB_RUN_PARALLEL=1</skipped></testcase><testcase classname="tests.test_at_parallel_005.TestAT_PARALLEL_005_BeamCenterMapping" name="test_equivalent_configurations_produce_same_pattern" time="0.000"><skipped type="pytest.skip" message="Parallel validation tests only run with NB_RUN_PARALLEL=1">/home/ollie/Documents/tmp/nanoBragg/tests/test_at_parallel_005.py:131: Parallel validation tests only run with NB_RUN_PARALLEL=1</skipped></testcase><testcase classname="tests.test_at_parallel_015.TestATParallel015MixedUnits" name="test_distance_units_consistency" time="0.021" /><testcase classname="tests.test_at_parallel_015.TestATParallel015MixedUnits" name="test_wavelength_units_consistency" time="0.023" /><testcase classname="tests.test_at_parallel_015.TestATParallel015MixedUnits" name="test_angle_units_consistency" time="0.021" /><testcase classname="tests.test_at_parallel_015.TestATParallel015MixedUnits" name="test_mixed_units_comprehensive" time="0.015" /><testcase classname="tests.test_at_parallel_015.TestATParallel015MixedUnits" name="test_detector_rotation_units" time="0.019" /><testcase classname="tests.test_at_parallel_026.TestAT_PARALLEL_026_TriclinicAbsolutePosition" name="test_triclinic_absolute_peak_position_pytorch_only" time="0.015" /><testcase classname="tests.test_at_parallel_026.TestAT_PARALLEL_026_TriclinicAbsolutePosition" name="test_triclinic_absolute_peak_position_vs_c" time="0.039" /><testcase classname="tests.test_at_parallel_026.TestAT_PARALLEL_026_TriclinicAbsolutePosition" name="test_triclinic_vs_cubic_peak_difference" time="0.028" /><testcase classname="tests.test_at_perf_007.TestATPerf007ComprehensiveBenchmark" name="test_benchmark_suite_execution" time="0.000"><skipped type="pytest.skip" message="Set NB_RUN_BENCHMARKS=1 to run comprehensive benchmarks">/home/ollie/Documents/tmp/nanoBragg/tests/test_at_perf_007.py:376: Set NB_RUN_BENCHMARKS=1 to run comprehensive benchmarks</skipped></testcase><testcase classname="tests.test_at_perf_007.TestATPerf007ComprehensiveBenchmark" name="test_pytorch_performance_basic" time="0.052" /><testcase classname="tests.test_at_perf_007.TestATPerf007ComprehensiveBenchmark" name="test_memory_scaling" time="0.156" /><testcase classname="tests.test_at_perf_007.TestATPerf007ComprehensiveBenchmark" name="test_gpu_performance" time="0.000"><skipped type="pytest.skip" message="CUDA not available">/home/ollie/Documents/tmp/nanoBragg/tests/test_at_perf_007.py:465: CUDA not available</skipped></testcase><testcase classname="tests.test_at_perf_007.TestATPerf007ComprehensiveBenchmark" name="test_benchmark_output_format" time="0.001" /><testcase classname="tests.test_at_src_001_cli.TestAT_SRC_001_CLI" name="test_sourcefile_loading_via_cli" time="1.513" /><testcase classname="tests.test_at_src_001_cli.TestAT_SRC_001_CLI" name="test_sourcefile_with_missing_columns" time="1.133" /><testcase classname="tests.test_at_src_001_cli.TestAT_SRC_001_CLI" name="test_sourcefile_takes_precedence_over_divergence" time="1.093" /><testcase classname="tests.test_detector_conventions.TestDetectorConventions" name="test_adxv_convention_basis_vectors" time="0.001" /><testcase classname="tests.test_detector_conventions.TestDetectorConventions" name="test_denzo_convention_basis_vectors" time="0.001" /><testcase classname="tests.test_detector_conventions.TestDetectorConventions" name="test_denzo_beam_center_mapping" time="0.001" /><testcase classname="tests.test_detector_conventions.TestDetectorConventions" name="test_adxv_beam_direction" time="0.001" /><testcase classname="tests.test_detector_conventions.TestDetectorConventions" name="test_adxv_twotheta_axis_default" time="0.000" /><testcase classname="tests.test_detector_conventions.TestDetectorConventions" name="test_denzo_twotheta_axis_default" time="0.000" /><testcase classname="tests.test_detector_conventions.TestDetectorConventions" name="test_adxv_default_beam_centers" time="0.000" /><testcase classname="tests.test_detector_conventions.TestDetectorConventions" name="test_all_conventions_orthonormal" time="0.003" /><testcase classname="tests.test_detector_conventions.TestDetectorConventions" name="test_conventions_with_rotations" time="0.003" /><testcase classname="tests.test_perf_pytorch_005_cudagraphs.TestCUDAGraphsCompatibility" name="test_basic_execution[cpu]" time="0.012" /><testcase classname="tests.test_perf_pytorch_005_cudagraphs.TestCUDAGraphsCompatibility" name="test_basic_execution[cuda]" time="0.000"><skipped type="pytest.skip" message="CUDA not available">/home/ollie/Documents/tmp/nanoBragg/tests/test_perf_pytorch_005_cudagraphs.py:27: CUDA not available</skipped></testcase><testcase classname="tests.test_perf_pytorch_005_cudagraphs.TestCUDAGraphsCompatibility" name="test_cuda_multiple_runs" time="0.000"><skipped type="pytest.skip" message="CUDA not available">/home/ollie/Documents/tmp/nanoBragg/tests/test_perf_pytorch_005_cudagraphs.py:77: CUDA not available</skipped></testcase><testcase classname="tests.test_perf_pytorch_005_cudagraphs.TestCUDAGraphsCompatibility" name="test_gradient_flow_preserved" time="0.004" /><testcase classname="tests.test_perf_pytorch_005_cudagraphs.TestCUDAGraphsCompatibility" name="test_cpu_cuda_correlation[cpu]" time="0.004" /><testcase classname="tests.test_perf_pytorch_005_cudagraphs.TestCUDAGraphsCompatibility" name="test_cpu_cuda_correlation[cuda]" time="0.000"><skipped type="pytest.skip" message="CUDA not available">/home/ollie/Documents/tmp/nanoBragg/tests/test_perf_pytorch_005_cudagraphs.py:175: CUDA not available</skipped></testcase></testsuite></testsuites>