<?xml version="1.0" encoding="utf-8"?><testsuites name="pytest tests"><testsuite name="pytest" errors="0" failures="0" skipped="3" tests="63" time="15.351" timestamp="2025-10-14T17:46:52.878525-07:00" hostname="ollie-System-Product-Name"><testcase classname="tests.test_at_cli_005" name="test_cli_roi_basic" time="1.088" /><testcase classname="tests.test_at_cli_005" name="test_cli_roi_with_noise" time="1.021" /><testcase classname="tests.test_at_cli_005" name="test_cli_roi_edge_cases" time="2.031" /><testcase classname="tests.test_at_cli_005" name="test_cli_roi_different_conventions" time="2.029" /><testcase classname="tests.test_at_geo_004" name="test_twotheta_axis_defaults" time="0.001" /><testcase classname="tests.test_at_geo_004" name="test_twotheta_axis_override" time="0.000" /><testcase classname="tests.test_at_geo_004" name="test_twotheta_rotation_applied" time="0.001" /><testcase classname="tests.test_at_geo_004" name="test_twotheta_value_preserved" time="0.002" /><testcase classname="tests.test_at_geo_004" name="test_mosflm_twotheta_rotation" time="0.001" /><testcase classname="tests.test_at_geo_004" name="test_dials_twotheta_rotation" time="0.000" /><testcase classname="tests.test_at_parallel_003.TestATParallel003" name="test_detector_offset_preservation" time="0.005" /><testcase classname="tests.test_at_parallel_003.TestATParallel003" name="test_peak_position_at_offset_beam_centers" time="1.554" /><testcase classname="tests.test_at_parallel_003.TestATParallel003" name="test_offset_ratio_preservation" time="0.000" /><testcase classname="tests.test_at_parallel_013.TestATParallel013CrossPlatformConsistency" name="test_pytorch_determinism_same_seed" time="0.889" /><testcase classname="tests.test_at_parallel_013.TestATParallel013CrossPlatformConsistency" name="test_pytorch_determinism_different_seeds" time="0.877" /><testcase classname="tests.test_at_parallel_013.TestATParallel013CrossPlatformConsistency" name="test_pytorch_consistency_across_runs" time="1.957" /><testcase classname="tests.test_at_parallel_013.TestATParallel013CrossPlatformConsistency" name="test_c_pytorch_equivalence" time="0.000"><skipped type="pytest.skip" message="Requires NB_RUN_PARALLEL=1 and C binary">/home/ollie/Documents/tmp/nanoBragg/tests/test_at_parallel_013.py:231: Requires NB_RUN_PARALLEL=1 and C binary</skipped></testcase><testcase classname="tests.test_at_parallel_013.TestATParallel013CrossPlatformConsistency" name="test_platform_fingerprint" time="0.000" /><testcase classname="tests.test_at_parallel_013.TestATParallel013CrossPlatformConsistency" name="test_numerical_precision_float64" time="0.014" /><testcase classname="tests.test_at_parallel_024.TestAT_PARALLEL_024" name="test_pytorch_determinism" time="0.076" /><testcase classname="tests.test_at_parallel_024.TestAT_PARALLEL_024" name="test_seed_independence" time="0.031" /><testcase classname="tests.test_at_parallel_024.TestAT_PARALLEL_024" name="test_c_pytorch_equivalence" time="0.000"><skipped type="pytest.skip" message="Known scaling issue: ~500x difference between C and PyTorch implementations. Interface fix is complete - C code correctly receives misset parameters.">/home/ollie/Documents/tmp/nanoBragg/tests/test_at_parallel_024.py:192: Known scaling issue: ~500x difference between C and PyTorch implementations. Interface fix is complete - C code correctly receives misset parameters.</skipped></testcase><testcase classname="tests.test_at_parallel_024.TestAT_PARALLEL_024" name="test_lcg_compatibility" time="0.000" /><testcase classname="tests.test_at_parallel_024.TestAT_PARALLEL_024" name="test_mosaic_rotation_umat_determinism" time="0.000" /><testcase classname="tests.test_at_parallel_024.TestAT_PARALLEL_024" name="test_umat2misset_round_trip" time="0.002" /><testcase classname="tests.test_at_perf_005.TestATPERF005CompilationOptimization" name="test_torch_compile_speedup" time="0.890" /><testcase classname="tests.test_at_perf_005.TestATPERF005CompilationOptimization" name="test_hot_function_compilation" time="0.183" /><testcase classname="tests.test_at_perf_005.TestATPERF005CompilationOptimization" name="test_compilation_amortization" time="0.134" /><testcase classname="tests.test_at_perf_005.TestATPERF005CompilationOptimization" name="test_gpu_kernel_compilation" time="0.000"><skipped type="pytest.skip" message="CUDA required for GPU compilation test">/home/ollie/Documents/tmp/nanoBragg/tests/test_at_perf_005.py:281: CUDA required for GPU compilation test</skipped></testcase><testcase classname="tests.test_at_perf_005.TestATPERF005CompilationOptimization" name="test_dtype_optimization_impact" time="0.106" /><testcase classname="tests.test_at_sam_003" name="test_dmin_culling_basic" time="0.014" /><testcase classname="tests.test_at_sam_003" name="test_dmin_culling_exact_threshold" time="0.006" /><testcase classname="tests.test_at_sam_003" name="test_dmin_zero_no_culling" time="0.006" /><testcase classname="tests.test_at_str_004.TestAT_STR_004" name="test_sparse_hkl_loading" time="0.000" /><testcase classname="tests.test_at_str_004.TestAT_STR_004" name="test_missing_reflection_uses_default_f" time="0.001" /><testcase classname="tests.test_at_str_004.TestAT_STR_004" name="test_intensity_ratios_with_sparse_hkl" time="0.006" /><testcase classname="tests.test_at_str_004.TestAT_STR_004" name="test_fallback_with_no_hkl_uses_default_f" time="0.001" /><testcase classname="tests.test_at_str_004.TestAT_STR_004" name="test_fdump_preserves_sparse_behavior" time="0.002" /><testcase classname="tests.test_detector_basis_vectors.TestDetectorBasisVectors" name="test_default_mosflm_convention" time="0.001" /><testcase classname="tests.test_detector_basis_vectors.TestDetectorBasisVectors" name="test_default_xds_convention" time="0.001" /><testcase classname="tests.test_detector_basis_vectors.TestDetectorBasisVectors" name="test_single_axis_rotations" time="0.002" /><testcase classname="tests.test_detector_basis_vectors.TestDetectorBasisVectors" name="test_combined_rotations" time="0.001" /><testcase classname="tests.test_detector_basis_vectors.TestDetectorBasisVectors" name="test_twotheta_rotation" time="0.001" /><testcase classname="tests.test_detector_basis_vectors.TestDetectorBasisVectors" name="test_all_rotations_combined" time="0.001" /><testcase classname="tests.test_detector_basis_vectors.TestDetectorBasisVectors" name="test_tensor_rotation_parameters" time="0.001" /><testcase classname="tests.test_parity_coverage_lint.TestParityCoverageLinter" name="test_linter_finds_repo_root" time="0.000" /><testcase classname="tests.test_parity_coverage_lint.TestParityCoverageLinter" name="test_linter_loads_yaml" time="0.013" /><testcase classname="tests.test_parity_coverage_lint.TestParityCoverageLinter" name="test_yaml_structure_validation" time="0.002" /><testcase classname="tests.test_parity_coverage_lint.TestParityCoverageLinter" name="test_missing_yaml_file" time="0.000" /><testcase classname="tests.test_parity_coverage_lint.TestParityCoverageLinter" name="test_invalid_yaml" time="0.001" /><testcase classname="tests.test_parity_coverage_lint.TestParityCoverageLinter" name="test_real_repo_linting" time="0.013" /><testcase classname="tests.test_parity_coverage_lint.TestParityCoverageLinter" name="test_extraction_of_spec_ats" time="0.000" /><testcase classname="tests.test_parity_coverage_lint.TestParityCoverageLinter" name="test_extraction_of_yaml_ats" time="0.012" /><testcase classname="tests.test_units.TestUnitConversions" name="test_mm_to_angstroms_scalar" time="0.000" /><testcase classname="tests.test_units.TestUnitConversions" name="test_mm_to_angstroms_tensor" time="0.000" /><testcase classname="tests.test_units.TestUnitConversions" name="test_mm_to_angstroms_gradient" time="0.001" /><testcase classname="tests.test_units.TestUnitConversions" name="test_meters_to_angstroms_scalar" time="0.000" /><testcase classname="tests.test_units.TestUnitConversions" name="test_meters_to_angstroms_tensor" time="0.000" /><testcase classname="tests.test_units.TestUnitConversions" name="test_degrees_to_radians_scalar" time="0.000" /><testcase classname="tests.test_units.TestUnitConversions" name="test_degrees_to_radians_tensor" time="0.000" /><testcase classname="tests.test_units.TestUnitConversions" name="test_degrees_to_radians_gradient" time="0.000" /><testcase classname="tests.test_units.TestUnitConversions" name="test_inverse_conversions" time="0.000" /><testcase classname="tests.test_units.TestUnitConversions" name="test_batch_tensor_conversions" time="0.000" /></testsuite></testsuites>