============================= test session starts ==============================
platform linux -- Python 3.13.5, pytest-8.4.1, pluggy-1.5.0 -- /home/ollie/miniconda3/bin/python3.13
cachedir: .pytest_cache
rootdir: /home/ollie/Documents/tmp/nanoBragg
configfile: pyproject.toml
plugins: anyio-4.9.0
collecting ... collected 8 items

tests/test_at_abs_001.py::TestAT_ABS_001::test_absorption_disabled_when_zero[cpu] PASSED [ 12%]
tests/test_at_abs_001.py::TestAT_ABS_001::test_capture_fraction_calculation[False-cpu] PASSED [ 25%]
tests/test_at_abs_001.py::TestAT_ABS_001::test_capture_fraction_calculation[True-cpu] PASSED [ 37%]
tests/test_at_abs_001.py::TestAT_ABS_001::test_last_value_vs_accumulation_semantics[cpu] PASSED [ 50%]
tests/test_at_abs_001.py::TestAT_ABS_001::test_parallax_dependence[False-cpu] PASSED [ 62%]
tests/test_at_abs_001.py::TestAT_ABS_001::test_parallax_dependence[True-cpu] PASSED [ 75%]
tests/test_at_abs_001.py::TestAT_ABS_001::test_absorption_with_tilted_detector[False-cpu] PASSED [ 87%]
tests/test_at_abs_001.py::TestAT_ABS_001::test_absorption_with_tilted_detector[True-cpu] PASSED [100%]

============================== 8 passed in 11.36s ==============================
