============================= test session starts ==============================
platform darwin -- Python 3.13.1, pytest-8.4.1, pluggy-1.5.0 -- /Users/ollie/miniconda3/bin/python
cachedir: .pytest_cache
rootdir: /Users/ollie/Documents/nanoBragg3
configfile: pyproject.toml
plugins: anyio-4.9.0, dials_data-2.4.127
collecting ... collected 12 items

tests/test_phi_carryover_mode.py::TestPhiCarryoverBehavior::test_spec_mode_fresh_rotation[cpu-dtype0] PASSED [  8%]
tests/test_phi_carryover_mode.py::TestPhiCarryoverBehavior::test_spec_mode_fresh_rotation[cpu-dtype1] PASSED [ 16%]
tests/test_phi_carryover_mode.py::TestPhiCarryoverBehavior::test_spec_mode_fresh_rotation[cuda-dtype2] SKIPPED [ 25%]
tests/test_phi_carryover_mode.py::TestPhiCarryoverBehavior::test_spec_mode_fresh_rotation[cuda-dtype3] SKIPPED [ 33%]
tests/test_phi_carryover_mode.py::TestPhiCarryoverBehavior::test_c_parity_mode_stale_carryover[cpu-dtype0] PASSED [ 41%]
tests/test_phi_carryover_mode.py::TestPhiCarryoverBehavior::test_c_parity_mode_stale_carryover[cpu-dtype1] PASSED [ 50%]
tests/test_phi_carryover_mode.py::TestPhiCarryoverBehavior::test_c_parity_mode_stale_carryover[cuda-dtype2] SKIPPED [ 58%]
tests/test_phi_carryover_mode.py::TestPhiCarryoverBehavior::test_c_parity_mode_stale_carryover[cuda-dtype3] SKIPPED [ 66%]
tests/test_phi_carryover_mode.py::TestPhiCarryoverBehavior::test_modes_differ_at_phi_zero[cpu-dtype0] PASSED [ 75%]
tests/test_phi_carryover_mode.py::TestPhiCarryoverBehavior::test_modes_differ_at_phi_zero[cpu-dtype1] PASSED [ 83%]
tests/test_phi_carryover_mode.py::TestPhiCarryoverBehavior::test_modes_differ_at_phi_zero[cuda-dtype2] SKIPPED [ 91%]
tests/test_phi_carryover_mode.py::TestPhiCarryoverBehavior::test_modes_differ_at_phi_zero[cuda-dtype3] SKIPPED [100%]

========================= 6 passed, 6 skipped in 1.28s =========================
