============================= test session starts ==============================
platform linux -- Python 3.13.7, pytest-8.4.2, pluggy-1.6.0 -- /home/ollie/miniconda3/envs/myenv/bin/python3.13
cachedir: .pytest_cache
rootdir: /home/ollie/Documents/tmp/nanoBragg
configfile: pyproject.toml
collecting ... collected 4 items

tests/test_cli_flags.py::TestCLIPix0Override::test_pix0_override_beam_pivot_transform[cpu-dtype0] PASSED [ 25%]
tests/test_cli_flags.py::TestCLIPix0Override::test_pix0_override_beam_pivot_transform[cuda-dtype1] PASSED [ 50%]
tests/test_cli_flags.py::TestCLIPix0Override::test_pix0_vector_mm_beam_pivot[cpu] PASSED [ 75%]
tests/test_cli_flags.py::TestCLIPix0Override::test_pix0_vector_mm_beam_pivot[cuda] PASSED [100%]

============================== 4 passed in 2.43s ===============================
