============================= test session starts ==============================
platform linux -- Python 3.13.7, pytest-8.4.2, pluggy-1.6.0 -- /home/ollie/miniconda3/envs/myenv/bin/python3.13
cachedir: .pytest_cache
rootdir: /home/ollie/Documents/tmp/nanoBragg
configfile: pyproject.toml
collecting ... collected 2 items

tests/test_cli_flags.py::TestCLIPix0Override::test_pix0_vector_mm_beam_pivot[cpu] PASSED
tests/test_cli_flags.py::TestCLIPix0Override::test_pix0_vector_mm_beam_pivot[cuda] PASSED

============================== 2 passed in 2.44s ===============================
