============================= test session starts ==============================
platform linux -- Python 3.13.5, pytest-8.4.1, pluggy-1.5.0 -- /home/ollie/miniconda3/bin/python3.13
cachedir: .pytest_cache
rootdir: /home/ollie/Documents/tmp/nanoBragg
configfile: pyproject.toml
plugins: anyio-4.9.0
collecting ... collected 6 items

tests/test_perf_pytorch_005_cudagraphs.py::TestCUDAGraphsCompatibility::test_basic_execution[cpu] PASSED [ 16%]
tests/test_perf_pytorch_005_cudagraphs.py::TestCUDAGraphsCompatibility::test_basic_execution[cuda] SKIPPED [ 33%]
tests/test_perf_pytorch_005_cudagraphs.py::TestCUDAGraphsCompatibility::test_cuda_multiple_runs SKIPPED [ 50%]
tests/test_perf_pytorch_005_cudagraphs.py::TestCUDAGraphsCompatibility::test_gradient_flow_preserved PASSED [ 66%]
tests/test_perf_pytorch_005_cudagraphs.py::TestCUDAGraphsCompatibility::test_cpu_cuda_correlation[cpu] PASSED [ 83%]
tests/test_perf_pytorch_005_cudagraphs.py::TestCUDAGraphsCompatibility::test_cpu_cuda_correlation[cuda] SKIPPED [100%]

======================== 3 passed, 3 skipped in 10.40s =========================
