<?xml version="1.0" encoding="utf-8"?><testsuites name="pytest tests"><testsuite name="pytest" errors="0" failures="0" skipped="0" tests="2" time="0.955" timestamp="2025-10-15T03:27:42.809233-07:00" hostname="ollie-System-Product-Name"><testcase classname="tests.test_gradients.TestPropertyBasedGradients" name="test_property_metric_duality" time="0.070" /><testcase classname="tests.test_gradients.TestPropertyBasedGradients" name="test_property_volume_consistency" time="0.043" /></testsuite></testsuites>