<?xml version="1.0" encoding="utf-8"?><testsuites name="pytest tests"><testsuite name="pytest" errors="0" failures="0" skipped="0" tests="2" time="849.032" timestamp="2025-10-15T03:27:50.993484-07:00" hostname="ollie-System-Product-Name"><testcase classname="tests.test_gradients.TestPropertyBasedGradients" name="test_property_gradient_stability" time="846.600" /><testcase classname="tests.test_gradients.TestAdvancedGradients" name="test_gradient_flow_simulation" time="1.590" /></testsuite></testsuites>