<?xml version="1.0" encoding="utf-8"?><testsuites name="pytest tests"><testsuite name="pytest" errors="0" failures="0" skipped="5" tests="26" time="6.174" timestamp="2025-10-15T03:27:05.322392-07:00" hostname="ollie-System-Product-Name"><testcase classname="" name="tests.test_at_parallel_009" time="0.000"><skipped message="collection skipped">('/home/ollie/Documents/tmp/nanoBragg/tests/test_at_parallel_009.py', 24, 'Skipped: Skipping parallel validation tests. Set NB_RUN_PARALLEL=1 to run.')</skipped></testcase><testcase classname="tests.test_at_cli_001.TestAT_CLI_001" name="test_cli_help_short_flag" time="0.999" /><testcase classname="tests.test_at_cli_001.TestAT_CLI_001" name="test_cli_help_long_flag" time="0.988" /><testcase classname="tests.test_at_cli_001.TestAT_CLI_001" name="test_cli_invocable" time="0.002" /><testcase classname="tests.test_at_cli_001.TestAT_CLI_001" name="test_cli_help_includes_examples" time="0.996" /><testcase classname="tests.test_at_cli_001.TestAT_CLI_001" name="test_cli_help_includes_wavelength_synonyms" time="0.992" /><testcase classname="tests.test_at_cli_001.TestAT_CLI_001" name="test_cli_help_includes_output_synonyms" time="0.990" /><testcase classname="tests.test_at_flu_001.TestAT_FLU_001" name="test_fluence_calculation_from_flux_exposure_beamsize" time="0.000" /><testcase classname="tests.test_at_flu_001.TestAT_FLU_001" name="test_no_fluence_calculation_when_flux_zero" time="0.000" /><testcase classname="tests.test_at_flu_001.TestAT_FLU_001" name="test_no_fluence_calculation_when_exposure_zero" time="0.000" /><testcase classname="tests.test_at_flu_001.TestAT_FLU_001" name="test_fluence_calculation_with_beamsize_zero" time="0.000" /><testcase classname="tests.test_at_flu_001.TestAT_FLU_001" name="test_flux_recomputation_from_fluence_and_exposure" time="0.000" /><testcase classname="tests.test_at_flu_001.TestAT_FLU_001" name="test_sample_clipping_warning" time="0.002" /><testcase classname="tests.test_at_flu_001.TestAT_FLU_001" name="test_no_clipping_when_beamsize_larger" time="0.000" /><testcase classname="tests.test_at_flu_001.TestAT_FLU_001" name="test_no_clipping_when_beamsize_zero" time="0.000" /><testcase classname="tests.test_at_io_004.TestAT_IO_004" name="test_minimal_hkl_format" time="0.001" /><testcase classname="tests.test_at_io_004.TestAT_IO_004" name="test_five_column_with_phase" time="0.001" /><testcase classname="tests.test_at_io_004.TestAT_IO_004" name="test_six_column_with_sigma_and_phase" time="0.001" /><testcase classname="tests.test_at_io_004.TestAT_IO_004" name="test_negative_indices_handling" time="0.001" /><testcase classname="tests.test_at_io_004.TestAT_IO_004" name="test_all_formats_produce_same_pattern" time="0.011" /><testcase classname="tests.test_at_io_004.TestAT_IO_004" name="test_fdump_caching_for_all_formats" time="0.003" /><testcase classname="tests.test_at_io_004.TestAT_IO_004" name="test_comment_and_blank_line_handling" time="0.001" /><testcase classname="tests.test_at_parallel_020.TestATParallel020" name="test_comprehensive_integration" time="0.000"><skipped type="pytest.skip" message="NB_RUN_PARALLEL=1 not set (C-PyTorch validation tests disabled)">/home/ollie/Documents/tmp/nanoBragg/tests/test_at_parallel_020.py:280: NB_RUN_PARALLEL=1 not set (C-PyTorch validation tests disabled)</skipped></testcase><testcase classname="tests.test_at_parallel_020.TestATParallel020" name="test_comprehensive_without_absorption" time="0.000"><skipped type="pytest.skip" message="NB_RUN_PARALLEL=1 not set (C-PyTorch validation tests disabled)">/home/ollie/Documents/tmp/nanoBragg/tests/test_at_parallel_020.py:332: NB_RUN_PARALLEL=1 not set (C-PyTorch validation tests disabled)</skipped></testcase><testcase classname="tests.test_at_parallel_020.TestATParallel020" name="test_phi_rotation_only" time="0.000"><skipped type="pytest.skip" message="NB_RUN_PARALLEL=1 not set (C-PyTorch validation tests disabled)">/home/ollie/Documents/tmp/nanoBragg/tests/test_at_parallel_020.py:364: NB_RUN_PARALLEL=1 not set (C-PyTorch validation tests disabled)</skipped></testcase><testcase classname="tests.test_at_parallel_020.TestATParallel020" name="test_comprehensive_minimal_features" time="0.000"><skipped type="pytest.skip" message="NB_RUN_PARALLEL=1 not set (C-PyTorch validation tests disabled)">/home/ollie/Documents/tmp/nanoBragg/tests/test_at_parallel_020.py:399: NB_RUN_PARALLEL=1 not set (C-PyTorch validation tests disabled)</skipped></testcase></testsuite></testsuites>