<?xml version="1.0" encoding="utf-8"?><testsuites name="pytest tests"><testsuite name="pytest" errors="0" failures="0" skipped="6" tests="44" time="76.398" timestamp="2025-10-14T18:21:36.984539-07:00" hostname="ollie-System-Product-Name"><testcase classname="tests.test_at_cli_003.TestATCLI003" name="test_mosflm_default_pivot_beam" time="4.653" /><testcase classname="tests.test_at_cli_003.TestATCLI003" name="test_xds_default_pivot_sample" time="4.587" /><testcase classname="tests.test_at_cli_003.TestATCLI003" name="test_pivot_override_mosflm_to_sample" time="4.607" /><testcase classname="tests.test_at_cli_003.TestATCLI003" name="test_pivot_override_xds_to_beam" time="4.648" /><testcase classname="tests.test_at_cli_003.TestATCLI003" name="test_convention_header_keys_consistency" time="13.813" /><testcase classname="tests.test_at_geo_002" name="test_at_geo_002_setup_a_distance_only" time="0.000" /><testcase classname="tests.test_at_geo_002" name="test_at_geo_002_setup_b_close_distance_only" time="0.000" /><testcase classname="tests.test_at_geo_002" name="test_at_geo_002_setup_c_explicit_override" time="0.000" /><testcase classname="tests.test_at_geo_002" name="test_at_geo_002_setup_c_beam_override" time="0.000" /><testcase classname="tests.test_at_geo_002" name="test_at_geo_002_direct_instantiation" time="0.000" /><testcase classname="tests.test_at_parallel_001.TestATParallel001" name="test_beam_center_scales_with_detector_size[64]" time="0.000" /><testcase classname="tests.test_at_parallel_001.TestATParallel001" name="test_beam_center_scales_with_detector_size[128]" time="0.000" /><testcase classname="tests.test_at_parallel_001.TestATParallel001" name="test_beam_center_scales_with_detector_size[256]" time="0.000" /><testcase classname="tests.test_at_parallel_001.TestATParallel001" name="test_beam_center_scales_with_detector_size[512]" time="0.000" /><testcase classname="tests.test_at_parallel_001.TestATParallel001" name="test_beam_center_scales_with_detector_size[1024]" time="0.000" /><testcase classname="tests.test_at_parallel_001.TestATParallel001" name="test_peak_position_at_beam_center" time="1.649" /><testcase classname="tests.test_at_parallel_001.TestATParallel001" name="test_cli_beam_center_calculation" time="13.864" /><testcase classname="tests.test_at_parallel_001.TestATParallel001" name="test_intensity_scaling_with_solid_angle" time="0.663" /><testcase classname="tests.test_at_parallel_011.TestATParallel011PolarizationFactor" name="test_unpolarized_theory" time="0.641" /><testcase classname="tests.test_at_parallel_011.TestATParallel011PolarizationFactor" name="test_polarized_kahn_model" time="0.009" /><testcase classname="tests.test_at_parallel_011.TestATParallel011PolarizationFactor" name="test_c_pytorch_equivalence" time="0.000"><skipped type="pytest.skip" message="Parallel validation requires NB_RUN_PARALLEL=1 environment variable">/home/ollie/Documents/tmp/nanoBragg/tests/test_at_parallel_011.py:360: Parallel validation requires NB_RUN_PARALLEL=1 environment variable</skipped></testcase><testcase classname="tests.test_at_parallel_022.TestATParallel022" name="test_single_step_with_detector_rotations" time="0.000"><skipped type="pytest.skip" message="C binary not available">/home/ollie/Documents/tmp/nanoBragg/tests/test_at_parallel_022.py:188: C binary not available</skipped></testcase><testcase classname="tests.test_at_parallel_022.TestATParallel022" name="test_multi_step_with_detector_rotations" time="0.000"><skipped type="pytest.skip" message="C binary not available">/home/ollie/Documents/tmp/nanoBragg/tests/test_at_parallel_022.py:265: C binary not available</skipped></testcase><testcase classname="tests.test_at_parallel_022.TestATParallel022" name="test_large_detector_rotations" time="0.000"><skipped type="pytest.skip" message="C binary not available">/home/ollie/Documents/tmp/nanoBragg/tests/test_at_parallel_022.py:343: C binary not available</skipped></testcase><testcase classname="tests.test_at_perf_003.TestATPERF003MemoryBandwidth" name="test_peak_memory_usage" time="2.953" /><testcase classname="tests.test_at_perf_003.TestATPERF003MemoryBandwidth" name="test_float32_vs_float64_performance" time="4.163" /><testcase classname="tests.test_at_perf_003.TestATPERF003MemoryBandwidth" name="test_cache_friendly_access" time="0.339" /><testcase classname="tests.test_at_perf_003.TestATPERF003MemoryBandwidth" name="test_memory_bandwidth_utilization" time="1.218" /><testcase classname="tests.test_at_perf_003.TestATPERF003MemoryBandwidth" name="test_intermediate_tensor_optimization" time="0.016" /><testcase classname="tests.test_at_sam_001" name="test_at_sam_001_steps_normalization" time="1.241" /><testcase classname="tests.test_at_str_002" name="test_tricubic_interpolation_enabled" time="0.004" /><testcase classname="tests.test_at_str_002" name="test_tricubic_out_of_bounds_fallback" time="0.001" /><testcase classname="tests.test_at_str_002" name="test_auto_enable_interpolation" time="0.000" /><testcase classname="tests.test_custom_vectors.TestCustomVectors" name="test_custom_vectors_in_detector_config" time="0.000" /><testcase classname="tests.test_custom_vectors.TestCustomVectors" name="test_custom_vectors_in_detector" time="0.005" /><testcase classname="tests.test_custom_vectors.TestCustomVectors" name="test_cli_custom_vectors" time="4.593" /><testcase classname="tests.test_custom_vectors.TestCustomVectors" name="test_custom_convention_detection" time="4.593" /><testcase classname="tests.test_custom_vectors.TestCustomVectors" name="test_custom_spindle_axis" time="4.574" /><testcase classname="tests.test_multi_source_integration" name="test_multi_source_intensity_normalization" time="0.725" /><testcase classname="tests.test_trace_pixel.TestScalingTrace" name="test_scaling_trace_matches_physics[dtype0-cpu]" time="0.160" /><testcase classname="tests.test_trace_pixel.TestScalingTrace" name="test_scaling_trace_matches_physics[dtype0-cuda]" time="0.000"><skipped type="pytest.skip" message="CUDA not available">/home/ollie/Documents/tmp/nanoBragg/tests/test_trace_pixel.py:25: CUDA not available</skipped></testcase><testcase classname="tests.test_trace_pixel.TestScalingTrace" name="test_scaling_trace_matches_physics[dtype1-cpu]" time="0.147" /><testcase classname="tests.test_trace_pixel.TestScalingTrace" name="test_scaling_trace_matches_physics[dtype1-cuda]" time="0.000"><skipped type="pytest.skip" message="CUDA not available">/home/ollie/Documents/tmp/nanoBragg/tests/test_trace_pixel.py:25: CUDA not available</skipped></testcase><testcase classname="tests.test_trace_pixel.TestScalingTrace" name="test_scaling_trace_with_absorption[cpu]" time="0.008" /></testsuite></testsuites>