============================= test session starts ==============================
platform linux -- Python 3.13.5, pytest-8.4.1, pluggy-1.5.0 -- /home/ollie/miniconda3/bin/python3.13
cachedir: .pytest_cache
rootdir: /home/ollie/Documents/tmp/nanoBragg
configfile: pyproject.toml
plugins: anyio-4.9.0
collecting ... collected 2 items

tests/test_at_str_003.py::TestAT_STR_003_LatticeShapeModels::test_gauss_shape_model PASSED [ 50%]
tests/test_at_str_003.py::TestAT_STR_003_LatticeShapeModels::test_shape_model_comparison PASSED [100%]

============================== 2 passed in 1.94s ===============================
