============================= test session starts ==============================
platform linux -- Python 3.13.5, pytest-8.4.1, pluggy-1.5.0 -- /home/ollie/miniconda3/bin/python3.13
cachedir: .pytest_cache
rootdir: /home/ollie/Documents/tmp/nanoBragg
configfile: pyproject.toml
plugins: timeout-2.4.0, anyio-4.9.0
timeout: 300.0s
timeout method: signal
timeout func_only: True
collecting ... collected 1 item

tests/test_at_tools_001.py::TestAT_TOOLS_001_DualRunnerComparison::test_script_integration PASSED [100%]

============================== 1 passed in 10.05s ==============================
