============================= test session starts ==============================
platform linux -- Python 3.13.5, pytest-8.4.1, pluggy-1.5.0 -- /home/ollie/miniconda3/bin/python3.13
cachedir: .pytest_cache
rootdir: /home/ollie/Documents/tmp/nanoBragg
configfile: pyproject.toml
plugins: anyio-4.9.0
collecting ... ERROR: not found: /home/ollie/Documents/tmp/nanoBragg/tests/test_at_src_001_simple.py::test_sourcefile_dtype_propagation
(no match in any of [<Module test_at_src_001_simple.py>])

collected 0 items

============================ no tests ran in 0.83s =============================
