============================= test session starts ==============================
platform linux -- Python 3.13.5, pytest-8.4.1, pluggy-1.5.0 -- /home/ollie/miniconda3/bin/python3.13
cachedir: .pytest_cache
rootdir: /home/ollie/Documents/tmp/nanoBragg
configfile: pyproject.toml
plugins: anyio-4.9.0
collecting ... collected 14 items / 8 deselected / 6 selected

tests/test_gradients.py::TestAdvancedGradients::test_gradient_flow_simulation FAILED [ 16%]
tests/test_gradients.py::TestPropertyBasedGradients::test_property_metric_duality PASSED [ 33%]
tests/test_gradients.py::TestPropertyBasedGradients::test_property_volume_consistency PASSED [ 50%]
tests/test_gradients.py::TestPropertyBasedGradients::test_property_gradient_stability Command exited with non-zero status 124
elapsed=10:00.10
