<?xml version="1.0" encoding="utf-8"?><testsuites name="pytest tests"><testsuite name="pytest" errors="0" failures="0" skipped="9" tests="71" time="12.370" timestamp="2025-10-15T01:30:19.826512-07:00" hostname="ollie-System-Product-Name"><testcase classname="tests.test_at_abs_001.TestAT_ABS_001" name="test_absorption_disabled_when_zero[cpu]" time="0.009" /><testcase classname="tests.test_at_abs_001.TestAT_ABS_001" name="test_capture_fraction_calculation[False-cpu]" time="0.001" /><testcase classname="tests.test_at_abs_001.TestAT_ABS_001" name="test_capture_fraction_calculation[True-cpu]" time="0.001" /><testcase classname="tests.test_at_abs_001.TestAT_ABS_001" name="test_last_value_vs_accumulation_semantics[cpu]" time="0.006" /><testcase classname="tests.test_at_abs_001.TestAT_ABS_001" name="test_parallax_dependence[False-cpu]" time="0.007" /><testcase classname="tests.test_at_abs_001.TestAT_ABS_001" name="test_parallax_dependence[True-cpu]" time="0.006" /><testcase classname="tests.test_at_abs_001.TestAT_ABS_001" name="test_absorption_with_tilted_detector[False-cpu]" time="0.006" /><testcase classname="tests.test_at_abs_001.TestAT_ABS_001" name="test_absorption_with_tilted_detector[True-cpu]" time="0.006" /><testcase classname="tests.test_at_cli_009.TestATCLI009ErrorHandling" name="test_missing_hkl_and_fdump_with_default_f_zero" time="0.992" /><testcase classname="tests.test_at_cli_009.TestATCLI009ErrorHandling" name="test_missing_hkl_but_has_default_f" time="1.000" /><testcase classname="tests.test_at_cli_009.TestATCLI009ErrorHandling" name="test_missing_cell_parameters" time="0.992" /><testcase classname="tests.test_at_cli_009.TestATCLI009ErrorHandling" name="test_fdump_fallback" time="0.995" /><testcase classname="tests.test_at_cli_009.TestATCLI009ErrorHandling" name="test_help_message" time="0.993" /><testcase classname="tests.test_at_cli_009.TestATCLI009ErrorHandling" name="test_unsupported_flag_dispstep" time="0.979" /><testcase classname="tests.test_at_cli_009.TestATCLI009ErrorHandling" name="test_unsupported_flag_hdiv" time="0.987" /><testcase classname="tests.test_at_cli_009.TestATCLI009ErrorHandling" name="test_unsupported_flag_vdiv" time="0.991" /><testcase classname="tests.test_at_io_002.TestAT_IO_002" name="test_pgm_header_format" time="0.001" /><testcase classname="tests.test_at_io_002.TestAT_IO_002" name="test_pgm_pixel_scaling" time="0.001" /><testcase classname="tests.test_at_io_002.TestAT_IO_002" name="test_pgm_with_default_scale" time="0.000" /><testcase classname="tests.test_at_io_002.TestAT_IO_002" name="test_pgm_torch_tensor_input" time="0.001" /><testcase classname="tests.test_at_io_002.TestAT_IO_002" name="test_pgm_clipping_behavior" time="0.000" /><testcase classname="tests.test_at_parallel_007.TestATParallel007PeakPositionWithRotations" name="test_peak_positions_with_rotations" time="0.000"><skipped type="pytest.skip" message="Parallel C-PyTorch tests disabled (set NB_RUN_PARALLEL=1)">/home/ollie/Documents/tmp/nanoBragg/tests/test_at_parallel_007.py:244: Parallel C-PyTorch tests disabled (set NB_RUN_PARALLEL=1)</skipped></testcase><testcase classname="tests.test_at_parallel_007.TestATParallel007PeakPositionWithRotations" name="test_peak_intensity_ordering" time="0.000"><skipped type="pytest.skip" message="Parallel C-PyTorch tests disabled">/home/ollie/Documents/tmp/nanoBragg/tests/test_at_parallel_007.py:303: Parallel C-PyTorch tests disabled</skipped></testcase><testcase classname="tests.test_at_parallel_007.TestATParallel007PeakPositionWithRotations" name="test_rotation_effect_on_pattern" time="0.000"><skipped type="pytest.skip" message="Parallel C-PyTorch tests disabled">/home/ollie/Documents/tmp/nanoBragg/tests/test_at_parallel_007.py:335: Parallel C-PyTorch tests disabled</skipped></testcase><testcase classname="tests.test_at_parallel_017.TestATParallel017GrazingIncidence" name="test_large_detector_tilts" time="0.013" /><testcase classname="tests.test_at_parallel_017.TestATParallel017GrazingIncidence" name="test_large_twotheta" time="0.012" /><testcase classname="tests.test_at_parallel_017.TestATParallel017GrazingIncidence" name="test_combined_extreme_angles" time="0.006" /><testcase classname="tests.test_at_parallel_017.TestATParallel017GrazingIncidence" name="test_near_90_degree_incidence" time="0.005" /><testcase classname="tests.test_at_parallel_017.TestATParallel017GrazingIncidence" name="test_solid_angle_obliquity_corrections" time="0.002" /><testcase classname="tests.test_at_parallel_017.TestATParallel017GrazingIncidence" name="test_extreme_rotation_stability" time="0.003" /><testcase classname="tests.test_at_parallel_028.TestATParallel028PerformanceParity" name="test_cpu_performance_parity" time="0.000"><skipped type="pytest.skip" message="Performance tests disabled by default. Set NB_RUN_PERFORMANCE=1 to run.">/home/ollie/Documents/tmp/nanoBragg/tests/test_at_parallel_028.py:171: Performance tests disabled by default. Set NB_RUN_PERFORMANCE=1 to run.</skipped></testcase><testcase classname="tests.test_at_parallel_028.TestATParallel028PerformanceParity" name="test_gpu_performance_superiority" time="0.000"><skipped type="pytest.skip" message="Performance tests disabled by default. Set NB_RUN_PERFORMANCE=1 to run.">/home/ollie/Documents/tmp/nanoBragg/tests/test_at_parallel_028.py:204: Performance tests disabled by default. Set NB_RUN_PERFORMANCE=1 to run.</skipped></testcase><testcase classname="tests.test_at_parallel_028.TestATParallel028PerformanceParity" name="test_performance_measurement_validity" time="0.387" /><testcase classname="tests.test_at_pol_001.TestATPOL001KahnModel" name="test_polarization_factor_calculation" time="0.002" /><testcase classname="tests.test_at_pol_001.TestATPOL001KahnModel" name="test_nopolar_toggle" time="0.012" /><testcase classname="tests.test_at_pol_001.TestATPOL001KahnModel" name="test_oversample_polar_last_value_semantics" time="0.011" /><testcase classname="tests.test_at_pol_001.TestATPOL001KahnModel" name="test_polarization_with_tilted_detector" time="0.007" /><testcase classname="tests.test_at_pol_001.TestATPOL001KahnModel" name="test_polarization_factor_range" time="0.048" /><testcase classname="tests.test_at_src_002.TestAT_SRC_002" name="test_no_parameters_provided" time="0.000" /><testcase classname="tests.test_at_src_002.TestAT_SRC_002" name="test_only_step_provided" time="0.000" /><testcase classname="tests.test_at_src_002.TestAT_SRC_002" name="test_only_range_provided" time="0.000" /><testcase classname="tests.test_at_src_002.TestAT_SRC_002" name="test_only_count_provided_angles" time="0.000" /><testcase classname="tests.test_at_src_002.TestAT_SRC_002" name="test_only_count_provided_thickness" time="0.000" /><testcase classname="tests.test_at_src_002.TestAT_SRC_002" name="test_range_and_step_provided" time="0.000" /><testcase classname="tests.test_at_src_002.TestAT_SRC_002" name="test_count_and_range_provided" time="0.000" /><testcase classname="tests.test_at_src_002.TestAT_SRC_002" name="test_divergence_auto_selection" time="0.000" /><testcase classname="tests.test_at_src_002.TestAT_SRC_002" name="test_dispersion_auto_selection" time="0.000" /><testcase classname="tests.test_at_src_002.TestAT_SRC_002" name="test_thickness_auto_selection" time="0.000" /><testcase classname="tests.test_at_src_002.TestAT_SRC_002" name="test_all_parameters_provided" time="0.000" /><testcase classname="tests.test_at_src_002.TestAT_SRC_002" name="test_conflicting_parameters" time="0.000" /><testcase classname="tests.test_cli_scaling.TestMOSFLMCellVectors" name="test_mosflm_cell_vectors" time="0.001" /><testcase classname="tests.test_cli_scaling.TestFlattSquareMatchesC" name="test_f_latt_square_matches_c" time="0.000"><skipped type="pytest.skip" message="NB_RUN_PARALLEL=1 required for C↔PyTorch parity">/home/ollie/Documents/tmp/nanoBragg/tests/test_cli_scaling.py:144: NB_RUN_PARALLEL=1 required for C↔PyTorch parity</skipped></testcase><testcase classname="tests.test_cli_scaling.TestSourceWeights" name="test_source_weights_ignored_per_spec" time="2.018" /><testcase classname="tests.test_cli_scaling.TestSourceWeights" name="test_cli_lambda_overrides_sourcefile" time="0.019" /><testcase classname="tests.test_cli_scaling.TestSourceWeights" name="test_uniform_weights_ignored" time="0.000" /><testcase classname="tests.test_cli_scaling.TestSourceWeights" name="test_edge_case_zero_sum_accepted" time="0.000" /><testcase classname="tests.test_cli_scaling.TestSourceWeights" name="test_edge_case_negative_weights_accepted" time="0.000" /><testcase classname="tests.test_cli_scaling.TestSourceWeights" name="test_single_source_fallback" time="0.005" /><testcase classname="tests.test_cli_scaling.TestSourceWeightsDivergence" name="test_c_divergence_reference" time="0.000"><skipped type="pytest.skip" message="NB_RUN_PARALLEL=1 required">/home/ollie/Documents/tmp/nanoBragg/tests/test_cli_scaling.py:585: NB_RUN_PARALLEL=1 required</skipped></testcase><testcase classname="tests.test_cli_scaling.TestSourceWeightsDivergence" name="test_sourcefile_divergence_warning" time="0.015" /><testcase classname="tests.test_cli_scaling.TestHKLDevice" name="test_hkl_tensor_respects_device[cpu-float32]" time="0.259" /><testcase classname="tests.test_cli_scaling.TestHKLDevice" name="test_hkl_tensor_respects_device[cpu-float64]" time="0.253" /><testcase classname="tests.test_cli_scaling.TestHKLDevice" name="test_hkl_tensor_respects_device[cuda-float32]" time="0.000"><skipped type="pytest.skip" message="CUDA not available">/home/ollie/Documents/tmp/nanoBragg/tests/test_cli_scaling.py:776: CUDA not available</skipped></testcase><testcase classname="tests.test_cli_scaling.TestHKLDevice" name="test_hkl_tensor_respects_device[cuda-float64]" time="0.000"><skipped type="pytest.skip" message="CUDA not available">/home/ollie/Documents/tmp/nanoBragg/tests/test_cli_scaling.py:776: CUDA not available</skipped></testcase><testcase classname="tests.test_detector_pivots" name="test_beam_pivot_keeps_beam_indices_and_alignment" time="0.020" /><testcase classname="tests.test_detector_pivots" name="test_sample_pivot_moves_beam_indices_with_twotheta" time="0.016" /><testcase classname="tests.test_physics.TestPhysicsFunctions" name="test_sincg_against_c_value" time="0.001" /><testcase classname="tests.test_physics.TestPhysicsFunctions" name="test_sincg_fractional_miller_index" time="0.000" /><testcase classname="tests.test_physics.TestPhysicsFunctions" name="test_sincg_at_zero" time="0.000" /><testcase classname="tests.test_physics.TestPhysicsFunctions" name="test_sincg_vectorized" time="0.000" /><testcase classname="tests.test_physics.TestPhysicsFunctions" name="test_sincg_broadcast_N" time="0.000" /></testsuite></testsuites>