============================= test session starts ==============================
platform linux -- Python 3.13.5, pytest-8.4.1, pluggy-1.5.0 -- /home/ollie/miniconda3/bin/python3.13
cachedir: .pytest_cache
rootdir: /home/ollie/Documents/tmp/nanoBragg
configfile: pyproject.toml
plugins: anyio-4.9.0
collecting ... collected 2 items

tests/test_cli_scaling_phi0.py::TestPhiZeroParity::test_rot_b_matches_c PASSED [ 50%]
tests/test_cli_scaling_phi0.py::TestPhiZeroParity::test_k_frac_phi0_matches_c PASSED [100%]

============================== 2 passed in 2.05s ===============================
Exit code: 0
