<?xml version="1.0" encoding="utf-8"?><testsuites name="pytest tests"><testsuite name="pytest" errors="0" failures="0" skipped="0" tests="8" time="489.351" timestamp="2025-10-14T18:44:05.864705-07:00" hostname="ollie-System-Product-Name"><testcase classname="tests.test_gradients.TestCellParameterGradients" name="test_gradcheck_cell_a" time="38.895" /><testcase classname="tests.test_gradients.TestCellParameterGradients" name="test_gradcheck_cell_b" time="105.060" /><testcase classname="tests.test_gradients.TestCellParameterGradients" name="test_gradcheck_cell_c" time="58.846" /><testcase classname="tests.test_gradients.TestCellParameterGradients" name="test_gradcheck_cell_alpha" time="50.149" /><testcase classname="tests.test_gradients.TestCellParameterGradients" name="test_gradcheck_cell_beta" time="38.960" /><testcase classname="tests.test_gradients.TestCellParameterGradients" name="test_gradcheck_cell_gamma" time="39.040" /><testcase classname="tests.test_gradients.TestAdvancedGradients" name="test_joint_gradcheck" time="114.999" /><testcase classname="tests.test_gradients.TestAdvancedGradients" name="test_gradgradcheck_cell_params" time="42.568" /></testsuite></testsuites>