============================= test session starts ==============================
platform linux -- Python 3.13.5, pytest-8.4.1, pluggy-1.5.0 -- /home/ollie/miniconda3/bin/python3.13
cachedir: .pytest_cache
rootdir: /home/ollie/Documents/tmp/nanoBragg
configfile: pyproject.toml
plugins: anyio-4.9.0
collecting ... collected 16 items

tests/test_tricubic_vectorized.py::TestTricubicGather::test_vectorized_matches_scalar PASSED [  6%]
tests/test_tricubic_vectorized.py::TestTricubicGather::test_neighborhood_gathering_internals PASSED [ 12%]
tests/test_tricubic_vectorized.py::TestTricubicGather::test_oob_warning_single_fire ✓ Phase C2: OOB warning single-fire behavior validated
  - First OOB: warning printed, interpolation disabled, returned default_F=100.0
  - Second OOB: no warning, still returns default_F=100.0
  - In-bounds post-disable: uses fallback path, returns 50.0
PASSED [ 18%]
tests/test_tricubic_vectorized.py::TestTricubicGather::test_device_neutrality[cpu] PASSED [ 25%]
tests/test_tricubic_vectorized.py::TestTricubicGather::test_device_neutrality[cuda] PASSED [ 31%]
tests/test_tricubic_vectorized.py::TestTricubicPoly::test_polint_matches_scalar_batched PASSED [ 37%]
tests/test_tricubic_vectorized.py::TestTricubicPoly::test_polint_gradient_flow PASSED [ 43%]
tests/test_tricubic_vectorized.py::TestTricubicPoly::test_polin2_matches_scalar_batched PASSED [ 50%]
tests/test_tricubic_vectorized.py::TestTricubicPoly::test_polin2_gradient_flow PASSED [ 56%]
tests/test_tricubic_vectorized.py::TestTricubicPoly::test_polin3_matches_scalar_batched PASSED [ 62%]
tests/test_tricubic_vectorized.py::TestTricubicPoly::test_polin3_gradient_flow PASSED [ 68%]
tests/test_tricubic_vectorized.py::TestTricubicPoly::test_polin3_batch_shape_preserved PASSED [ 75%]
tests/test_tricubic_vectorized.py::TestTricubicPoly::test_polynomials_support_float64[dtype0] PASSED [ 81%]
tests/test_tricubic_vectorized.py::TestTricubicPoly::test_polynomials_support_float64[dtype1] PASSED [ 87%]
tests/test_tricubic_vectorized.py::TestTricubicPoly::test_polynomials_device_neutral[cpu] PASSED [ 93%]
tests/test_tricubic_vectorized.py::TestTricubicPoly::test_polynomials_device_neutral[cuda] PASSED [100%]

============================== 16 passed in 2.35s ==============================
